#-----------------------------------------------------------
# Vivado v2018.2 (64-bit)
# SW Build 2258646 on Thu Jun 14 20:03:12 MDT 2018
# IP Build 2256618 on Thu Jun 14 22:10:49 MDT 2018
# Start of session at: Wed May 14 14:07:36 2025
# Process ID: 2368
# Current directory: C:/Users/ASUS TUF/Documents/Vivado/Nano_Alts/Basic1
# Command line: vivado.exe -gui_launcher_event rodinguilauncherevent40916 C:\Users\ASUS TUF\Documents\Vivado\Nano_Alts\Basic1\Lab10.xpr
# Log file: C:/Users/ASUS TUF/Documents/Vivado/Nano_Alts/Basic1/vivado.log
# Journal file: C:/Users/ASUS TUF/Documents/Vivado/Nano_Alts/Basic1\vivado.jou
#-----------------------------------------------------------
start_gui
open_project {C:/Users/ASUS TUF/Documents/Vivado/Nano_Alts/Basic1/Lab10.xpr}
Scanning sources...
Finished scanning sources
INFO: [IP_Flow 19-234] Refreshing IP repositories
INFO: [IP_Flow 19-1704] No user IP repositories specified
INFO: [IP_Flow 19-2313] Loaded Vivado IP repository 'C:/Xilinx/Vivado/2018.2/data/ip'.
open_project: Time (s): cpu = 00:00:10 ; elapsed = 00:00:07 . Memory (MB): peak = 944.336 ; gain = 192.590
update_compile_order -fileset sources_1
open_run synth_1 -name synth_1
Design is defaulting to impl run constrset: constrs_1
Design is defaulting to synth run part: xc7a35tcpg236-1
INFO: [Netlist 29-17] Analyzing 10 Unisim elements for replacement
INFO: [Netlist 29-28] Unisim Transformation completed in 0 CPU seconds
INFO: [Project 1-479] Netlist was created with Vivado 2018.2
INFO: [Device 21-403] Loading part xc7a35tcpg236-1
INFO: [Project 1-570] Preparing netlist for logic optimization
Parsing XDC File [C:/Users/ASUS TUF/Documents/Vivado/Nano_Alts/Basic1/Lab10.srcs/constrs_1/imports/Basic/Basic_Constraints.xdc]
Finished Parsing XDC File [C:/Users/ASUS TUF/Documents/Vivado/Nano_Alts/Basic1/Lab10.srcs/constrs_1/imports/Basic/Basic_Constraints.xdc]
INFO: [Opt 31-138] Pushed 0 inverter(s) to 0 load pin(s).
INFO: [Project 1-111] Unisim Transformation Summary:
No Unisim elements were transformed.

open_run: Time (s): cpu = 00:00:14 ; elapsed = 00:00:10 . Memory (MB): peak = 1420.105 ; gain = 405.680
report_utilization -name utilization_1
report_utilization: Time (s): cpu = 00:00:06 ; elapsed = 00:00:02 . Memory (MB): peak = 1457.719 ; gain = 16.590
exit
INFO: [Common 17-206] Exiting Vivado at Wed May 14 14:43:26 2025...
