Vivado Simulator 2018.2
Copyright 1986-1999, 2001-2018 Xilinx, Inc. All Rights Reserved.
Running: C:/Xilinx/Vivado/2018.2/bin/unwrapped/win64.o/xelab.exe -wto a1583b26344940f9b507640dfaa62bca --incr --debug typical --relax --mt 2 -L xil_defaultlib -L secureip --snapshot Test_Comp_behav xil_defaultlib.Test_Comp -log elaborate.log 
Using 2 slave threads.
Starting static elaboration
Completed static elaboration
Starting simulation data flow analysis
Completed simulation data flow analysis
Time Resolution for simulation is 1ps
Compiling package std.standard
Compiling package std.textio
Compiling package ieee.std_logic_1164
Compiling package ieee.numeric_std
Compiling architecture behavioral of entity xil_defaultlib.Slow_Clk [\Slow_Clk(n=1)\]
Compiling architecture behavioral of entity xil_defaultlib.Register_PC [register_pc_default]
Compiling architecture behavioral of entity xil_defaultlib.PC_Inc [pc_inc_default]
Compiling architecture behavioral of entity xil_defaultlib.MUX2 [mux2_default]
Compiling architecture behavioral of entity xil_defaultlib.Instruction_Decoder [instruction_decoder_default]
Compiling architecture behavioral of entity xil_defaultlib.Load_Selector [load_selector_default]
Compiling architecture behavioral of entity xil_defaultlib.Decoder_8 [decoder_8_default]
Compiling architecture behavioral of entity xil_defaultlib.Register_4bit [register_4bit_default]
Compiling architecture behavioral of entity xil_defaultlib.Register_Bank [register_bank_default]
Compiling architecture behavioral of entity xil_defaultlib.MUX8 [mux8_default]
Compiling architecture behavioral of entity xil_defaultlib.HA [ha_default]
Compiling architecture behavioral of entity xil_defaultlib.FA [fa_default]
Compiling architecture behavioral of entity xil_defaultlib.RCA_4 [rca_4_default]
Compiling architecture behavioral of entity xil_defaultlib.AU [au_default]
Compiling architecture behavioral of entity xil_defaultlib.Program_ROM [program_rom_default]
Compiling architecture behavioral of entity xil_defaultlib.NanoProcessor [nanoprocessor_default]
Compiling architecture behavioral of entity xil_defaultlib.Display_Driver [display_driver_default]
Compiling architecture behavioral of entity xil_defaultlib.Computer [computer_default]
Compiling architecture behavioral of entity xil_defaultlib.test_comp
Built simulation snapshot Test_Comp_behav
