#-----------------------------------------------------------
# Vivado v2018.2 (64-bit)
# SW Build 2258646 on Thu Jun 14 20:03:12 MDT 2018
# IP Build 2256618 on Thu Jun 14 22:10:49 MDT 2018
# Start of session at: Wed May 14 01:17:25 2025
# Process ID: 24668
# Current directory: C:/Users/ASUS TUF/Documents/Vivado/Nano_Alts/Basic
# Command line: vivado.exe -gui_launcher_event rodinguilauncherevent26784 C:\Users\ASUS TUF\Documents\Vivado\Nano_Alts\Basic\Lab10.xpr
# Log file: C:/Users/ASUS TUF/Documents/Vivado/Nano_Alts/Basic/vivado.log
# Journal file: C:/Users/ASUS TUF/Documents/Vivado/Nano_Alts/Basic\vivado.jou
#-----------------------------------------------------------
start_gui
open_project {C:/Users/ASUS TUF/Documents/Vivado/Nano_Alts/Basic/Lab10.xpr}
Scanning sources...
Finished scanning sources
INFO: [IP_Flow 19-234] Refreshing IP repositories
INFO: [IP_Flow 19-1704] No user IP repositories specified
INFO: [IP_Flow 19-2313] Loaded Vivado IP repository 'C:/Xilinx/Vivado/2018.2/data/ip'.
open_project: Time (s): cpu = 00:00:10 ; elapsed = 00:00:05 . Memory (MB): peak = 987.641 ; gain = 241.434
update_compile_order -fileset sources_1
open_run synth_1 -name synth_1
Design is defaulting to impl run constrset: constrs_1
Design is defaulting to synth run part: xc7a35tcpg236-1
INFO: [Netlist 29-17] Analyzing 10 Unisim elements for replacement
INFO: [Netlist 29-28] Unisim Transformation completed in 0 CPU seconds
INFO: [Project 1-479] Netlist was created with Vivado 2018.2
INFO: [Device 21-403] Loading part xc7a35tcpg236-1
INFO: [Project 1-570] Preparing netlist for logic optimization
Parsing XDC File [C:/Users/ASUS TUF/Documents/Vivado/Nano_Alts/Basic/Lab10.srcs/constrs_1/imports/Basic/Basic_Constraints.xdc]
WARNING: [Vivado 12-584] No ports matched 'data[4]'. [C:/Users/ASUS TUF/Documents/Vivado/Nano_Alts/Basic/Lab10.srcs/constrs_1/imports/Basic/Basic_Constraints.xdc:55]
CRITICAL WARNING: [Common 17-55] 'set_property' expects at least one object. [C:/Users/ASUS TUF/Documents/Vivado/Nano_Alts/Basic/Lab10.srcs/constrs_1/imports/Basic/Basic_Constraints.xdc:55]
Resolution: If [get_<value>] was used to populate the object, check to make sure this command returns at least one valid object.
WARNING: [Vivado 12-584] No ports matched 'data[4]'. [C:/Users/ASUS TUF/Documents/Vivado/Nano_Alts/Basic/Lab10.srcs/constrs_1/imports/Basic/Basic_Constraints.xdc:56]
CRITICAL WARNING: [Common 17-55] 'set_property' expects at least one object. [C:/Users/ASUS TUF/Documents/Vivado/Nano_Alts/Basic/Lab10.srcs/constrs_1/imports/Basic/Basic_Constraints.xdc:56]
Resolution: If [get_<value>] was used to populate the object, check to make sure this command returns at least one valid object.
Finished Parsing XDC File [C:/Users/ASUS TUF/Documents/Vivado/Nano_Alts/Basic/Lab10.srcs/constrs_1/imports/Basic/Basic_Constraints.xdc]
INFO: [Opt 31-138] Pushed 0 inverter(s) to 0 load pin(s).
INFO: [Project 1-111] Unisim Transformation Summary:
No Unisim elements were transformed.

open_run: Time (s): cpu = 00:00:12 ; elapsed = 00:00:09 . Memory (MB): peak = 1395.395 ; gain = 405.750
reset_run synth_1
launch_runs synth_1 -jobs 8
[Wed May 14 01:19:57 2025] Launched synth_1...
Run output will be captured here: C:/Users/ASUS TUF/Documents/Vivado/Nano_Alts/Basic/Lab10.runs/synth_1/runme.log
launch_runs impl_1 -jobs 8
WARNING: [Project 1-478] Design 'synth_1' is stale and will not be used when launching 'impl_1'
[Wed May 14 01:20:38 2025] Launched impl_1...
Run output will be captured here: C:/Users/ASUS TUF/Documents/Vivado/Nano_Alts/Basic/Lab10.runs/impl_1/runme.log
launch_runs impl_1 -to_step write_bitstream -jobs 8
[Wed May 14 01:22:01 2025] Launched impl_1...
Run output will be captured here: C:/Users/ASUS TUF/Documents/Vivado/Nano_Alts/Basic/Lab10.runs/impl_1/runme.log
report_utilization -name utilization_1
report_utilization: Time (s): cpu = 00:00:04 ; elapsed = 00:00:01 . Memory (MB): peak = 1849.137 ; gain = 16.762
reset_run synth_1
launch_runs synth_1 -jobs 8
[Wed May 14 01:24:18 2025] Launched synth_1...
Run output will be captured here: C:/Users/ASUS TUF/Documents/Vivado/Nano_Alts/Basic/Lab10.runs/synth_1/runme.log
launch_simulation
INFO: [Vivado 12-5682] Launching behavioral simulation in 'C:/Users/ASUS TUF/Documents/Vivado/Nano_Alts/Basic/Lab10.sim/sim_1/behav/xsim'
INFO: [SIM-utils-51] Simulation object is 'sim_1'
INFO: [SIM-utils-54] Inspecting design source files for 'Test_Comp' in fileset 'sim_1'...
INFO: [USF-XSim-97] Finding global include files...
INFO: [USF-XSim-98] Fetching design files from 'sim_1'...
INFO: [USF-XSim-2] XSim::Compile design
INFO: [USF-XSim-61] Executing 'COMPILE and ANALYZE' step in 'C:/Users/ASUS TUF/Documents/Vivado/Nano_Alts/Basic/Lab10.sim/sim_1/behav/xsim'
"xvhdl --incr --relax -prj Test_Comp_vhdl.prj"
INFO: [VRFC 10-163] Analyzing VHDL file "C:/Users/ASUS TUF/Documents/Vivado/Nano_Alts/Basic/Lab10.srcs/sources_1/new/Computer.vhd" into library xil_defaultlib
INFO: [VRFC 10-307] analyzing entity Computer
INFO: [VRFC 10-163] Analyzing VHDL file "C:/Users/ASUS TUF/Documents/Vivado/Nano_Alts/Basic/Lab10.srcs/sources_1/new/NanoProcessor.vhd" into library xil_defaultlib
INFO: [VRFC 10-307] analyzing entity NanoProcessor
INFO: [USF-XSim-69] 'compile' step finished in '2' seconds
INFO: [USF-XSim-3] XSim::Elaborate design
INFO: [USF-XSim-61] Executing 'ELABORATE' step in 'C:/Users/ASUS TUF/Documents/Vivado/Nano_Alts/Basic/Lab10.sim/sim_1/behav/xsim'
Vivado Simulator 2018.2
Copyright 1986-1999, 2001-2018 Xilinx, Inc. All Rights Reserved.
Running: C:/Xilinx/Vivado/2018.2/bin/unwrapped/win64.o/xelab.exe -wto a1583b26344940f9b507640dfaa62bca --incr --debug typical --relax --mt 2 -L xil_defaultlib -L secureip --snapshot Test_Comp_behav xil_defaultlib.Test_Comp -log elaborate.log 
Using 2 slave threads.
Starting static elaboration
Completed static elaboration
Starting simulation data flow analysis
Completed simulation data flow analysis
Time Resolution for simulation is 1ps
Compiling package std.standard
Compiling package std.textio
Compiling package ieee.std_logic_1164
Compiling package ieee.numeric_std
Compiling architecture behavioral of entity xil_defaultlib.Slow_Clk [slow_clk_default]
Compiling architecture behavioral of entity xil_defaultlib.Register_PC [register_pc_default]
Compiling architecture behavioral of entity xil_defaultlib.PC_Inc [pc_inc_default]
Compiling architecture behavioral of entity xil_defaultlib.MUX2 [mux2_default]
Compiling architecture behavioral of entity xil_defaultlib.Instruction_Decoder [instruction_decoder_default]
Compiling architecture behavioral of entity xil_defaultlib.Load_Selector [load_selector_default]
Compiling architecture behavioral of entity xil_defaultlib.Decoder_8 [decoder_8_default]
Compiling architecture behavioral of entity xil_defaultlib.Register_4bit [register_4bit_default]
Compiling architecture behavioral of entity xil_defaultlib.Register_Bank [register_bank_default]
Compiling architecture behavioral of entity xil_defaultlib.MUX8 [mux8_default]
Compiling architecture behavioral of entity xil_defaultlib.HA [ha_default]
Compiling architecture behavioral of entity xil_defaultlib.FA [fa_default]
Compiling architecture behavioral of entity xil_defaultlib.RCA_4 [rca_4_default]
Compiling architecture behavioral of entity xil_defaultlib.AU [au_default]
Compiling architecture behavioral of entity xil_defaultlib.Program_ROM [program_rom_default]
Compiling architecture behavioral of entity xil_defaultlib.NanoProcessor [nanoprocessor_default]
Compiling architecture behavioral of entity xil_defaultlib.Display_Driver [display_driver_default]
Compiling architecture behavioral of entity xil_defaultlib.Computer [computer_default]
Compiling architecture behavioral of entity xil_defaultlib.test_comp
Built simulation snapshot Test_Comp_behav

****** Webtalk v2018.2 (64-bit)
  **** SW Build 2258646 on Thu Jun 14 20:03:12 MDT 2018
  **** IP Build 2256618 on Thu Jun 14 22:10:49 MDT 2018
    ** Copyright 1986-2018 Xilinx, Inc. All Rights Reserved.

source C:/Users/ASUS -notrace
couldn't read file "C:/Users/ASUS": no such file or directory
INFO: [Common 17-206] Exiting Webtalk at Wed May 14 01:26:10 2025...
INFO: [USF-XSim-69] 'elaborate' step finished in '3' seconds
INFO: [USF-XSim-4] XSim::Simulate design
INFO: [USF-XSim-61] Executing 'SIMULATE' step in 'C:/Users/ASUS TUF/Documents/Vivado/Nano_Alts/Basic/Lab10.sim/sim_1/behav/xsim'
INFO: [USF-XSim-98] *** Running xsim
   with args "Test_Comp_behav -key {Behavioral:sim_1:Functional:Test_Comp} -tclbatch {Test_Comp.tcl} -view {{C:/Users/ASUS TUF/Documents/Vivado/Nano_Alts/Basic/Test_Comp_behav.wcfg}} -log {simulate.log}"
INFO: [USF-XSim-8] Loading simulator feature
Vivado Simulator 2018.2
Time resolution is 1 ps
open_wave_config {C:/Users/ASUS TUF/Documents/Vivado/Nano_Alts/Basic/Test_Comp_behav.wcfg}
source Test_Comp.tcl
# set curr_wave [current_wave_config]
# if { [string length $curr_wave] == 0 } {
#   if { [llength [get_objects]] > 0} {
#     add_wave /
#     set_property needs_save false [current_wave_config]
#   } else {
#      send_msg_id Add_Wave-1 WARNING "No top level signals found. Simulator will start without a wave window. If you want to open a wave window go to 'File->New Waveform Configuration' or type 'create_wave_config' in the TCL console."
#   }
# }
# run 1000ns
INFO: [USF-XSim-96] XSim completed. Design snapshot 'Test_Comp_behav' loaded.
INFO: [USF-XSim-97] XSim simulation ran for 1000ns
launch_simulation: Time (s): cpu = 00:00:07 ; elapsed = 00:00:11 . Memory (MB): peak = 1873.730 ; gain = 14.820
close_sim
INFO: [Simtcl 6-16] Simulation closed
launch_simulation
INFO: [Vivado 12-5682] Launching behavioral simulation in 'C:/Users/ASUS TUF/Documents/Vivado/Nano_Alts/Basic/Lab10.sim/sim_1/behav/xsim'
INFO: [SIM-utils-51] Simulation object is 'sim_1'
INFO: [SIM-utils-54] Inspecting design source files for 'Test_Comp' in fileset 'sim_1'...
INFO: [USF-XSim-97] Finding global include files...
INFO: [USF-XSim-98] Fetching design files from 'sim_1'...
INFO: [USF-XSim-2] XSim::Compile design
INFO: [USF-XSim-61] Executing 'COMPILE and ANALYZE' step in 'C:/Users/ASUS TUF/Documents/Vivado/Nano_Alts/Basic/Lab10.sim/sim_1/behav/xsim'
"xvhdl --incr --relax -prj Test_Comp_vhdl.prj"
INFO: [USF-XSim-69] 'compile' step finished in '2' seconds
INFO: [USF-XSim-3] XSim::Elaborate design
INFO: [USF-XSim-61] Executing 'ELABORATE' step in 'C:/Users/ASUS TUF/Documents/Vivado/Nano_Alts/Basic/Lab10.sim/sim_1/behav/xsim'
Vivado Simulator 2018.2
Copyright 1986-1999, 2001-2018 Xilinx, Inc. All Rights Reserved.
Running: C:/Xilinx/Vivado/2018.2/bin/unwrapped/win64.o/xelab.exe -wto a1583b26344940f9b507640dfaa62bca --incr --debug typical --relax --mt 2 -L xil_defaultlib -L secureip --snapshot Test_Comp_behav xil_defaultlib.Test_Comp -log elaborate.log 
Using 2 slave threads.
Starting static elaboration
Completed static elaboration
INFO: [XSIM 43-4323] No Change in HDL. Linking previously generated obj files to create kernel
INFO: [USF-XSim-69] 'elaborate' step finished in '1' seconds
INFO: [USF-XSim-4] XSim::Simulate design
INFO: [USF-XSim-61] Executing 'SIMULATE' step in 'C:/Users/ASUS TUF/Documents/Vivado/Nano_Alts/Basic/Lab10.sim/sim_1/behav/xsim'
INFO: [USF-XSim-98] *** Running xsim
   with args "Test_Comp_behav -key {Behavioral:sim_1:Functional:Test_Comp} -tclbatch {Test_Comp.tcl} -view {{C:/Users/ASUS TUF/Documents/Vivado/Nano_Alts/Basic/Test_Comp_behav.wcfg}} -log {simulate.log}"
INFO: [USF-XSim-8] Loading simulator feature
Vivado Simulator 2018.2
Time resolution is 1 ps
open_wave_config {C:/Users/ASUS TUF/Documents/Vivado/Nano_Alts/Basic/Test_Comp_behav.wcfg}
source Test_Comp.tcl
# set curr_wave [current_wave_config]
# if { [string length $curr_wave] == 0 } {
#   if { [llength [get_objects]] > 0} {
#     add_wave /
#     set_property needs_save false [current_wave_config]
#   } else {
#      send_msg_id Add_Wave-1 WARNING "No top level signals found. Simulator will start without a wave window. If you want to open a wave window go to 'File->New Waveform Configuration' or type 'create_wave_config' in the TCL console."
#   }
# }
# run 1000ns
INFO: [USF-XSim-96] XSim completed. Design snapshot 'Test_Comp_behav' loaded.
INFO: [USF-XSim-97] XSim simulation ran for 1000ns
launch_simulation: Time (s): cpu = 00:00:03 ; elapsed = 00:00:06 . Memory (MB): peak = 1880.875 ; gain = 0.000
close_sim
INFO: [Simtcl 6-16] Simulation closed
launch_simulation
INFO: [Vivado 12-5682] Launching behavioral simulation in 'C:/Users/ASUS TUF/Documents/Vivado/Nano_Alts/Basic/Lab10.sim/sim_1/behav/xsim'
INFO: [SIM-utils-51] Simulation object is 'sim_1'
INFO: [SIM-utils-54] Inspecting design source files for 'Test_Comp' in fileset 'sim_1'...
INFO: [USF-XSim-97] Finding global include files...
INFO: [USF-XSim-98] Fetching design files from 'sim_1'...
INFO: [USF-XSim-2] XSim::Compile design
INFO: [USF-XSim-61] Executing 'COMPILE and ANALYZE' step in 'C:/Users/ASUS TUF/Documents/Vivado/Nano_Alts/Basic/Lab10.sim/sim_1/behav/xsim'
"xvhdl --incr --relax -prj Test_Comp_vhdl.prj"
INFO: [VRFC 10-163] Analyzing VHDL file "C:/Users/ASUS TUF/Documents/Vivado/Nano_Alts/Basic/Lab10.srcs/sources_1/new/Computer.vhd" into library xil_defaultlib
INFO: [VRFC 10-307] analyzing entity Computer
INFO: [USF-XSim-69] 'compile' step finished in '2' seconds
INFO: [USF-XSim-3] XSim::Elaborate design
INFO: [USF-XSim-61] Executing 'ELABORATE' step in 'C:/Users/ASUS TUF/Documents/Vivado/Nano_Alts/Basic/Lab10.sim/sim_1/behav/xsim'
Vivado Simulator 2018.2
Copyright 1986-1999, 2001-2018 Xilinx, Inc. All Rights Reserved.
Running: C:/Xilinx/Vivado/2018.2/bin/unwrapped/win64.o/xelab.exe -wto a1583b26344940f9b507640dfaa62bca --incr --debug typical --relax --mt 2 -L xil_defaultlib -L secureip --snapshot Test_Comp_behav xil_defaultlib.Test_Comp -log elaborate.log 
Using 2 slave threads.
Starting static elaboration
Completed static elaboration
Starting simulation data flow analysis
Completed simulation data flow analysis
Time Resolution for simulation is 1ps
Compiling package std.standard
Compiling package std.textio
Compiling package ieee.std_logic_1164
Compiling package ieee.numeric_std
Compiling architecture behavioral of entity xil_defaultlib.Slow_Clk [\Slow_Clk(n=1)\]
Compiling architecture behavioral of entity xil_defaultlib.Register_PC [register_pc_default]
Compiling architecture behavioral of entity xil_defaultlib.PC_Inc [pc_inc_default]
Compiling architecture behavioral of entity xil_defaultlib.MUX2 [mux2_default]
Compiling architecture behavioral of entity xil_defaultlib.Instruction_Decoder [instruction_decoder_default]
Compiling architecture behavioral of entity xil_defaultlib.Load_Selector [load_selector_default]
Compiling architecture behavioral of entity xil_defaultlib.Decoder_8 [decoder_8_default]
Compiling architecture behavioral of entity xil_defaultlib.Register_4bit [register_4bit_default]
Compiling architecture behavioral of entity xil_defaultlib.Register_Bank [register_bank_default]
Compiling architecture behavioral of entity xil_defaultlib.MUX8 [mux8_default]
Compiling architecture behavioral of entity xil_defaultlib.HA [ha_default]
Compiling architecture behavioral of entity xil_defaultlib.FA [fa_default]
Compiling architecture behavioral of entity xil_defaultlib.RCA_4 [rca_4_default]
Compiling architecture behavioral of entity xil_defaultlib.AU [au_default]
Compiling architecture behavioral of entity xil_defaultlib.Program_ROM [program_rom_default]
Compiling architecture behavioral of entity xil_defaultlib.NanoProcessor [nanoprocessor_default]
Compiling architecture behavioral of entity xil_defaultlib.Display_Driver [display_driver_default]
Compiling architecture behavioral of entity xil_defaultlib.Computer [computer_default]
Compiling architecture behavioral of entity xil_defaultlib.test_comp
Built simulation snapshot Test_Comp_behav
INFO: [USF-XSim-69] 'elaborate' step finished in '2' seconds
INFO: [USF-XSim-4] XSim::Simulate design
INFO: [USF-XSim-61] Executing 'SIMULATE' step in 'C:/Users/ASUS TUF/Documents/Vivado/Nano_Alts/Basic/Lab10.sim/sim_1/behav/xsim'
INFO: [USF-XSim-98] *** Running xsim
   with args "Test_Comp_behav -key {Behavioral:sim_1:Functional:Test_Comp} -tclbatch {Test_Comp.tcl} -view {{C:/Users/ASUS TUF/Documents/Vivado/Nano_Alts/Basic/Test_Comp_behav.wcfg}} -log {simulate.log}"
INFO: [USF-XSim-8] Loading simulator feature
Vivado Simulator 2018.2
Time resolution is 1 ps
open_wave_config {C:/Users/ASUS TUF/Documents/Vivado/Nano_Alts/Basic/Test_Comp_behav.wcfg}
source Test_Comp.tcl
# set curr_wave [current_wave_config]
# if { [string length $curr_wave] == 0 } {
#   if { [llength [get_objects]] > 0} {
#     add_wave /
#     set_property needs_save false [current_wave_config]
#   } else {
#      send_msg_id Add_Wave-1 WARNING "No top level signals found. Simulator will start without a wave window. If you want to open a wave window go to 'File->New Waveform Configuration' or type 'create_wave_config' in the TCL console."
#   }
# }
# run 1000ns
INFO: [USF-XSim-96] XSim completed. Design snapshot 'Test_Comp_behav' loaded.
INFO: [USF-XSim-97] XSim simulation ran for 1000ns
launch_simulation: Time (s): cpu = 00:00:01 ; elapsed = 00:00:07 . Memory (MB): peak = 1881.180 ; gain = 0.305
reset_run synth_1
WARNING: [Vivado 12-1017] Problems encountered:
1. Failed to delete one or more files in run directory C:/Users/ASUS TUF/Documents/Vivado/Nano_Alts/Basic/Lab10.runs/synth_1

launch_runs synth_1 -jobs 8
[Wed May 14 01:29:05 2025] Launched synth_1...
Run output will be captured here: C:/Users/ASUS TUF/Documents/Vivado/Nano_Alts/Basic/Lab10.runs/synth_1/runme.log
launch_runs impl_1 -jobs 8
WARNING: [Project 1-478] Design 'synth_1' is stale and will not be used when launching 'impl_1'
[Wed May 14 01:29:44 2025] Launched impl_1...
Run output will be captured here: C:/Users/ASUS TUF/Documents/Vivado/Nano_Alts/Basic/Lab10.runs/impl_1/runme.log
report_utilization -name utilization_2
report_utilization: Time (s): cpu = 00:00:03 ; elapsed = 00:00:01 . Memory (MB): peak = 1888.297 ; gain = 0.000
launch_runs impl_1 -to_step write_bitstream -jobs 8
[Wed May 14 01:31:54 2025] Launched impl_1...
Run output will be captured here: C:/Users/ASUS TUF/Documents/Vivado/Nano_Alts/Basic/Lab10.runs/impl_1/runme.log
close_sim
INFO: [Simtcl 6-16] Simulation closed
exit
INFO: [Common 17-206] Exiting Vivado at Wed May 14 01:33:09 2025...
