#-----------------------------------------------------------
# Vivado v2018.2 (64-bit)
# SW Build 2258646 on Thu Jun 14 20:03:12 MDT 2018
# IP Build 2256618 on Thu Jun 14 22:10:49 MDT 2018
# Start of session at: Wed May 14 12:32:24 2025
# Process ID: 41396
# Current directory: C:/Users/ASUS TUF/Documents/Vivado/Nano_Alts/Level1
# Command line: vivado.exe -gui_launcher_event rodinguilauncherevent35560 C:\Users\ASUS TUF\Documents\Vivado\Nano_Alts\Level1\Lab10.xpr
# Log file: C:/Users/ASUS TUF/Documents/Vivado/Nano_Alts/Level1/vivado.log
# Journal file: C:/Users/ASUS TUF/Documents/Vivado/Nano_Alts/Level1\vivado.jou
#-----------------------------------------------------------
start_gui
open_project {C:/Users/ASUS TUF/Documents/Vivado/Nano_Alts/Level1/Lab10.xpr}
INFO: [Project 1-313] Project file moved from 'C:/Users/ASUS TUF/Documents/Vivado/Nano_Alts/Basic' since last save.
Scanning sources...
Finished scanning sources
INFO: [IP_Flow 19-234] Refreshing IP repositories
INFO: [IP_Flow 19-1704] No user IP repositories specified
INFO: [IP_Flow 19-2313] Loaded Vivado IP repository 'C:/Xilinx/Vivado/2018.2/data/ip'.
update_compile_order -fileset sources_1
update_compile_order -fileset sources_1
update_compile_order -fileset sources_1
reset_run synth_1
launch_runs synth_1 -jobs 8
[Wed May 14 12:50:23 2025] Launched synth_1...
Run output will be captured here: C:/Users/ASUS TUF/Documents/Vivado/Nano_Alts/Level1/Lab10.runs/synth_1/runme.log
reset_run synth_1
launch_runs synth_1 -jobs 8
[Wed May 14 12:53:43 2025] Launched synth_1...
Run output will be captured here: C:/Users/ASUS TUF/Documents/Vivado/Nano_Alts/Level1/Lab10.runs/synth_1/runme.log
launch_runs impl_1 -jobs 8
[Wed May 14 12:54:18 2025] Launched impl_1...
Run output will be captured here: C:/Users/ASUS TUF/Documents/Vivado/Nano_Alts/Level1/Lab10.runs/impl_1/runme.log
open_run synth_1 -name synth_1
Design is defaulting to impl run constrset: constrs_1
Design is defaulting to synth run part: xc7a35tcpg236-1
INFO: [Netlist 29-17] Analyzing 13 Unisim elements for replacement
INFO: [Netlist 29-28] Unisim Transformation completed in 1 CPU seconds
INFO: [Project 1-479] Netlist was created with Vivado 2018.2
INFO: [Device 21-403] Loading part xc7a35tcpg236-1
INFO: [Project 1-570] Preparing netlist for logic optimization
Parsing XDC File [C:/Users/ASUS TUF/Documents/Vivado/Nano_Alts/Level1/Lab10.srcs/constrs_1/imports/Basic/Basic_Constraints.xdc]
Finished Parsing XDC File [C:/Users/ASUS TUF/Documents/Vivado/Nano_Alts/Level1/Lab10.srcs/constrs_1/imports/Basic/Basic_Constraints.xdc]
INFO: [Opt 31-138] Pushed 0 inverter(s) to 0 load pin(s).
INFO: [Project 1-111] Unisim Transformation Summary:
No Unisim elements were transformed.

open_run: Time (s): cpu = 00:00:13 ; elapsed = 00:00:09 . Memory (MB): peak = 1463.320 ; gain = 418.242
reset_run synth_1
launch_runs synth_1 -jobs 8
[Wed May 14 12:55:38 2025] Launched synth_1...
Run output will be captured here: C:/Users/ASUS TUF/Documents/Vivado/Nano_Alts/Level1/Lab10.runs/synth_1/runme.log
launch_runs impl_1 -jobs 8
WARNING: [Project 1-478] Design 'synth_1' is stale and will not be used when launching 'impl_1'
[Wed May 14 12:56:18 2025] Launched impl_1...
Run output will be captured here: C:/Users/ASUS TUF/Documents/Vivado/Nano_Alts/Level1/Lab10.runs/impl_1/runme.log
report_utilization -name utilization_1
report_utilization: Time (s): cpu = 00:00:05 ; elapsed = 00:00:02 . Memory (MB): peak = 1903.516 ; gain = 0.000
launch_runs impl_1 -to_step write_bitstream -jobs 8
[Wed May 14 12:57:25 2025] Launched impl_1...
Run output will be captured here: C:/Users/ASUS TUF/Documents/Vivado/Nano_Alts/Level1/Lab10.runs/impl_1/runme.log
open_hw
connect_hw_server
INFO: [Labtools 27-2285] Connecting to hw_server url TCP:localhost:3121
INFO: [Labtools 27-2222] Launching hw_server...
INFO: [Labtools 27-2221] Launch Output:

****** Xilinx hw_server v2018.2
  **** Build date : Jun 14 2018-20:42:52
    ** Copyright 1986-2018 Xilinx, Inc. All Rights Reserved.


open_hw_target
INFO: [Labtoolstcl 44-466] Opening hw_target localhost:3121/xilinx_tcf/Digilent/210183A8AD3EA
set_property PROGRAM.FILE {C:/Users/ASUS TUF/Documents/Vivado/Nano_Alts/Level1/Lab10.runs/impl_1/Computer.bit} [get_hw_devices xc7a35t_0]
current_hw_device [get_hw_devices xc7a35t_0]
refresh_hw_device -update_hw_probes false [lindex [get_hw_devices xc7a35t_0] 0]
INFO: [Labtools 27-1435] Device xc7a35t (JTAG device index = 0) is not programmed (DONE status = 0).
set_property PROBES.FILE {} [get_hw_devices xc7a35t_0]
set_property FULL_PROBES.FILE {} [get_hw_devices xc7a35t_0]
set_property PROGRAM.FILE {C:/Users/ASUS TUF/Documents/Vivado/Nano_Alts/Level1/Lab10.runs/impl_1/Computer.bit} [get_hw_devices xc7a35t_0]
program_hw_devices [get_hw_devices xc7a35t_0]
INFO: [Labtools 27-3164] End of startup status: HIGH
refresh_hw_device [lindex [get_hw_devices xc7a35t_0] 0]
INFO: [Labtools 27-1434] Device xc7a35t (JTAG device index = 0) is programmed with a design that has no supported debug core(s) in it.
WARNING: [Labtools 27-3361] The debug hub core was not detected.
Resolution: 
1. Make sure the clock connected to the debug hub (dbg_hub) core is a free running clock and is active.
2. Make sure the BSCAN_SWITCH_USER_MASK device property in Vivado Hardware Manager reflects the user scan chain setting in the design and refresh the device.  To determine the user scan chain setting in the design, open the implemented design and use 'get_property C_USER_SCAN_CHAIN [get_debug_cores dbg_hub]'.
For more details on setting the scan chain property, consult the Vivado Debug and Programming User Guide (UG908).
reset_run impl_1
launch_runs impl_1 -jobs 8
WARNING: [Project 1-478] Design 'synth_1' is stale and will not be used when launching 'impl_1'
[Wed May 14 13:00:15 2025] Launched impl_1...
Run output will be captured here: C:/Users/ASUS TUF/Documents/Vivado/Nano_Alts/Level1/Lab10.runs/impl_1/runme.log
reset_run synth_1
launch_runs impl_1 -to_step write_bitstream -jobs 8
WARNING: [Project 1-478] Design 'synth_1' is stale and will not be used when launching 'impl_1'
[Wed May 14 13:01:25 2025] Launched synth_1...
Run output will be captured here: C:/Users/ASUS TUF/Documents/Vivado/Nano_Alts/Level1/Lab10.runs/synth_1/runme.log
[Wed May 14 13:01:25 2025] Launched impl_1...
Run output will be captured here: C:/Users/ASUS TUF/Documents/Vivado/Nano_Alts/Level1/Lab10.runs/impl_1/runme.log
set_property PROBES.FILE {} [get_hw_devices xc7a35t_0]
set_property FULL_PROBES.FILE {} [get_hw_devices xc7a35t_0]
set_property PROGRAM.FILE {C:/Users/ASUS TUF/Documents/Vivado/Nano_Alts/Level1/Lab10.runs/impl_1/Computer.bit} [get_hw_devices xc7a35t_0]
program_hw_devices [get_hw_devices xc7a35t_0]
INFO: [Labtools 27-3164] End of startup status: HIGH
refresh_hw_device [lindex [get_hw_devices xc7a35t_0] 0]
INFO: [Labtools 27-1434] Device xc7a35t (JTAG device index = 0) is programmed with a design that has no supported debug core(s) in it.
WARNING: [Labtools 27-3361] The debug hub core was not detected.
Resolution: 
1. Make sure the clock connected to the debug hub (dbg_hub) core is a free running clock and is active.
2. Make sure the BSCAN_SWITCH_USER_MASK device property in Vivado Hardware Manager reflects the user scan chain setting in the design and refresh the device.  To determine the user scan chain setting in the design, open the implemented design and use 'get_property C_USER_SCAN_CHAIN [get_debug_cores dbg_hub]'.
For more details on setting the scan chain property, consult the Vivado Debug and Programming User Guide (UG908).
ERROR: [Labtoolstcl 44-513] HW Target shutdown. Closing target: localhost:3121/xilinx_tcf/Digilent/210183A8AD3EA
exit
INFO: [Common 17-206] Exiting Vivado at Wed May 14 13:04:07 2025...
