#-----------------------------------------------------------
# Vivado v2018.2 (64-bit)
# SW Build 2258646 on Thu Jun 14 20:03:12 MDT 2018
# IP Build 2256618 on Thu Jun 14 22:10:49 MDT 2018
# Start of session at: Thu May 15 17:48:30 2025
# Process ID: 32056
# Current directory: C:/Users/ASUS TUF/Documents/Vivado/Nano_Alts/Lower2
# Command line: vivado.exe -gui_launcher_event rodinguilauncherevent21000 C:\Users\ASUS TUF\Documents\Vivado\Nano_Alts\Lower2\Lab10.xpr
# Log file: C:/Users/ASUS TUF/Documents/Vivado/Nano_Alts/Lower2/vivado.log
# Journal file: C:/Users/ASUS TUF/Documents/Vivado/Nano_Alts/Lower2\vivado.jou
#-----------------------------------------------------------
start_gui
open_project {C:/Users/ASUS TUF/Documents/Vivado/Nano_Alts/Lower2/Lab10.xpr}
INFO: [Project 1-313] Project file moved from 'C:/Users/ASUS TUF/Documents/Vivado/Nano_Alts/Lower1' since last save.
CRITICAL WARNING: [Project 1-311] Could not find the file 'C:/Users/ASUS TUF/Documents/Vivado/Nano_Alts/Lower2/Test_Comp_behav.wcfg', nor could it be found using path 'C:/Users/ASUS TUF/Documents/Vivado/Nano_Alts/Lower1/Test_Comp_behav.wcfg'.
Scanning sources...
Finished scanning sources
INFO: [IP_Flow 19-234] Refreshing IP repositories
INFO: [IP_Flow 19-1704] No user IP repositories specified
INFO: [IP_Flow 19-2313] Loaded Vivado IP repository 'C:/Xilinx/Vivado/2018.2/data/ip'.
open_project: Time (s): cpu = 00:00:10 ; elapsed = 00:00:06 . Memory (MB): peak = 974.977 ; gain = 233.520
update_compile_order -fileset sources_1
update_compile_order -fileset sources_1
launch_simulation
INFO: [Vivado 12-5698] Checking validity of IPs in the design for the 'XSim' simulator...
INFO: [Vivado 12-5682] Launching behavioral simulation in 'C:/Users/ASUS TUF/Documents/Vivado/Nano_Alts/Lower2/Lab10.sim/sim_1/behav/xsim'
INFO: [Vivado 12-4795] Using compiled simulation libraries for IPs
INFO: [SIM-utils-51] Simulation object is 'sim_1'
INFO: [USF-XSim-7] Finding pre-compiled libraries...
INFO: [USF-XSim-11] File 'C:/Xilinx/Vivado/2018.2/data/xsim/xsim.ini' copied to run dir:'C:/Users/ASUS TUF/Documents/Vivado/Nano_Alts/Lower2/Lab10.sim/sim_1/behav/xsim'
INFO: [SIM-utils-54] Inspecting design source files for 'Test_Comp' in fileset 'sim_1'...
INFO: [USF-XSim-97] Finding global include files...
INFO: [USF-XSim-98] Fetching design files from 'sim_1'...
INFO: [USF-XSim-2] XSim::Compile design
INFO: [USF-XSim-61] Executing 'COMPILE and ANALYZE' step in 'C:/Users/ASUS TUF/Documents/Vivado/Nano_Alts/Lower2/Lab10.sim/sim_1/behav/xsim'
"xvhdl --incr --relax -prj Test_Comp_vhdl.prj"
INFO: [VRFC 10-163] Analyzing VHDL file "C:/Users/ASUS TUF/Documents/Vivado/Nano_Alts/Lower2/Lab10.srcs/sources_1/ip/c_addsub_0/sim/c_addsub_0.vhd" into library xil_defaultlib
INFO: [VRFC 10-307] analyzing entity c_addsub_0
INFO: [VRFC 10-163] Analyzing VHDL file "C:/Users/ASUS TUF/Documents/Vivado/Nano_Alts/Lower2/Lab10.srcs/sources_1/new/AU.vhd" into library xil_defaultlib
INFO: [VRFC 10-307] analyzing entity AU
INFO: [VRFC 10-163] Analyzing VHDL file "C:/Users/ASUS TUF/Documents/Vivado/Nano_Alts/Lower2/Lab10.srcs/sources_1/new/Computer.vhd" into library xil_defaultlib
INFO: [VRFC 10-307] analyzing entity Computer
INFO: [VRFC 10-163] Analyzing VHDL file "C:/Users/ASUS TUF/Documents/Vivado/Nano_Alts/Lower2/Lab10.srcs/sources_1/new/Decoder_8.vhd" into library xil_defaultlib
INFO: [VRFC 10-307] analyzing entity Decoder_8
INFO: [VRFC 10-163] Analyzing VHDL file "C:/Users/ASUS TUF/Documents/Vivado/Nano_Alts/Lower2/Lab10.srcs/sources_1/new/Display_Driver.vhd" into library xil_defaultlib
INFO: [VRFC 10-307] analyzing entity Display_Driver
INFO: [VRFC 10-163] Analyzing VHDL file "C:/Users/ASUS TUF/Documents/Vivado/Nano_Alts/Lower2/Lab10.srcs/sources_1/new/Instruction_Decoder.vhd" into library xil_defaultlib
INFO: [VRFC 10-307] analyzing entity Instruction_Decoder
INFO: [VRFC 10-163] Analyzing VHDL file "C:/Users/ASUS TUF/Documents/Vivado/Nano_Alts/Lower2/Lab10.srcs/sources_1/new/Load_Selector.vhd" into library xil_defaultlib
INFO: [VRFC 10-307] analyzing entity Load_Selector
INFO: [VRFC 10-163] Analyzing VHDL file "C:/Users/ASUS TUF/Documents/Vivado/Nano_Alts/Lower2/Lab10.srcs/sources_1/new/MUX8.vhd" into library xil_defaultlib
INFO: [VRFC 10-307] analyzing entity MUX8
INFO: [VRFC 10-163] Analyzing VHDL file "C:/Users/ASUS TUF/Documents/Vivado/Nano_Alts/Lower2/Lab10.srcs/sources_1/new/NanoProcessor.vhd" into library xil_defaultlib
INFO: [VRFC 10-307] analyzing entity NanoProcessor
INFO: [VRFC 10-163] Analyzing VHDL file "C:/Users/ASUS TUF/Documents/Vivado/Nano_Alts/Lower2/Lab10.srcs/sources_1/new/PC_Inc_Behav.vhd" into library xil_defaultlib
INFO: [VRFC 10-307] analyzing entity PC_Inc_Behav
INFO: [VRFC 10-163] Analyzing VHDL file "C:/Users/ASUS TUF/Documents/Vivado/Nano_Alts/Lower2/Lab10.srcs/sources_1/new/Register_4bit.vhd" into library xil_defaultlib
INFO: [VRFC 10-307] analyzing entity Register_4bit
INFO: [VRFC 10-163] Analyzing VHDL file "C:/Users/ASUS TUF/Documents/Vivado/Nano_Alts/Lower2/Lab10.srcs/sources_1/new/Register_Bank.vhd" into library xil_defaultlib
INFO: [VRFC 10-307] analyzing entity Register_Bank
INFO: [VRFC 10-163] Analyzing VHDL file "C:/Users/ASUS TUF/Documents/Vivado/Nano_Alts/Lower2/Lab10.srcs/sources_1/new/Register_PC.vhd" into library xil_defaultlib
INFO: [VRFC 10-307] analyzing entity Register_PC
INFO: [VRFC 10-163] Analyzing VHDL file "C:/Users/ASUS TUF/Documents/Vivado/Nano_Alts/Lower2/Lab10.srcs/sources_1/imports/new/Slow_Clk.vhd" into library xil_defaultlib
INFO: [VRFC 10-307] analyzing entity Slow_Clk
INFO: [VRFC 10-163] Analyzing VHDL file "C:/Users/ASUS TUF/Documents/Vivado/Nano_Alts/Lower2/Lab10.srcs/sources_1/new/Program_ROM.vhd" into library xil_defaultlib
INFO: [VRFC 10-307] analyzing entity Program_ROM
INFO: [VRFC 10-163] Analyzing VHDL file "C:/Users/ASUS TUF/Documents/Vivado/Nano_Alts/Lower2/Lab10.srcs/sim_1/new/Test_Comp.vhd" into library xil_defaultlib
INFO: [VRFC 10-307] analyzing entity Test_Comp
INFO: [USF-XSim-69] 'compile' step finished in '2' seconds
INFO: [USF-XSim-3] XSim::Elaborate design
INFO: [USF-XSim-61] Executing 'ELABORATE' step in 'C:/Users/ASUS TUF/Documents/Vivado/Nano_Alts/Lower2/Lab10.sim/sim_1/behav/xsim'
Vivado Simulator 2018.2
Copyright 1986-1999, 2001-2018 Xilinx, Inc. All Rights Reserved.
Running: C:/Xilinx/Vivado/2018.2/bin/unwrapped/win64.o/xelab.exe -wto a1583b26344940f9b507640dfaa62bca --incr --debug typical --relax --mt 2 -L xbip_utils_v3_0_9 -L c_reg_fd_v12_0_5 -L xbip_dsp48_wrapper_v3_0_4 -L xbip_pipe_v3_0_5 -L xbip_dsp48_addsub_v3_0_5 -L xbip_addsub_v3_0_5 -L c_addsub_v12_0_12 -L xil_defaultlib -L secureip -L xpm --snapshot Test_Comp_behav xil_defaultlib.Test_Comp -log elaborate.log 
Using 2 slave threads.
Starting static elaboration
Completed static elaboration
Starting simulation data flow analysis
Completed simulation data flow analysis
Time Resolution for simulation is 1ps
Compiling package std.standard
Compiling package std.textio
Compiling package ieee.std_logic_1164
Compiling package ieee.numeric_std
Compiling package c_addsub_v12_0_12.c_addsub_v12_0_12_viv_comp
Compiling package xbip_utils_v3_0_9.xbip_utils_v3_0_9_pkg
Compiling package xbip_pipe_v3_0_5.xbip_pipe_v3_0_5_viv_comp
Compiling package xbip_addsub_v3_0_5.xbip_addsub_v3_0_5_viv_comp
Compiling package c_addsub_v12_0_12.c_addsub_v12_0_12_pkg
Compiling package c_addsub_v12_0_12.c_addsub_v12_0_12_pkg_legacy
Compiling package xbip_dsp48_addsub_v3_0_5.xbip_dsp48_addsub_v3_0_5_viv_com...
Compiling package ieee.std_logic_arith
Compiling package xbip_dsp48_addsub_v3_0_5.xbip_dsp48_addsub_v3_0_5_pkg
Compiling package xbip_dsp48_wrapper_v3_0_4.xbip_dsp48_wrapper_v3_0_4_pkg
Compiling package unisim.vcomponents
Compiling package ieee.std_logic_signed
Compiling package ieee.vital_timing
Compiling package ieee.vital_primitives
Compiling package unisim.vpkg
Compiling architecture behavioral of entity xil_defaultlib.Slow_Clk [\Slow_Clk(n=1)\]
Compiling architecture behavioral of entity xil_defaultlib.Register_PC [register_pc_default]
Compiling architecture behavioral of entity xil_defaultlib.PC_Inc_Behav [pc_inc_behav_default]
Compiling architecture behavioral of entity xil_defaultlib.Instruction_Decoder [instruction_decoder_default]
Compiling architecture behavioral of entity xil_defaultlib.Load_Selector [load_selector_default]
Compiling architecture behavioral of entity xil_defaultlib.Decoder_8 [decoder_8_default]
Compiling architecture behavioral of entity xil_defaultlib.Register_4bit [register_4bit_default]
Compiling architecture behavioral of entity xil_defaultlib.Register_Bank [register_bank_default]
Compiling architecture behavioral of entity xil_defaultlib.MUX8 [mux8_default]
Compiling architecture dsp48e1_v of entity unisim.DSP48E1 [\DSP48E1(acascreg=0,adreg=0,alum...]
Compiling architecture synth of entity xbip_dsp48_wrapper_v3_0_4.xbip_dsp48e1_wrapper_v3_0 [\xbip_dsp48e1_wrapper_v3_0(acasc...]
Compiling architecture synth of entity xbip_dsp48_addsub_v3_0_5.xbip_dsp48_addsub_synth [\xbip_dsp48_addsub_synth(c_xdevi...]
Compiling architecture synth of entity xbip_dsp48_addsub_v3_0_5.xbip_dsp48_addsub_v3_0_5_viv [\xbip_dsp48_addsub_v3_0_5_viv(c_...]
Compiling architecture synth of entity xbip_addsub_v3_0_5.xbip_addsub_v3_0_5_viv [\xbip_addsub_v3_0_5_viv(c_xdevic...]
Compiling architecture synth of entity xbip_pipe_v3_0_5.xbip_pipe_v3_0_5_viv [\xbip_pipe_v3_0_5_viv(c_has_ce=1...]
Compiling architecture synth of entity c_addsub_v12_0_12.c_addsub_v12_0_12_viv [\c_addsub_v12_0_12_viv(c_xdevice...]
Compiling architecture xilinx of entity c_addsub_v12_0_12.c_addsub_v12_0_12 [\c_addsub_v12_0_12(c_xdevicefami...]
Compiling architecture c_addsub_0_arch of entity xil_defaultlib.c_addsub_0 [c_addsub_0_default]
Compiling architecture behavioral of entity xil_defaultlib.AU [au_default]
Compiling architecture behavioral of entity xil_defaultlib.Program_ROM [program_rom_default]
Compiling architecture behavioral of entity xil_defaultlib.NanoProcessor [nanoprocessor_default]
Compiling architecture behavioral of entity xil_defaultlib.Display_Driver [display_driver_default]
Compiling architecture behavioral of entity xil_defaultlib.Computer [computer_default]
Compiling architecture behavioral of entity xil_defaultlib.test_comp
Built simulation snapshot Test_Comp_behav
run_program: Time (s): cpu = 00:00:01 ; elapsed = 00:00:07 . Memory (MB): peak = 1046.270 ; gain = 0.000
INFO: [USF-XSim-69] 'elaborate' step finished in '7' seconds
INFO: [USF-XSim-4] XSim::Simulate design
WARNING: [USF-XSim-17] WCFG file does not exist:C:/Users/ASUS TUF/Documents/Vivado/Nano_Alts/Lower2/Test_Comp_behav.wcfg
WARNING: [USF-XSim-17] WCFG file does not exist:C:/Users/ASUS TUF/Documents/Vivado/Nano_Alts/Lower2/Test_Comp_behav.wcfg
INFO: [USF-XSim-61] Executing 'SIMULATE' step in 'C:/Users/ASUS TUF/Documents/Vivado/Nano_Alts/Lower2/Lab10.sim/sim_1/behav/xsim'
INFO: [USF-XSim-98] *** Running xsim
   with args "Test_Comp_behav -key {Behavioral:sim_1:Functional:Test_Comp} -tclbatch {Test_Comp.tcl} -log {simulate.log}"
INFO: [USF-XSim-8] Loading simulator feature
Vivado Simulator 2018.2
Time resolution is 1 ps
source Test_Comp.tcl
# set curr_wave [current_wave_config]
# if { [string length $curr_wave] == 0 } {
#   if { [llength [get_objects]] > 0} {
#     add_wave /
#     set_property needs_save false [current_wave_config]
#   } else {
#      send_msg_id Add_Wave-1 WARNING "No top level signals found. Simulator will start without a wave window. If you want to open a wave window go to 'File->New Waveform Configuration' or type 'create_wave_config' in the TCL console."
#   }
# }
# run 1000ns
INFO: [USF-XSim-96] XSim completed. Design snapshot 'Test_Comp_behav' loaded.
INFO: [USF-XSim-97] XSim simulation ran for 1000ns
launch_simulation: Time (s): cpu = 00:00:05 ; elapsed = 00:00:16 . Memory (MB): peak = 1046.270 ; gain = 0.000
close_sim
INFO: [Simtcl 6-16] Simulation closed
launch_simulation
INFO: [Vivado 12-5698] Checking validity of IPs in the design for the 'XSim' simulator...
INFO: [Vivado 12-5682] Launching behavioral simulation in 'C:/Users/ASUS TUF/Documents/Vivado/Nano_Alts/Lower2/Lab10.sim/sim_1/behav/xsim'
INFO: [Vivado 12-4795] Using compiled simulation libraries for IPs
INFO: [SIM-utils-51] Simulation object is 'sim_1'
INFO: [USF-XSim-7] Finding pre-compiled libraries...
INFO: [USF-XSim-11] File 'C:/Xilinx/Vivado/2018.2/data/xsim/xsim.ini' copied to run dir:'C:/Users/ASUS TUF/Documents/Vivado/Nano_Alts/Lower2/Lab10.sim/sim_1/behav/xsim'
INFO: [SIM-utils-54] Inspecting design source files for 'Test_Comp' in fileset 'sim_1'...
INFO: [USF-XSim-97] Finding global include files...
INFO: [USF-XSim-98] Fetching design files from 'sim_1'...
INFO: [USF-XSim-2] XSim::Compile design
INFO: [USF-XSim-61] Executing 'COMPILE and ANALYZE' step in 'C:/Users/ASUS TUF/Documents/Vivado/Nano_Alts/Lower2/Lab10.sim/sim_1/behav/xsim'
"xvhdl --incr --relax -prj Test_Comp_vhdl.prj"
INFO: [USF-XSim-69] 'compile' step finished in '2' seconds
INFO: [USF-XSim-3] XSim::Elaborate design
INFO: [USF-XSim-61] Executing 'ELABORATE' step in 'C:/Users/ASUS TUF/Documents/Vivado/Nano_Alts/Lower2/Lab10.sim/sim_1/behav/xsim'
Vivado Simulator 2018.2
Copyright 1986-1999, 2001-2018 Xilinx, Inc. All Rights Reserved.
Running: C:/Xilinx/Vivado/2018.2/bin/unwrapped/win64.o/xelab.exe -wto a1583b26344940f9b507640dfaa62bca --incr --debug typical --relax --mt 2 -L xbip_utils_v3_0_9 -L c_reg_fd_v12_0_5 -L xbip_dsp48_wrapper_v3_0_4 -L xbip_pipe_v3_0_5 -L xbip_dsp48_addsub_v3_0_5 -L xbip_addsub_v3_0_5 -L c_addsub_v12_0_12 -L xil_defaultlib -L secureip -L xpm --snapshot Test_Comp_behav xil_defaultlib.Test_Comp -log elaborate.log 
Using 2 slave threads.
Starting static elaboration
Completed static elaboration
INFO: [XSIM 43-4323] No Change in HDL. Linking previously generated obj files to create kernel
INFO: [USF-XSim-69] 'elaborate' step finished in '2' seconds
INFO: [USF-XSim-4] XSim::Simulate design
WARNING: [USF-XSim-17] WCFG file does not exist:C:/Users/ASUS TUF/Documents/Vivado/Nano_Alts/Lower2/Test_Comp_behav.wcfg
WARNING: [USF-XSim-17] WCFG file does not exist:C:/Users/ASUS TUF/Documents/Vivado/Nano_Alts/Lower2/Test_Comp_behav.wcfg
INFO: [USF-XSim-61] Executing 'SIMULATE' step in 'C:/Users/ASUS TUF/Documents/Vivado/Nano_Alts/Lower2/Lab10.sim/sim_1/behav/xsim'
INFO: [USF-XSim-98] *** Running xsim
   with args "Test_Comp_behav -key {Behavioral:sim_1:Functional:Test_Comp} -tclbatch {Test_Comp.tcl} -log {simulate.log}"
INFO: [USF-XSim-8] Loading simulator feature
Vivado Simulator 2018.2
Time resolution is 1 ps
source Test_Comp.tcl
# set curr_wave [current_wave_config]
# if { [string length $curr_wave] == 0 } {
#   if { [llength [get_objects]] > 0} {
#     add_wave /
#     set_property needs_save false [current_wave_config]
#   } else {
#      send_msg_id Add_Wave-1 WARNING "No top level signals found. Simulator will start without a wave window. If you want to open a wave window go to 'File->New Waveform Configuration' or type 'create_wave_config' in the TCL console."
#   }
# }
# run 1000ns
INFO: [USF-XSim-96] XSim completed. Design snapshot 'Test_Comp_behav' loaded.
INFO: [USF-XSim-97] XSim simulation ran for 1000ns
launch_simulation: Time (s): cpu = 00:00:04 ; elapsed = 00:00:07 . Memory (MB): peak = 1060.457 ; gain = 14.188
save_wave_config {C:/Users/ASUS TUF/Documents/Vivado/Nano_Alts/Lower2/Test_Comp_behav.wcfg}
add_files -fileset sim_1 -norecurse {{C:/Users/ASUS TUF/Documents/Vivado/Nano_Alts/Lower2/Test_Comp_behav.wcfg}}
WARNING: [filemgmt 56-12] File 'C:/Users/ASUS TUF/Documents/Vivado/Nano_Alts/Lower2/Test_Comp_behav.wcfg' cannot be added to the project because it already exists in the project, skipping this file
set_property xsim.view {{C:/Users/ASUS TUF/Documents/Vivado/Nano_Alts/Lower2/Test_Comp_behav.wcfg} {C:/Users/ASUS TUF/Documents/Vivado/Nano_Alts/Lower2/Test_Comp_behav.wcfg}} [get_filesets sim_1]
close_sim
INFO: [Simtcl 6-16] Simulation closed
launch_simulation
INFO: [Vivado 12-5698] Checking validity of IPs in the design for the 'XSim' simulator...
INFO: [Vivado 12-5682] Launching behavioral simulation in 'C:/Users/ASUS TUF/Documents/Vivado/Nano_Alts/Lower2/Lab10.sim/sim_1/behav/xsim'
INFO: [Vivado 12-4795] Using compiled simulation libraries for IPs
INFO: [SIM-utils-51] Simulation object is 'sim_1'
INFO: [USF-XSim-7] Finding pre-compiled libraries...
INFO: [USF-XSim-11] File 'C:/Xilinx/Vivado/2018.2/data/xsim/xsim.ini' copied to run dir:'C:/Users/ASUS TUF/Documents/Vivado/Nano_Alts/Lower2/Lab10.sim/sim_1/behav/xsim'
INFO: [SIM-utils-54] Inspecting design source files for 'Test_Comp' in fileset 'sim_1'...
INFO: [USF-XSim-97] Finding global include files...
INFO: [USF-XSim-98] Fetching design files from 'sim_1'...
INFO: [USF-XSim-2] XSim::Compile design
INFO: [USF-XSim-61] Executing 'COMPILE and ANALYZE' step in 'C:/Users/ASUS TUF/Documents/Vivado/Nano_Alts/Lower2/Lab10.sim/sim_1/behav/xsim'
"xvhdl --incr --relax -prj Test_Comp_vhdl.prj"
INFO: [USF-XSim-69] 'compile' step finished in '2' seconds
INFO: [USF-XSim-3] XSim::Elaborate design
INFO: [USF-XSim-61] Executing 'ELABORATE' step in 'C:/Users/ASUS TUF/Documents/Vivado/Nano_Alts/Lower2/Lab10.sim/sim_1/behav/xsim'
Vivado Simulator 2018.2
Copyright 1986-1999, 2001-2018 Xilinx, Inc. All Rights Reserved.
Running: C:/Xilinx/Vivado/2018.2/bin/unwrapped/win64.o/xelab.exe -wto a1583b26344940f9b507640dfaa62bca --incr --debug typical --relax --mt 2 -L xbip_utils_v3_0_9 -L c_reg_fd_v12_0_5 -L xbip_dsp48_wrapper_v3_0_4 -L xbip_pipe_v3_0_5 -L xbip_dsp48_addsub_v3_0_5 -L xbip_addsub_v3_0_5 -L c_addsub_v12_0_12 -L xil_defaultlib -L secureip -L xpm --snapshot Test_Comp_behav xil_defaultlib.Test_Comp -log elaborate.log 
Using 2 slave threads.
Starting static elaboration
Completed static elaboration
INFO: [XSIM 43-4323] No Change in HDL. Linking previously generated obj files to create kernel
INFO: [USF-XSim-69] 'elaborate' step finished in '2' seconds
INFO: [USF-XSim-4] XSim::Simulate design
INFO: [USF-XSim-61] Executing 'SIMULATE' step in 'C:/Users/ASUS TUF/Documents/Vivado/Nano_Alts/Lower2/Lab10.sim/sim_1/behav/xsim'
INFO: [USF-XSim-98] *** Running xsim
   with args "Test_Comp_behav -key {Behavioral:sim_1:Functional:Test_Comp} -tclbatch {Test_Comp.tcl} -view {{C:/Users/ASUS TUF/Documents/Vivado/Nano_Alts/Lower2/Test_Comp_behav.wcfg}} -log {simulate.log}"
INFO: [USF-XSim-8] Loading simulator feature
Vivado Simulator 2018.2
Time resolution is 1 ps
open_wave_config {C:/Users/ASUS TUF/Documents/Vivado/Nano_Alts/Lower2/Test_Comp_behav.wcfg}
source Test_Comp.tcl
# set curr_wave [current_wave_config]
# if { [string length $curr_wave] == 0 } {
#   if { [llength [get_objects]] > 0} {
#     add_wave /
#     set_property needs_save false [current_wave_config]
#   } else {
#      send_msg_id Add_Wave-1 WARNING "No top level signals found. Simulator will start without a wave window. If you want to open a wave window go to 'File->New Waveform Configuration' or type 'create_wave_config' in the TCL console."
#   }
# }
# run 1000ns
INFO: [USF-XSim-96] XSim completed. Design snapshot 'Test_Comp_behav' loaded.
INFO: [USF-XSim-97] XSim simulation ran for 1000ns
launch_simulation: Time (s): cpu = 00:00:03 ; elapsed = 00:00:06 . Memory (MB): peak = 1062.277 ; gain = 0.000
close_sim
INFO: [Simtcl 6-16] Simulation closed
launch_simulation
INFO: [Vivado 12-5698] Checking validity of IPs in the design for the 'XSim' simulator...
INFO: [Vivado 12-5682] Launching behavioral simulation in 'C:/Users/ASUS TUF/Documents/Vivado/Nano_Alts/Lower2/Lab10.sim/sim_1/behav/xsim'
INFO: [Vivado 12-4795] Using compiled simulation libraries for IPs
INFO: [SIM-utils-51] Simulation object is 'sim_1'
INFO: [USF-XSim-7] Finding pre-compiled libraries...
INFO: [USF-XSim-11] File 'C:/Xilinx/Vivado/2018.2/data/xsim/xsim.ini' copied to run dir:'C:/Users/ASUS TUF/Documents/Vivado/Nano_Alts/Lower2/Lab10.sim/sim_1/behav/xsim'
INFO: [SIM-utils-54] Inspecting design source files for 'Test_Comp' in fileset 'sim_1'...
INFO: [USF-XSim-97] Finding global include files...
INFO: [USF-XSim-98] Fetching design files from 'sim_1'...
INFO: [USF-XSim-2] XSim::Compile design
INFO: [USF-XSim-61] Executing 'COMPILE and ANALYZE' step in 'C:/Users/ASUS TUF/Documents/Vivado/Nano_Alts/Lower2/Lab10.sim/sim_1/behav/xsim'
"xvhdl --incr --relax -prj Test_Comp_vhdl.prj"
INFO: [VRFC 10-163] Analyzing VHDL file "C:/Users/ASUS TUF/Documents/Vivado/Nano_Alts/Lower2/Lab10.srcs/sources_1/new/PC_Inc_Behav.vhd" into library xil_defaultlib
INFO: [VRFC 10-307] analyzing entity PC_Inc_Behav
INFO: [USF-XSim-69] 'compile' step finished in '2' seconds
INFO: [USF-XSim-3] XSim::Elaborate design
INFO: [USF-XSim-61] Executing 'ELABORATE' step in 'C:/Users/ASUS TUF/Documents/Vivado/Nano_Alts/Lower2/Lab10.sim/sim_1/behav/xsim'
Vivado Simulator 2018.2
Copyright 1986-1999, 2001-2018 Xilinx, Inc. All Rights Reserved.
Running: C:/Xilinx/Vivado/2018.2/bin/unwrapped/win64.o/xelab.exe -wto a1583b26344940f9b507640dfaa62bca --incr --debug typical --relax --mt 2 -L xbip_utils_v3_0_9 -L c_reg_fd_v12_0_5 -L xbip_dsp48_wrapper_v3_0_4 -L xbip_pipe_v3_0_5 -L xbip_dsp48_addsub_v3_0_5 -L xbip_addsub_v3_0_5 -L c_addsub_v12_0_12 -L xil_defaultlib -L secureip -L xpm --snapshot Test_Comp_behav xil_defaultlib.Test_Comp -log elaborate.log 
Using 2 slave threads.
Starting static elaboration
Completed static elaboration
Starting simulation data flow analysis
Completed simulation data flow analysis
Time Resolution for simulation is 1ps
Compiling package std.standard
Compiling package std.textio
Compiling package ieee.std_logic_1164
Compiling package ieee.numeric_std
Compiling package c_addsub_v12_0_12.c_addsub_v12_0_12_viv_comp
Compiling package xbip_utils_v3_0_9.xbip_utils_v3_0_9_pkg
Compiling package xbip_pipe_v3_0_5.xbip_pipe_v3_0_5_viv_comp
Compiling package xbip_addsub_v3_0_5.xbip_addsub_v3_0_5_viv_comp
Compiling package c_addsub_v12_0_12.c_addsub_v12_0_12_pkg
Compiling package c_addsub_v12_0_12.c_addsub_v12_0_12_pkg_legacy
Compiling package xbip_dsp48_addsub_v3_0_5.xbip_dsp48_addsub_v3_0_5_viv_com...
Compiling package ieee.std_logic_arith
Compiling package xbip_dsp48_addsub_v3_0_5.xbip_dsp48_addsub_v3_0_5_pkg
Compiling package xbip_dsp48_wrapper_v3_0_4.xbip_dsp48_wrapper_v3_0_4_pkg
Compiling package unisim.vcomponents
Compiling package ieee.std_logic_signed
Compiling package ieee.vital_timing
Compiling package ieee.vital_primitives
Compiling package unisim.vpkg
Compiling architecture behavioral of entity xil_defaultlib.Slow_Clk [\Slow_Clk(n=1)\]
Compiling architecture behavioral of entity xil_defaultlib.Register_PC [register_pc_default]
Compiling architecture behavioral of entity xil_defaultlib.PC_Inc_Behav [pc_inc_behav_default]
Compiling architecture behavioral of entity xil_defaultlib.Instruction_Decoder [instruction_decoder_default]
Compiling architecture behavioral of entity xil_defaultlib.Load_Selector [load_selector_default]
Compiling architecture behavioral of entity xil_defaultlib.Decoder_8 [decoder_8_default]
Compiling architecture behavioral of entity xil_defaultlib.Register_4bit [register_4bit_default]
Compiling architecture behavioral of entity xil_defaultlib.Register_Bank [register_bank_default]
Compiling architecture behavioral of entity xil_defaultlib.MUX8 [mux8_default]
Compiling architecture dsp48e1_v of entity unisim.DSP48E1 [\DSP48E1(acascreg=0,adreg=0,alum...]
Compiling architecture synth of entity xbip_dsp48_wrapper_v3_0_4.xbip_dsp48e1_wrapper_v3_0 [\xbip_dsp48e1_wrapper_v3_0(acasc...]
Compiling architecture synth of entity xbip_dsp48_addsub_v3_0_5.xbip_dsp48_addsub_synth [\xbip_dsp48_addsub_synth(c_xdevi...]
Compiling architecture synth of entity xbip_dsp48_addsub_v3_0_5.xbip_dsp48_addsub_v3_0_5_viv [\xbip_dsp48_addsub_v3_0_5_viv(c_...]
Compiling architecture synth of entity xbip_addsub_v3_0_5.xbip_addsub_v3_0_5_viv [\xbip_addsub_v3_0_5_viv(c_xdevic...]
Compiling architecture synth of entity xbip_pipe_v3_0_5.xbip_pipe_v3_0_5_viv [\xbip_pipe_v3_0_5_viv(c_has_ce=1...]
Compiling architecture synth of entity c_addsub_v12_0_12.c_addsub_v12_0_12_viv [\c_addsub_v12_0_12_viv(c_xdevice...]
Compiling architecture xilinx of entity c_addsub_v12_0_12.c_addsub_v12_0_12 [\c_addsub_v12_0_12(c_xdevicefami...]
Compiling architecture c_addsub_0_arch of entity xil_defaultlib.c_addsub_0 [c_addsub_0_default]
Compiling architecture behavioral of entity xil_defaultlib.AU [au_default]
Compiling architecture behavioral of entity xil_defaultlib.Program_ROM [program_rom_default]
Compiling architecture behavioral of entity xil_defaultlib.NanoProcessor [nanoprocessor_default]
Compiling architecture behavioral of entity xil_defaultlib.Display_Driver [display_driver_default]
Compiling architecture behavioral of entity xil_defaultlib.Computer [computer_default]
Compiling architecture behavioral of entity xil_defaultlib.test_comp
Built simulation snapshot Test_Comp_behav
INFO: [USF-XSim-69] 'elaborate' step finished in '5' seconds
INFO: [USF-XSim-4] XSim::Simulate design
INFO: [USF-XSim-61] Executing 'SIMULATE' step in 'C:/Users/ASUS TUF/Documents/Vivado/Nano_Alts/Lower2/Lab10.sim/sim_1/behav/xsim'
INFO: [USF-XSim-98] *** Running xsim
   with args "Test_Comp_behav -key {Behavioral:sim_1:Functional:Test_Comp} -tclbatch {Test_Comp.tcl} -view {{C:/Users/ASUS TUF/Documents/Vivado/Nano_Alts/Lower2/Test_Comp_behav.wcfg}} -log {simulate.log}"
INFO: [USF-XSim-8] Loading simulator feature
Vivado Simulator 2018.2
Time resolution is 1 ps
open_wave_config {C:/Users/ASUS TUF/Documents/Vivado/Nano_Alts/Lower2/Test_Comp_behav.wcfg}
source Test_Comp.tcl
# set curr_wave [current_wave_config]
# if { [string length $curr_wave] == 0 } {
#   if { [llength [get_objects]] > 0} {
#     add_wave /
#     set_property needs_save false [current_wave_config]
#   } else {
#      send_msg_id Add_Wave-1 WARNING "No top level signals found. Simulator will start without a wave window. If you want to open a wave window go to 'File->New Waveform Configuration' or type 'create_wave_config' in the TCL console."
#   }
# }
# run 1000ns
INFO: [USF-XSim-96] XSim completed. Design snapshot 'Test_Comp_behav' loaded.
INFO: [USF-XSim-97] XSim simulation ran for 1000ns
launch_simulation: Time (s): cpu = 00:00:03 ; elapsed = 00:00:08 . Memory (MB): peak = 1063.887 ; gain = 1.027
close_sim
INFO: [Simtcl 6-16] Simulation closed
launch_simulation
INFO: [Vivado 12-5698] Checking validity of IPs in the design for the 'XSim' simulator...
INFO: [Vivado 12-5682] Launching behavioral simulation in 'C:/Users/ASUS TUF/Documents/Vivado/Nano_Alts/Lower2/Lab10.sim/sim_1/behav/xsim'
INFO: [Vivado 12-4795] Using compiled simulation libraries for IPs
INFO: [SIM-utils-51] Simulation object is 'sim_1'
INFO: [USF-XSim-7] Finding pre-compiled libraries...
INFO: [USF-XSim-11] File 'C:/Xilinx/Vivado/2018.2/data/xsim/xsim.ini' copied to run dir:'C:/Users/ASUS TUF/Documents/Vivado/Nano_Alts/Lower2/Lab10.sim/sim_1/behav/xsim'
INFO: [SIM-utils-54] Inspecting design source files for 'Test_Comp' in fileset 'sim_1'...
INFO: [USF-XSim-97] Finding global include files...
INFO: [USF-XSim-98] Fetching design files from 'sim_1'...
INFO: [USF-XSim-2] XSim::Compile design
INFO: [USF-XSim-61] Executing 'COMPILE and ANALYZE' step in 'C:/Users/ASUS TUF/Documents/Vivado/Nano_Alts/Lower2/Lab10.sim/sim_1/behav/xsim'
"xvhdl --incr --relax -prj Test_Comp_vhdl.prj"
INFO: [VRFC 10-163] Analyzing VHDL file "C:/Users/ASUS TUF/Documents/Vivado/Nano_Alts/Lower2/Lab10.srcs/sources_1/new/PC_Inc_Behav.vhd" into library xil_defaultlib
INFO: [VRFC 10-307] analyzing entity PC_Inc_Behav
INFO: [USF-XSim-69] 'compile' step finished in '2' seconds
INFO: [USF-XSim-3] XSim::Elaborate design
INFO: [USF-XSim-61] Executing 'ELABORATE' step in 'C:/Users/ASUS TUF/Documents/Vivado/Nano_Alts/Lower2/Lab10.sim/sim_1/behav/xsim'
Vivado Simulator 2018.2
Copyright 1986-1999, 2001-2018 Xilinx, Inc. All Rights Reserved.
Running: C:/Xilinx/Vivado/2018.2/bin/unwrapped/win64.o/xelab.exe -wto a1583b26344940f9b507640dfaa62bca --incr --debug typical --relax --mt 2 -L xbip_utils_v3_0_9 -L c_reg_fd_v12_0_5 -L xbip_dsp48_wrapper_v3_0_4 -L xbip_pipe_v3_0_5 -L xbip_dsp48_addsub_v3_0_5 -L xbip_addsub_v3_0_5 -L c_addsub_v12_0_12 -L xil_defaultlib -L secureip -L xpm --snapshot Test_Comp_behav xil_defaultlib.Test_Comp -log elaborate.log 
Using 2 slave threads.
Starting static elaboration
Completed static elaboration
Starting simulation data flow analysis
Completed simulation data flow analysis
Time Resolution for simulation is 1ps
Compiling package std.standard
Compiling package std.textio
Compiling package ieee.std_logic_1164
Compiling package ieee.numeric_std
Compiling package c_addsub_v12_0_12.c_addsub_v12_0_12_viv_comp
Compiling package xbip_utils_v3_0_9.xbip_utils_v3_0_9_pkg
Compiling package xbip_pipe_v3_0_5.xbip_pipe_v3_0_5_viv_comp
Compiling package xbip_addsub_v3_0_5.xbip_addsub_v3_0_5_viv_comp
Compiling package c_addsub_v12_0_12.c_addsub_v12_0_12_pkg
Compiling package c_addsub_v12_0_12.c_addsub_v12_0_12_pkg_legacy
Compiling package xbip_dsp48_addsub_v3_0_5.xbip_dsp48_addsub_v3_0_5_viv_com...
Compiling package ieee.std_logic_arith
Compiling package xbip_dsp48_addsub_v3_0_5.xbip_dsp48_addsub_v3_0_5_pkg
Compiling package xbip_dsp48_wrapper_v3_0_4.xbip_dsp48_wrapper_v3_0_4_pkg
Compiling package unisim.vcomponents
Compiling package ieee.std_logic_signed
Compiling package ieee.vital_timing
Compiling package ieee.vital_primitives
Compiling package unisim.vpkg
Compiling architecture behavioral of entity xil_defaultlib.Slow_Clk [\Slow_Clk(n=1)\]
Compiling architecture behavioral of entity xil_defaultlib.Register_PC [register_pc_default]
Compiling architecture behavioral of entity xil_defaultlib.PC_Inc_Behav [pc_inc_behav_default]
Compiling architecture behavioral of entity xil_defaultlib.Instruction_Decoder [instruction_decoder_default]
Compiling architecture behavioral of entity xil_defaultlib.Load_Selector [load_selector_default]
Compiling architecture behavioral of entity xil_defaultlib.Decoder_8 [decoder_8_default]
Compiling architecture behavioral of entity xil_defaultlib.Register_4bit [register_4bit_default]
Compiling architecture behavioral of entity xil_defaultlib.Register_Bank [register_bank_default]
Compiling architecture behavioral of entity xil_defaultlib.MUX8 [mux8_default]
Compiling architecture dsp48e1_v of entity unisim.DSP48E1 [\DSP48E1(acascreg=0,adreg=0,alum...]
Compiling architecture synth of entity xbip_dsp48_wrapper_v3_0_4.xbip_dsp48e1_wrapper_v3_0 [\xbip_dsp48e1_wrapper_v3_0(acasc...]
Compiling architecture synth of entity xbip_dsp48_addsub_v3_0_5.xbip_dsp48_addsub_synth [\xbip_dsp48_addsub_synth(c_xdevi...]
Compiling architecture synth of entity xbip_dsp48_addsub_v3_0_5.xbip_dsp48_addsub_v3_0_5_viv [\xbip_dsp48_addsub_v3_0_5_viv(c_...]
Compiling architecture synth of entity xbip_addsub_v3_0_5.xbip_addsub_v3_0_5_viv [\xbip_addsub_v3_0_5_viv(c_xdevic...]
Compiling architecture synth of entity xbip_pipe_v3_0_5.xbip_pipe_v3_0_5_viv [\xbip_pipe_v3_0_5_viv(c_has_ce=1...]
Compiling architecture synth of entity c_addsub_v12_0_12.c_addsub_v12_0_12_viv [\c_addsub_v12_0_12_viv(c_xdevice...]
Compiling architecture xilinx of entity c_addsub_v12_0_12.c_addsub_v12_0_12 [\c_addsub_v12_0_12(c_xdevicefami...]
Compiling architecture c_addsub_0_arch of entity xil_defaultlib.c_addsub_0 [c_addsub_0_default]
Compiling architecture behavioral of entity xil_defaultlib.AU [au_default]
Compiling architecture behavioral of entity xil_defaultlib.Program_ROM [program_rom_default]
Compiling architecture behavioral of entity xil_defaultlib.NanoProcessor [nanoprocessor_default]
Compiling architecture behavioral of entity xil_defaultlib.Display_Driver [display_driver_default]
Compiling architecture behavioral of entity xil_defaultlib.Computer [computer_default]
Compiling architecture behavioral of entity xil_defaultlib.test_comp
Built simulation snapshot Test_Comp_behav
INFO: [USF-XSim-69] 'elaborate' step finished in '4' seconds
INFO: [USF-XSim-4] XSim::Simulate design
INFO: [USF-XSim-61] Executing 'SIMULATE' step in 'C:/Users/ASUS TUF/Documents/Vivado/Nano_Alts/Lower2/Lab10.sim/sim_1/behav/xsim'
INFO: [USF-XSim-98] *** Running xsim
   with args "Test_Comp_behav -key {Behavioral:sim_1:Functional:Test_Comp} -tclbatch {Test_Comp.tcl} -view {{C:/Users/ASUS TUF/Documents/Vivado/Nano_Alts/Lower2/Test_Comp_behav.wcfg}} -log {simulate.log}"
INFO: [USF-XSim-8] Loading simulator feature
Vivado Simulator 2018.2
Time resolution is 1 ps
open_wave_config {C:/Users/ASUS TUF/Documents/Vivado/Nano_Alts/Lower2/Test_Comp_behav.wcfg}
source Test_Comp.tcl
# set curr_wave [current_wave_config]
# if { [string length $curr_wave] == 0 } {
#   if { [llength [get_objects]] > 0} {
#     add_wave /
#     set_property needs_save false [current_wave_config]
#   } else {
#      send_msg_id Add_Wave-1 WARNING "No top level signals found. Simulator will start without a wave window. If you want to open a wave window go to 'File->New Waveform Configuration' or type 'create_wave_config' in the TCL console."
#   }
# }
# run 1000ns
INFO: [USF-XSim-96] XSim completed. Design snapshot 'Test_Comp_behav' loaded.
INFO: [USF-XSim-97] XSim simulation ran for 1000ns
launch_simulation: Time (s): cpu = 00:00:02 ; elapsed = 00:00:08 . Memory (MB): peak = 1065.102 ; gain = 0.160
reset_run synth_1
WARNING: [Vivado 12-1017] Problems encountered:
1. Failed to delete one or more files in run directory C:/Users/ASUS TUF/Documents/Vivado/Nano_Alts/Lower2/Lab10.runs/synth_1

launch_runs synth_1 -jobs 8
[Thu May 15 18:25:38 2025] Launched synth_1...
Run output will be captured here: C:/Users/ASUS TUF/Documents/Vivado/Nano_Alts/Lower2/Lab10.runs/synth_1/runme.log
open_run synth_1 -name synth_1
Design is defaulting to impl run constrset: constrs_1
Design is defaulting to synth run part: xc7a35tcpg236-1
INFO: [Project 1-454] Reading design checkpoint 'c:/Users/ASUS TUF/Documents/Vivado/Nano_Alts/Lower2/Lab10.srcs/sources_1/ip/c_addsub_0/c_addsub_0.dcp' for cell 'NP1/Arithmetic_Unit/addsub'
INFO: [Netlist 29-17] Analyzing 11 Unisim elements for replacement
INFO: [Netlist 29-28] Unisim Transformation completed in 0 CPU seconds
INFO: [Project 1-479] Netlist was created with Vivado 2018.2
INFO: [Device 21-403] Loading part xc7a35tcpg236-1
INFO: [Project 1-570] Preparing netlist for logic optimization
Parsing XDC File [C:/Users/ASUS TUF/Documents/Vivado/Nano_Alts/Lower2/Lab10.srcs/constrs_1/imports/Basic/Basic_Constraints.xdc]
Finished Parsing XDC File [C:/Users/ASUS TUF/Documents/Vivado/Nano_Alts/Lower2/Lab10.srcs/constrs_1/imports/Basic/Basic_Constraints.xdc]
INFO: [Opt 31-138] Pushed 0 inverter(s) to 0 load pin(s).
INFO: [Project 1-111] Unisim Transformation Summary:
No Unisim elements were transformed.

open_run: Time (s): cpu = 00:00:12 ; elapsed = 00:00:09 . Memory (MB): peak = 1474.812 ; gain = 397.473
report_utilization -name utilization_1
report_utilization: Time (s): cpu = 00:00:05 ; elapsed = 00:00:02 . Memory (MB): peak = 1651.004 ; gain = 111.820
synth_design -rtl -name rtl_1
Command: synth_design -rtl -name rtl_1
Starting synth_design
Using part: xc7a35tcpg236-1
Top: Computer
---------------------------------------------------------------------------------
Starting RTL Elaboration : Time (s): cpu = 00:00:02 ; elapsed = 00:00:02 . Memory (MB): peak = 2025.160 ; gain = 99.332
---------------------------------------------------------------------------------
INFO: [Synth 8-638] synthesizing module 'Computer' [C:/Users/ASUS TUF/Documents/Vivado/Nano_Alts/Lower2/Lab10.srcs/sources_1/new/Computer.vhd:14]
	Parameter N bound to: 1 - type: integer 
INFO: [Synth 8-3491] module 'Slow_Clk' declared at 'C:/Users/ASUS TUF/Documents/Vivado/Nano_Alts/Lower2/Lab10.srcs/sources_1/imports/new/Slow_Clk.vhd:4' bound to instance 'SlowClk' of component 'Slow_Clk' [C:/Users/ASUS TUF/Documents/Vivado/Nano_Alts/Lower2/Lab10.srcs/sources_1/new/Computer.vhd:50]
INFO: [Synth 8-638] synthesizing module 'Slow_Clk' [C:/Users/ASUS TUF/Documents/Vivado/Nano_Alts/Lower2/Lab10.srcs/sources_1/imports/new/Slow_Clk.vhd:14]
	Parameter N bound to: 1 - type: integer 
INFO: [Synth 8-256] done synthesizing module 'Slow_Clk' (1#1) [C:/Users/ASUS TUF/Documents/Vivado/Nano_Alts/Lower2/Lab10.srcs/sources_1/imports/new/Slow_Clk.vhd:14]
INFO: [Synth 8-3491] module 'NanoProcessor' declared at 'C:/Users/ASUS TUF/Documents/Vivado/Nano_Alts/Lower2/Lab10.srcs/sources_1/new/NanoProcessor.vhd:4' bound to instance 'NP1' of component 'NanoProcessor' [C:/Users/ASUS TUF/Documents/Vivado/Nano_Alts/Lower2/Lab10.srcs/sources_1/new/Computer.vhd:58]
INFO: [Synth 8-638] synthesizing module 'NanoProcessor' [C:/Users/ASUS TUF/Documents/Vivado/Nano_Alts/Lower2/Lab10.srcs/sources_1/new/NanoProcessor.vhd:14]
INFO: [Synth 8-3491] module 'Register_PC' declared at 'C:/Users/ASUS TUF/Documents/Vivado/Nano_Alts/Lower2/Lab10.srcs/sources_1/new/Register_PC.vhd:4' bound to instance 'Program_Counter' of component 'Register_PC' [C:/Users/ASUS TUF/Documents/Vivado/Nano_Alts/Lower2/Lab10.srcs/sources_1/new/NanoProcessor.vhd:139]
INFO: [Synth 8-638] synthesizing module 'Register_PC' [C:/Users/ASUS TUF/Documents/Vivado/Nano_Alts/Lower2/Lab10.srcs/sources_1/new/Register_PC.vhd:13]
INFO: [Synth 8-256] done synthesizing module 'Register_PC' (2#1) [C:/Users/ASUS TUF/Documents/Vivado/Nano_Alts/Lower2/Lab10.srcs/sources_1/new/Register_PC.vhd:13]
INFO: [Synth 8-3491] module 'PC_Inc_Behav' declared at 'C:/Users/ASUS TUF/Documents/Vivado/Nano_Alts/Lower2/Lab10.srcs/sources_1/new/PC_Inc_Behav.vhd:5' bound to instance 'Incrementer' of component 'PC_Inc_Behav' [C:/Users/ASUS TUF/Documents/Vivado/Nano_Alts/Lower2/Lab10.srcs/sources_1/new/NanoProcessor.vhd:147]
INFO: [Synth 8-638] synthesizing module 'PC_Inc_Behav' [C:/Users/ASUS TUF/Documents/Vivado/Nano_Alts/Lower2/Lab10.srcs/sources_1/new/PC_Inc_Behav.vhd:14]
INFO: [Synth 8-256] done synthesizing module 'PC_Inc_Behav' (3#1) [C:/Users/ASUS TUF/Documents/Vivado/Nano_Alts/Lower2/Lab10.srcs/sources_1/new/PC_Inc_Behav.vhd:14]
INFO: [Synth 8-3491] module 'Instruction_Decoder' declared at 'C:/Users/ASUS TUF/Documents/Vivado/Nano_Alts/Lower2/Lab10.srcs/sources_1/new/Instruction_Decoder.vhd:3' bound to instance 'InstructionDecoder' of component 'Instruction_Decoder' [C:/Users/ASUS TUF/Documents/Vivado/Nano_Alts/Lower2/Lab10.srcs/sources_1/new/NanoProcessor.vhd:163]
INFO: [Synth 8-638] synthesizing module 'Instruction_Decoder' [C:/Users/ASUS TUF/Documents/Vivado/Nano_Alts/Lower2/Lab10.srcs/sources_1/new/Instruction_Decoder.vhd:17]
INFO: [Synth 8-226] default block is never used [C:/Users/ASUS TUF/Documents/Vivado/Nano_Alts/Lower2/Lab10.srcs/sources_1/new/Instruction_Decoder.vhd:32]
INFO: [Synth 8-256] done synthesizing module 'Instruction_Decoder' (4#1) [C:/Users/ASUS TUF/Documents/Vivado/Nano_Alts/Lower2/Lab10.srcs/sources_1/new/Instruction_Decoder.vhd:17]
INFO: [Synth 8-3491] module 'Load_Selector' declared at 'C:/Users/ASUS TUF/Documents/Vivado/Nano_Alts/Lower2/Lab10.srcs/sources_1/new/Load_Selector.vhd:4' bound to instance 'LoadSelector' of component 'Load_Selector' [C:/Users/ASUS TUF/Documents/Vivado/Nano_Alts/Lower2/Lab10.srcs/sources_1/new/NanoProcessor.vhd:177]
INFO: [Synth 8-638] synthesizing module 'Load_Selector' [C:/Users/ASUS TUF/Documents/Vivado/Nano_Alts/Lower2/Lab10.srcs/sources_1/new/Load_Selector.vhd:13]
INFO: [Synth 8-256] done synthesizing module 'Load_Selector' (5#1) [C:/Users/ASUS TUF/Documents/Vivado/Nano_Alts/Lower2/Lab10.srcs/sources_1/new/Load_Selector.vhd:13]
INFO: [Synth 8-3491] module 'Register_Bank' declared at 'C:/Users/ASUS TUF/Documents/Vivado/Nano_Alts/Lower2/Lab10.srcs/sources_1/new/Register_Bank.vhd:4' bound to instance 'RegisterBank' of component 'Register_Bank' [C:/Users/ASUS TUF/Documents/Vivado/Nano_Alts/Lower2/Lab10.srcs/sources_1/new/NanoProcessor.vhd:186]
INFO: [Synth 8-638] synthesizing module 'Register_Bank' [C:/Users/ASUS TUF/Documents/Vivado/Nano_Alts/Lower2/Lab10.srcs/sources_1/new/Register_Bank.vhd:20]
INFO: [Synth 8-3491] module 'Decoder_8' declared at 'C:/Users/ASUS TUF/Documents/Vivado/Nano_Alts/Lower2/Lab10.srcs/sources_1/new/Decoder_8.vhd:4' bound to instance 'Decoder_3_to_8' of component 'Decoder_8' [C:/Users/ASUS TUF/Documents/Vivado/Nano_Alts/Lower2/Lab10.srcs/sources_1/new/Register_Bank.vhd:42]
INFO: [Synth 8-638] synthesizing module 'Decoder_8' [C:/Users/ASUS TUF/Documents/Vivado/Nano_Alts/Lower2/Lab10.srcs/sources_1/new/Decoder_8.vhd:11]
INFO: [Synth 8-226] default block is never used [C:/Users/ASUS TUF/Documents/Vivado/Nano_Alts/Lower2/Lab10.srcs/sources_1/new/Decoder_8.vhd:15]
INFO: [Synth 8-256] done synthesizing module 'Decoder_8' (6#1) [C:/Users/ASUS TUF/Documents/Vivado/Nano_Alts/Lower2/Lab10.srcs/sources_1/new/Decoder_8.vhd:11]
INFO: [Synth 8-3491] module 'Register_4bit' declared at 'C:/Users/ASUS TUF/Documents/Vivado/Nano_Alts/Lower2/Lab10.srcs/sources_1/new/Register_4bit.vhd:4' bound to instance 'reg_0' of component 'Register_4bit' [C:/Users/ASUS TUF/Documents/Vivado/Nano_Alts/Lower2/Lab10.srcs/sources_1/new/Register_Bank.vhd:48]
INFO: [Synth 8-638] synthesizing module 'Register_4bit' [C:/Users/ASUS TUF/Documents/Vivado/Nano_Alts/Lower2/Lab10.srcs/sources_1/new/Register_4bit.vhd:13]
INFO: [Synth 8-256] done synthesizing module 'Register_4bit' (7#1) [C:/Users/ASUS TUF/Documents/Vivado/Nano_Alts/Lower2/Lab10.srcs/sources_1/new/Register_4bit.vhd:13]
INFO: [Synth 8-3491] module 'Register_4bit' declared at 'C:/Users/ASUS TUF/Documents/Vivado/Nano_Alts/Lower2/Lab10.srcs/sources_1/new/Register_4bit.vhd:4' bound to instance 'reg_1' of component 'Register_4bit' [C:/Users/ASUS TUF/Documents/Vivado/Nano_Alts/Lower2/Lab10.srcs/sources_1/new/Register_Bank.vhd:57]
INFO: [Synth 8-638] synthesizing module 'Register_4bit__parameterized1' [C:/Users/ASUS TUF/Documents/Vivado/Nano_Alts/Lower2/Lab10.srcs/sources_1/new/Register_4bit.vhd:13]
INFO: [Synth 8-256] done synthesizing module 'Register_4bit__parameterized1' (7#1) [C:/Users/ASUS TUF/Documents/Vivado/Nano_Alts/Lower2/Lab10.srcs/sources_1/new/Register_4bit.vhd:13]
INFO: [Synth 8-3491] module 'Register_4bit' declared at 'C:/Users/ASUS TUF/Documents/Vivado/Nano_Alts/Lower2/Lab10.srcs/sources_1/new/Register_4bit.vhd:4' bound to instance 'reg_2' of component 'Register_4bit' [C:/Users/ASUS TUF/Documents/Vivado/Nano_Alts/Lower2/Lab10.srcs/sources_1/new/Register_Bank.vhd:65]
INFO: [Synth 8-3491] module 'Register_4bit' declared at 'C:/Users/ASUS TUF/Documents/Vivado/Nano_Alts/Lower2/Lab10.srcs/sources_1/new/Register_4bit.vhd:4' bound to instance 'reg_3' of component 'Register_4bit' [C:/Users/ASUS TUF/Documents/Vivado/Nano_Alts/Lower2/Lab10.srcs/sources_1/new/Register_Bank.vhd:73]
INFO: [Synth 8-3491] module 'Register_4bit' declared at 'C:/Users/ASUS TUF/Documents/Vivado/Nano_Alts/Lower2/Lab10.srcs/sources_1/new/Register_4bit.vhd:4' bound to instance 'reg_4' of component 'Register_4bit' [C:/Users/ASUS TUF/Documents/Vivado/Nano_Alts/Lower2/Lab10.srcs/sources_1/new/Register_Bank.vhd:81]
INFO: [Synth 8-3491] module 'Register_4bit' declared at 'C:/Users/ASUS TUF/Documents/Vivado/Nano_Alts/Lower2/Lab10.srcs/sources_1/new/Register_4bit.vhd:4' bound to instance 'reg_5' of component 'Register_4bit' [C:/Users/ASUS TUF/Documents/Vivado/Nano_Alts/Lower2/Lab10.srcs/sources_1/new/Register_Bank.vhd:89]
INFO: [Synth 8-3491] module 'Register_4bit' declared at 'C:/Users/ASUS TUF/Documents/Vivado/Nano_Alts/Lower2/Lab10.srcs/sources_1/new/Register_4bit.vhd:4' bound to instance 'reg_6' of component 'Register_4bit' [C:/Users/ASUS TUF/Documents/Vivado/Nano_Alts/Lower2/Lab10.srcs/sources_1/new/Register_Bank.vhd:97]
INFO: [Synth 8-3491] module 'Register_4bit' declared at 'C:/Users/ASUS TUF/Documents/Vivado/Nano_Alts/Lower2/Lab10.srcs/sources_1/new/Register_4bit.vhd:4' bound to instance 'reg_7' of component 'Register_4bit' [C:/Users/ASUS TUF/Documents/Vivado/Nano_Alts/Lower2/Lab10.srcs/sources_1/new/Register_Bank.vhd:105]
INFO: [Synth 8-256] done synthesizing module 'Register_Bank' (8#1) [C:/Users/ASUS TUF/Documents/Vivado/Nano_Alts/Lower2/Lab10.srcs/sources_1/new/Register_Bank.vhd:20]
INFO: [Synth 8-3491] module 'MUX8' declared at 'C:/Users/ASUS TUF/Documents/Vivado/Nano_Alts/Lower2/Lab10.srcs/sources_1/new/MUX8.vhd:4' bound to instance 'Selector_A' of component 'MUX8' [C:/Users/ASUS TUF/Documents/Vivado/Nano_Alts/Lower2/Lab10.srcs/sources_1/new/NanoProcessor.vhd:201]
INFO: [Synth 8-638] synthesizing module 'MUX8' [C:/Users/ASUS TUF/Documents/Vivado/Nano_Alts/Lower2/Lab10.srcs/sources_1/new/MUX8.vhd:19]
INFO: [Synth 8-226] default block is never used [C:/Users/ASUS TUF/Documents/Vivado/Nano_Alts/Lower2/Lab10.srcs/sources_1/new/MUX8.vhd:23]
INFO: [Synth 8-256] done synthesizing module 'MUX8' (9#1) [C:/Users/ASUS TUF/Documents/Vivado/Nano_Alts/Lower2/Lab10.srcs/sources_1/new/MUX8.vhd:19]
INFO: [Synth 8-3491] module 'MUX8' declared at 'C:/Users/ASUS TUF/Documents/Vivado/Nano_Alts/Lower2/Lab10.srcs/sources_1/new/MUX8.vhd:4' bound to instance 'Selector_B' of component 'MUX8' [C:/Users/ASUS TUF/Documents/Vivado/Nano_Alts/Lower2/Lab10.srcs/sources_1/new/NanoProcessor.vhd:215]
INFO: [Synth 8-3491] module 'AU' declared at 'C:/Users/ASUS TUF/Documents/Vivado/Nano_Alts/Lower2/Lab10.srcs/sources_1/new/AU.vhd:4' bound to instance 'Arithmetic_Unit' of component 'AU' [C:/Users/ASUS TUF/Documents/Vivado/Nano_Alts/Lower2/Lab10.srcs/sources_1/new/NanoProcessor.vhd:229]
INFO: [Synth 8-638] synthesizing module 'AU' [C:/Users/ASUS TUF/Documents/Vivado/Nano_Alts/Lower2/Lab10.srcs/sources_1/new/AU.vhd:13]
INFO: [Synth 8-3491] module 'c_addsub_0' declared at 'C:/Users/ASUS TUF/Documents/Vivado/Nano_Alts/Lower2/.Xil/Vivado-32056-Bimsara/realtime/c_addsub_0_stub.vhdl:5' bound to instance 'addsub' of component 'c_addsub_0' [C:/Users/ASUS TUF/Documents/Vivado/Nano_Alts/Lower2/Lab10.srcs/sources_1/new/AU.vhd:51]
INFO: [Synth 8-638] synthesizing module 'c_addsub_0' [C:/Users/ASUS TUF/Documents/Vivado/Nano_Alts/Lower2/.Xil/Vivado-32056-Bimsara/realtime/c_addsub_0_stub.vhdl:16]
INFO: [Synth 8-256] done synthesizing module 'AU' (10#1) [C:/Users/ASUS TUF/Documents/Vivado/Nano_Alts/Lower2/Lab10.srcs/sources_1/new/AU.vhd:13]
INFO: [Synth 8-3491] module 'Program_ROM' declared at 'C:/Users/ASUS TUF/Documents/Vivado/Nano_Alts/Lower2/Lab10.srcs/sources_1/new/Program_ROM.vhd:5' bound to instance 'ProgramROM' of component 'Program_ROM' [C:/Users/ASUS TUF/Documents/Vivado/Nano_Alts/Lower2/Lab10.srcs/sources_1/new/NanoProcessor.vhd:240]
INFO: [Synth 8-638] synthesizing module 'Program_ROM' [C:/Users/ASUS TUF/Documents/Vivado/Nano_Alts/Lower2/Lab10.srcs/sources_1/new/Program_ROM.vhd:11]
INFO: [Synth 8-256] done synthesizing module 'Program_ROM' (11#1) [C:/Users/ASUS TUF/Documents/Vivado/Nano_Alts/Lower2/Lab10.srcs/sources_1/new/Program_ROM.vhd:11]
INFO: [Synth 8-256] done synthesizing module 'NanoProcessor' (12#1) [C:/Users/ASUS TUF/Documents/Vivado/Nano_Alts/Lower2/Lab10.srcs/sources_1/new/NanoProcessor.vhd:14]
INFO: [Synth 8-3491] module 'Display_Driver' declared at 'C:/Users/ASUS TUF/Documents/Vivado/Nano_Alts/Lower2/Lab10.srcs/sources_1/new/Display_Driver.vhd:5' bound to instance 'Driver' of component 'Display_Driver' [C:/Users/ASUS TUF/Documents/Vivado/Nano_Alts/Lower2/Lab10.srcs/sources_1/new/Computer.vhd:67]
INFO: [Synth 8-638] synthesizing module 'Display_Driver' [C:/Users/ASUS TUF/Documents/Vivado/Nano_Alts/Lower2/Lab10.srcs/sources_1/new/Display_Driver.vhd:12]
INFO: [Synth 8-256] done synthesizing module 'Display_Driver' (13#1) [C:/Users/ASUS TUF/Documents/Vivado/Nano_Alts/Lower2/Lab10.srcs/sources_1/new/Display_Driver.vhd:12]
INFO: [Synth 8-256] done synthesizing module 'Computer' (14#1) [C:/Users/ASUS TUF/Documents/Vivado/Nano_Alts/Lower2/Lab10.srcs/sources_1/new/Computer.vhd:14]
---------------------------------------------------------------------------------
Finished RTL Elaboration : Time (s): cpu = 00:00:04 ; elapsed = 00:00:03 . Memory (MB): peak = 2067.633 ; gain = 141.805
---------------------------------------------------------------------------------

Report Check Netlist: 
+------+------------------+-------+---------+-------+------------------+
|      |Item              |Errors |Warnings |Status |Description       |
+------+------------------+-------+---------+-------+------------------+
|1     |multi_driven_nets |      0|        0|Passed |Multi driven nets |
+------+------------------+-------+---------+-------+------------------+
---------------------------------------------------------------------------------
Start Handling Custom Attributes
---------------------------------------------------------------------------------
---------------------------------------------------------------------------------
Finished Handling Custom Attributes : Time (s): cpu = 00:00:04 ; elapsed = 00:00:03 . Memory (MB): peak = 2067.633 ; gain = 141.805
---------------------------------------------------------------------------------
---------------------------------------------------------------------------------
Finished RTL Optimization Phase 1 : Time (s): cpu = 00:00:04 ; elapsed = 00:00:03 . Memory (MB): peak = 2067.633 ; gain = 141.805
---------------------------------------------------------------------------------
INFO: [Project 1-454] Reading design checkpoint 'c:/Users/ASUS TUF/Documents/Vivado/Nano_Alts/Lower2/Lab10.srcs/sources_1/ip/c_addsub_0/c_addsub_0.dcp' for cell 'NP1/Arithmetic_Unit/addsub'
INFO: [Netlist 29-17] Analyzing 1 Unisim elements for replacement
INFO: [Netlist 29-28] Unisim Transformation completed in 0 CPU seconds
INFO: [Project 1-479] Netlist was created with Vivado 2018.2
INFO: [Project 1-570] Preparing netlist for logic optimization
INFO: [Opt 31-141] Inserted 5 OBUFs to IO ports without IO buffers.

Processing XDC Constraints
Initializing timing engine
Parsing XDC File [C:/Users/ASUS TUF/Documents/Vivado/Nano_Alts/Lower2/Lab10.srcs/constrs_1/imports/Basic/Basic_Constraints.xdc]
Finished Parsing XDC File [C:/Users/ASUS TUF/Documents/Vivado/Nano_Alts/Lower2/Lab10.srcs/constrs_1/imports/Basic/Basic_Constraints.xdc]
Completed Processing XDC Constraints

INFO: [Opt 31-138] Pushed 0 inverter(s) to 0 load pin(s).
INFO: [Project 1-111] Unisim Transformation Summary:
No Unisim elements were transformed.

RTL Elaboration Complete:  : Time (s): cpu = 00:00:08 ; elapsed = 00:00:05 . Memory (MB): peak = 2173.559 ; gain = 247.730
64 Infos, 0 Warnings, 0 Critical Warnings and 0 Errors encountered.
synth_design completed successfully
synth_design: Time (s): cpu = 00:00:08 ; elapsed = 00:00:05 . Memory (MB): peak = 2173.559 ; gain = 247.730
close_sim
INFO: [Simtcl 6-16] Simulation closed
exit
INFO: [Common 17-206] Exiting Vivado at Thu May 15 18:27:20 2025...
