#-----------------------------------------------------------
# Vivado v2018.2 (64-bit)
# SW Build 2258646 on Thu Jun 14 20:03:12 MDT 2018
# IP Build 2256618 on Thu Jun 14 22:10:49 MDT 2018
# Start of session at: Fri May 16 01:07:13 2025
# Process ID: 25676
# Current directory: C:/Users/ASUS TUF/Documents/Vivado/Nano_Alts/Lower2
# Command line: vivado.exe -gui_launcher_event rodinguilauncherevent21516 C:\Users\ASUS TUF\Documents\Vivado\Nano_Alts\Lower2\Lab10.xpr
# Log file: C:/Users/ASUS TUF/Documents/Vivado/Nano_Alts/Lower2/vivado.log
# Journal file: C:/Users/ASUS TUF/Documents/Vivado/Nano_Alts/Lower2\vivado.jou
#-----------------------------------------------------------
start_gui
open_project {C:/Users/ASUS TUF/Documents/Vivado/Nano_Alts/Lower2/Lab10.xpr}
Scanning sources...
Finished scanning sources
INFO: [IP_Flow 19-234] Refreshing IP repositories
INFO: [IP_Flow 19-1704] No user IP repositories specified
INFO: [IP_Flow 19-2313] Loaded Vivado IP repository 'C:/Xilinx/Vivado/2018.2/data/ip'.
open_project: Time (s): cpu = 00:00:08 ; elapsed = 00:00:05 . Memory (MB): peak = 953.559 ; gain = 211.562
update_compile_order -fileset sources_1
reset_run synth_1
launch_runs synth_1 -jobs 8
[Fri May 16 01:10:22 2025] Launched synth_1...
Run output will be captured here: C:/Users/ASUS TUF/Documents/Vivado/Nano_Alts/Lower2/Lab10.runs/synth_1/runme.log
open_run synth_1 -name synth_1
Design is defaulting to impl run constrset: constrs_1
Design is defaulting to synth run part: xc7a35tcpg236-1
INFO: [Project 1-454] Reading design checkpoint 'c:/Users/ASUS TUF/Documents/Vivado/Nano_Alts/Lower2/Lab10.srcs/sources_1/ip/c_addsub_0/c_addsub_0.dcp' for cell 'NP1/Arithmetic_Unit/addsub'
INFO: [Netlist 29-17] Analyzing 15 Unisim elements for replacement
INFO: [Netlist 29-28] Unisim Transformation completed in 0 CPU seconds
INFO: [Project 1-479] Netlist was created with Vivado 2018.2
INFO: [Device 21-403] Loading part xc7a35tcpg236-1
INFO: [Project 1-570] Preparing netlist for logic optimization
Parsing XDC File [C:/Users/ASUS TUF/Documents/Vivado/Nano_Alts/Lower2/Lab10.srcs/constrs_1/imports/Basic/Basic_Constraints.xdc]
Finished Parsing XDC File [C:/Users/ASUS TUF/Documents/Vivado/Nano_Alts/Lower2/Lab10.srcs/constrs_1/imports/Basic/Basic_Constraints.xdc]
INFO: [Opt 31-138] Pushed 0 inverter(s) to 0 load pin(s).
INFO: [Project 1-111] Unisim Transformation Summary:
No Unisim elements were transformed.

open_run: Time (s): cpu = 00:00:12 ; elapsed = 00:00:08 . Memory (MB): peak = 1439.703 ; gain = 431.062
report_utilization -name utilization_1
report_utilization: Time (s): cpu = 00:00:04 ; elapsed = 00:00:01 . Memory (MB): peak = 1670.082 ; gain = 196.180
reset_run synth_1
launch_runs synth_1 -jobs 8
[Fri May 16 01:12:45 2025] Launched synth_1...
Run output will be captured here: C:/Users/ASUS TUF/Documents/Vivado/Nano_Alts/Lower2/Lab10.runs/synth_1/runme.log
reset_run synth_1
launch_runs synth_1 -jobs 8
[Fri May 16 01:13:13 2025] Launched synth_1...
Run output will be captured here: C:/Users/ASUS TUF/Documents/Vivado/Nano_Alts/Lower2/Lab10.runs/synth_1/runme.log
reset_run synth_1
launch_runs synth_1 -jobs 8
[Fri May 16 01:13:51 2025] Launched synth_1...
Run output will be captured here: C:/Users/ASUS TUF/Documents/Vivado/Nano_Alts/Lower2/Lab10.runs/synth_1/runme.log
close_design
open_run synth_1 -name synth_1
Design is defaulting to impl run constrset: constrs_1
Design is defaulting to synth run part: xc7a35tcpg236-1
INFO: [Project 1-454] Reading design checkpoint 'c:/Users/ASUS TUF/Documents/Vivado/Nano_Alts/Lower2/Lab10.srcs/sources_1/ip/c_addsub_0/c_addsub_0.dcp' for cell 'NP1/Arithmetic_Unit/addsub'
INFO: [Netlist 29-17] Analyzing 15 Unisim elements for replacement
INFO: [Netlist 29-28] Unisim Transformation completed in 0 CPU seconds
INFO: [Project 1-479] Netlist was created with Vivado 2018.2
INFO: [Project 1-570] Preparing netlist for logic optimization
Parsing XDC File [C:/Users/ASUS TUF/Documents/Vivado/Nano_Alts/Lower2/Lab10.srcs/constrs_1/imports/Basic/Basic_Constraints.xdc]
Finished Parsing XDC File [C:/Users/ASUS TUF/Documents/Vivado/Nano_Alts/Lower2/Lab10.srcs/constrs_1/imports/Basic/Basic_Constraints.xdc]
INFO: [Opt 31-138] Pushed 0 inverter(s) to 0 load pin(s).
INFO: [Project 1-111] Unisim Transformation Summary:
No Unisim elements were transformed.

report_utilization -name utilization_1
report_utilization: Time (s): cpu = 00:00:02 ; elapsed = 00:00:00.838 . Memory (MB): peak = 1914.176 ; gain = 0.000
reset_run synth_1
launch_runs synth_1 -jobs 8
[Fri May 16 01:16:07 2025] Launched synth_1...
Run output will be captured here: C:/Users/ASUS TUF/Documents/Vivado/Nano_Alts/Lower2/Lab10.runs/synth_1/runme.log
launch_simulation
INFO: [Vivado 12-5698] Checking validity of IPs in the design for the 'XSim' simulator...
INFO: [Vivado 12-5682] Launching behavioral simulation in 'C:/Users/ASUS TUF/Documents/Vivado/Nano_Alts/Lower2/Lab10.sim/sim_1/behav/xsim'
INFO: [Vivado 12-4795] Using compiled simulation libraries for IPs
INFO: [SIM-utils-51] Simulation object is 'sim_1'
INFO: [USF-XSim-7] Finding pre-compiled libraries...
INFO: [USF-XSim-11] File 'C:/Xilinx/Vivado/2018.2/data/xsim/xsim.ini' copied to run dir:'C:/Users/ASUS TUF/Documents/Vivado/Nano_Alts/Lower2/Lab10.sim/sim_1/behav/xsim'
INFO: [SIM-utils-54] Inspecting design source files for 'Test_Comp' in fileset 'sim_1'...
INFO: [USF-XSim-97] Finding global include files...
INFO: [USF-XSim-98] Fetching design files from 'sim_1'...
INFO: [USF-XSim-2] XSim::Compile design
INFO: [USF-XSim-61] Executing 'COMPILE and ANALYZE' step in 'C:/Users/ASUS TUF/Documents/Vivado/Nano_Alts/Lower2/Lab10.sim/sim_1/behav/xsim'
"xvhdl --incr --relax -prj Test_Comp_vhdl.prj"
INFO: [VRFC 10-163] Analyzing VHDL file "C:/Users/ASUS TUF/Documents/Vivado/Nano_Alts/Lower2/Lab10.srcs/sources_1/new/Instruction_Decoder.vhd" into library xil_defaultlib
INFO: [VRFC 10-307] analyzing entity Instruction_Decoder
INFO: [VRFC 10-163] Analyzing VHDL file "C:/Users/ASUS TUF/Documents/Vivado/Nano_Alts/Lower2/Lab10.srcs/sources_1/new/NanoProcessor.vhd" into library xil_defaultlib
INFO: [VRFC 10-307] analyzing entity NanoProcessor
INFO: [VRFC 10-163] Analyzing VHDL file "C:/Users/ASUS TUF/Documents/Vivado/Nano_Alts/Lower2/Lab10.srcs/sources_1/new/PC_Inc_Behav.vhd" into library xil_defaultlib
INFO: [VRFC 10-307] analyzing entity PC_Inc_Behav
INFO: [USF-XSim-69] 'compile' step finished in '1' seconds
INFO: [USF-XSim-3] XSim::Elaborate design
INFO: [USF-XSim-61] Executing 'ELABORATE' step in 'C:/Users/ASUS TUF/Documents/Vivado/Nano_Alts/Lower2/Lab10.sim/sim_1/behav/xsim'
Vivado Simulator 2018.2
Copyright 1986-1999, 2001-2018 Xilinx, Inc. All Rights Reserved.
Running: C:/Xilinx/Vivado/2018.2/bin/unwrapped/win64.o/xelab.exe -wto a1583b26344940f9b507640dfaa62bca --incr --debug typical --relax --mt 2 -L xbip_utils_v3_0_9 -L c_reg_fd_v12_0_5 -L xbip_dsp48_wrapper_v3_0_4 -L xbip_pipe_v3_0_5 -L xbip_dsp48_addsub_v3_0_5 -L xbip_addsub_v3_0_5 -L c_addsub_v12_0_12 -L xil_defaultlib -L secureip -L xpm --snapshot Test_Comp_behav xil_defaultlib.Test_Comp -log elaborate.log 
Using 2 slave threads.
Starting static elaboration
Completed static elaboration
Starting simulation data flow analysis
Completed simulation data flow analysis
Time Resolution for simulation is 1ps
Compiling package std.standard
Compiling package std.textio
Compiling package ieee.std_logic_1164
Compiling package ieee.numeric_std
Compiling package c_addsub_v12_0_12.c_addsub_v12_0_12_viv_comp
Compiling package xbip_utils_v3_0_9.xbip_utils_v3_0_9_pkg
Compiling package xbip_pipe_v3_0_5.xbip_pipe_v3_0_5_viv_comp
Compiling package xbip_addsub_v3_0_5.xbip_addsub_v3_0_5_viv_comp
Compiling package c_addsub_v12_0_12.c_addsub_v12_0_12_pkg
Compiling package c_addsub_v12_0_12.c_addsub_v12_0_12_pkg_legacy
Compiling package xbip_dsp48_addsub_v3_0_5.xbip_dsp48_addsub_v3_0_5_viv_com...
Compiling package ieee.std_logic_arith
Compiling package xbip_dsp48_addsub_v3_0_5.xbip_dsp48_addsub_v3_0_5_pkg
Compiling package xbip_dsp48_wrapper_v3_0_4.xbip_dsp48_wrapper_v3_0_4_pkg
Compiling package unisim.vcomponents
Compiling package ieee.std_logic_signed
Compiling package ieee.vital_timing
Compiling package ieee.vital_primitives
Compiling package unisim.vpkg
Compiling architecture behavioral of entity xil_defaultlib.Slow_Clk [\Slow_Clk(n=1)\]
Compiling architecture behavioral of entity xil_defaultlib.Register_PC [register_pc_default]
Compiling architecture behavioral of entity xil_defaultlib.PC_Inc_Behav [pc_inc_behav_default]
Compiling architecture behavioral of entity xil_defaultlib.Instruction_Decoder [instruction_decoder_default]
Compiling architecture behavioral of entity xil_defaultlib.Load_Selector [load_selector_default]
Compiling architecture behavioral of entity xil_defaultlib.Decoder_8 [decoder_8_default]
Compiling architecture behavioral of entity xil_defaultlib.Register_4bit [register_4bit_default]
Compiling architecture behavioral of entity xil_defaultlib.Register_Bank [register_bank_default]
Compiling architecture behavioral of entity xil_defaultlib.MUX8 [mux8_default]
Compiling architecture dsp48e1_v of entity unisim.DSP48E1 [\DSP48E1(acascreg=0,adreg=0,alum...]
Compiling architecture synth of entity xbip_dsp48_wrapper_v3_0_4.xbip_dsp48e1_wrapper_v3_0 [\xbip_dsp48e1_wrapper_v3_0(acasc...]
Compiling architecture synth of entity xbip_dsp48_addsub_v3_0_5.xbip_dsp48_addsub_synth [\xbip_dsp48_addsub_synth(c_xdevi...]
Compiling architecture synth of entity xbip_dsp48_addsub_v3_0_5.xbip_dsp48_addsub_v3_0_5_viv [\xbip_dsp48_addsub_v3_0_5_viv(c_...]
Compiling architecture synth of entity xbip_addsub_v3_0_5.xbip_addsub_v3_0_5_viv [\xbip_addsub_v3_0_5_viv(c_xdevic...]
Compiling architecture synth of entity xbip_pipe_v3_0_5.xbip_pipe_v3_0_5_viv [\xbip_pipe_v3_0_5_viv(c_has_ce=1...]
Compiling architecture synth of entity c_addsub_v12_0_12.c_addsub_v12_0_12_viv [\c_addsub_v12_0_12_viv(c_xdevice...]
Compiling architecture xilinx of entity c_addsub_v12_0_12.c_addsub_v12_0_12 [\c_addsub_v12_0_12(c_xdevicefami...]
Compiling architecture c_addsub_0_arch of entity xil_defaultlib.c_addsub_0 [c_addsub_0_default]
Compiling architecture behavioral of entity xil_defaultlib.AU [au_default]
Compiling architecture behavioral of entity xil_defaultlib.Program_ROM [program_rom_default]
Compiling architecture behavioral of entity xil_defaultlib.NanoProcessor [nanoprocessor_default]
Compiling architecture behavioral of entity xil_defaultlib.Display_Driver [display_driver_default]
Compiling architecture behavioral of entity xil_defaultlib.Computer [computer_default]
Compiling architecture behavioral of entity xil_defaultlib.test_comp
Built simulation snapshot Test_Comp_behav
INFO: [USF-XSim-69] 'elaborate' step finished in '3' seconds
INFO: [USF-XSim-4] XSim::Simulate design
INFO: [USF-XSim-61] Executing 'SIMULATE' step in 'C:/Users/ASUS TUF/Documents/Vivado/Nano_Alts/Lower2/Lab10.sim/sim_1/behav/xsim'
INFO: [USF-XSim-98] *** Running xsim
   with args "Test_Comp_behav -key {Behavioral:sim_1:Functional:Test_Comp} -tclbatch {Test_Comp.tcl} -view {{C:/Users/ASUS TUF/Documents/Vivado/Nano_Alts/Lower2/Test_Comp_behav.wcfg}} -log {simulate.log}"
INFO: [USF-XSim-8] Loading simulator feature
Vivado Simulator 2018.2
Time resolution is 1 ps
open_wave_config {C:/Users/ASUS TUF/Documents/Vivado/Nano_Alts/Lower2/Test_Comp_behav.wcfg}
source Test_Comp.tcl
# set curr_wave [current_wave_config]
# if { [string length $curr_wave] == 0 } {
#   if { [llength [get_objects]] > 0} {
#     add_wave /
#     set_property needs_save false [current_wave_config]
#   } else {
#      send_msg_id Add_Wave-1 WARNING "No top level signals found. Simulator will start without a wave window. If you want to open a wave window go to 'File->New Waveform Configuration' or type 'create_wave_config' in the TCL console."
#   }
# }
# run 1000ns
INFO: [USF-XSim-96] XSim completed. Design snapshot 'Test_Comp_behav' loaded.
INFO: [USF-XSim-97] XSim simulation ran for 1000ns
launch_simulation: Time (s): cpu = 00:00:04 ; elapsed = 00:00:09 . Memory (MB): peak = 1938.246 ; gain = 24.070
reset_run synth_1
WARNING: [Vivado 12-1017] Problems encountered:
1. Failed to delete one or more files in run directory C:/Users/ASUS TUF/Documents/Vivado/Nano_Alts/Lower2/Lab10.runs/synth_1

launch_runs synth_1 -jobs 8
[Fri May 16 01:16:52 2025] Launched synth_1...
Run output will be captured here: C:/Users/ASUS TUF/Documents/Vivado/Nano_Alts/Lower2/Lab10.runs/synth_1/runme.log
close_design
open_run synth_1 -name synth_1
Design is defaulting to impl run constrset: constrs_1
Design is defaulting to synth run part: xc7a35tcpg236-1
INFO: [Project 1-454] Reading design checkpoint 'c:/Users/ASUS TUF/Documents/Vivado/Nano_Alts/Lower2/Lab10.srcs/sources_1/ip/c_addsub_0/c_addsub_0.dcp' for cell 'NP1/Arithmetic_Unit/addsub'
INFO: [Netlist 29-17] Analyzing 11 Unisim elements for replacement
INFO: [Netlist 29-28] Unisim Transformation completed in 0 CPU seconds
INFO: [Project 1-479] Netlist was created with Vivado 2018.2
INFO: [Project 1-570] Preparing netlist for logic optimization
Parsing XDC File [C:/Users/ASUS TUF/Documents/Vivado/Nano_Alts/Lower2/Lab10.srcs/constrs_1/imports/Basic/Basic_Constraints.xdc]
Finished Parsing XDC File [C:/Users/ASUS TUF/Documents/Vivado/Nano_Alts/Lower2/Lab10.srcs/constrs_1/imports/Basic/Basic_Constraints.xdc]
INFO: [Opt 31-138] Pushed 0 inverter(s) to 0 load pin(s).
INFO: [Project 1-111] Unisim Transformation Summary:
No Unisim elements were transformed.

report_utilization -name utilization_1
report_utilization: Time (s): cpu = 00:00:01 ; elapsed = 00:00:00.673 . Memory (MB): peak = 1955.027 ; gain = 0.000
launch_runs impl_1 -jobs 8
INFO: [Timing 38-480] Writing timing data to binary archive.
Writing placer database...
Writing XDEF routing.
Writing XDEF routing logical nets.
Writing XDEF routing special nets.
Write XDEF Complete: Time (s): cpu = 00:00:00 ; elapsed = 00:00:00.021 . Memory (MB): peak = 1963.270 ; gain = 0.809
[Fri May 16 01:21:55 2025] Launched impl_1...
Run output will be captured here: C:/Users/ASUS TUF/Documents/Vivado/Nano_Alts/Lower2/Lab10.runs/impl_1/runme.log
launch_runs impl_1 -to_step write_bitstream -jobs 8
[Fri May 16 01:23:16 2025] Launched impl_1...
Run output will be captured here: C:/Users/ASUS TUF/Documents/Vivado/Nano_Alts/Lower2/Lab10.runs/impl_1/runme.log
opt_design
Command: opt_design
Attempting to get a license for feature 'Implementation' and/or device 'xc7a35t'
INFO: [Common 17-349] Got license for feature 'Implementation' and/or device 'xc7a35t'
Running DRC as a precondition to command opt_design

Starting DRC Task
INFO: [DRC 23-27] Running DRC with 2 threads
INFO: [Project 1-461] DRC finished with 0 Errors
INFO: [Project 1-462] Please refer to the DRC report (report_drc) for more information.

Time (s): cpu = 00:00:00 ; elapsed = 00:00:00.433 . Memory (MB): peak = 1968.359 ; gain = 0.000

Starting Cache Timing Information Task
INFO: [Timing 38-35] Done setting XDC timing constraints.
Ending Cache Timing Information Task | Checksum: 226e49e31

Time (s): cpu = 00:00:00 ; elapsed = 00:00:00.068 . Memory (MB): peak = 1980.656 ; gain = 12.297

Starting Logic Optimization Task

Phase 1 Retarget
INFO: [Opt 31-138] Pushed 0 inverter(s) to 0 load pin(s).
INFO: [Opt 31-49] Retargeted 0 cell(s).
Phase 1 Retarget | Checksum: 25999ce8a

Time (s): cpu = 00:00:00 ; elapsed = 00:00:00.019 . Memory (MB): peak = 1980.656 ; gain = 0.000
INFO: [Opt 31-389] Phase Retarget created 0 cells and removed 0 cells

Phase 2 Constant propagation
INFO: [Opt 31-138] Pushed 0 inverter(s) to 0 load pin(s).
Phase 2 Constant propagation | Checksum: 25999ce8a

Time (s): cpu = 00:00:00 ; elapsed = 00:00:00.021 . Memory (MB): peak = 1980.656 ; gain = 0.000
INFO: [Opt 31-389] Phase Constant propagation created 0 cells and removed 0 cells

Phase 3 Sweep
Phase 3 Sweep | Checksum: 29dbed9b3

Time (s): cpu = 00:00:01 ; elapsed = 00:00:00.027 . Memory (MB): peak = 1980.656 ; gain = 0.000
INFO: [Opt 31-389] Phase Sweep created 0 cells and removed 0 cells

Phase 4 BUFG optimization
Phase 4 BUFG optimization | Checksum: 29dbed9b3

Time (s): cpu = 00:00:01 ; elapsed = 00:00:00.032 . Memory (MB): peak = 1980.656 ; gain = 0.000
INFO: [Opt 31-662] Phase BUFG optimization created 0 cells of which 0 are BUFGs and removed 0 cells.

Phase 5 Shift Register Optimization
Phase 5 Shift Register Optimization | Checksum: 1a283de91

Time (s): cpu = 00:00:01 ; elapsed = 00:00:00.037 . Memory (MB): peak = 1980.656 ; gain = 0.000
INFO: [Opt 31-389] Phase Shift Register Optimization created 0 cells and removed 0 cells

Phase 6 Post Processing Netlist
Phase 6 Post Processing Netlist | Checksum: 1a283de91

Time (s): cpu = 00:00:01 ; elapsed = 00:00:00.038 . Memory (MB): peak = 1980.656 ; gain = 0.000
INFO: [Opt 31-389] Phase Post Processing Netlist created 0 cells and removed 0 cells

Starting Connectivity Check Task

Time (s): cpu = 00:00:00 ; elapsed = 00:00:00.001 . Memory (MB): peak = 1980.656 ; gain = 0.000
Ending Logic Optimization Task | Checksum: 1a283de91

Time (s): cpu = 00:00:01 ; elapsed = 00:00:00.039 . Memory (MB): peak = 1980.656 ; gain = 0.000

Starting Power Optimization Task
INFO: [Pwropt 34-132] Skipping clock gating for clocks with a period < 2.00 ns.
Ending Power Optimization Task | Checksum: 1a283de91

Time (s): cpu = 00:00:00 ; elapsed = 00:00:00 . Memory (MB): peak = 1980.656 ; gain = 0.000

Starting Final Cleanup Task
Ending Final Cleanup Task | Checksum: 1a283de91

Time (s): cpu = 00:00:00 ; elapsed = 00:00:00 . Memory (MB): peak = 1980.656 ; gain = 0.000
INFO: [Common 17-83] Releasing license: Implementation
16 Infos, 0 Warnings, 0 Critical Warnings and 0 Errors encountered.
opt_design completed successfully
report_utilization -name utilization_1
report_utilization: Time (s): cpu = 00:00:03 ; elapsed = 00:00:00.685 . Memory (MB): peak = 1980.656 ; gain = 0.000
close_sim
INFO: [Simtcl 6-16] Simulation closed
exit
INFO: [Common 17-206] Exiting Vivado at Fri May 16 01:24:54 2025...
