Copyright 1986-2018 Xilinx, Inc. All Rights Reserved.
-----------------------------------------------------------------------------------------------------------------------------------------------------------------------------------------------
| Tool Version : Vivado v.2018.2 (win64) Build 2258646 Thu Jun 14 20:03:12 MDT 2018
| Date         : Fri May 16 01:22:41 2025
| Host         : Bimsara running 64-bit major release  (build 9200)
| Command      : report_timing_summary -max_paths 10 -file Computer_timing_summary_routed.rpt -pb Computer_timing_summary_routed.pb -rpx Computer_timing_summary_routed.rpx -warn_on_violation
| Design       : Computer
| Device       : 7a35t-cpg236
| Speed File   : -1  PRODUCTION 1.22 2018-03-21
-----------------------------------------------------------------------------------------------------------------------------------------------------------------------------------------------

Timing Summary Report

------------------------------------------------------------------------------------------------
| Timer Settings
| --------------
------------------------------------------------------------------------------------------------

  Enable Multi Corner Analysis               :  Yes
  Enable Pessimism Removal                   :  Yes
  Pessimism Removal Resolution               :  Nearest Common Node
  Enable Input Delay Default Clock           :  No
  Enable Preset / Clear Arcs                 :  No
  Disable Flight Delays                      :  No
  Ignore I/O Paths                           :  No
  Timing Early Launch at Borrowing Latches   :  false

  Corner  Analyze    Analyze    
  Name    Max Paths  Min Paths  
  ------  ---------  ---------  
  Slow    Yes        Yes        
  Fast    Yes        Yes        



check_timing report

Table of Contents
-----------------
1. checking no_clock
2. checking constant_clock
3. checking pulse_width_clock
4. checking unconstrained_internal_endpoints
5. checking no_input_delay
6. checking no_output_delay
7. checking multiple_clock
8. checking generated_clocks
9. checking loops
10. checking partial_input_delay
11. checking partial_output_delay
12. checking latch_loops

1. checking no_clock
--------------------
 There are 15 register/latch pins with no clock driven by root clock pin: SlowClk/Clk_status_reg/Q (HIGH)


2. checking constant_clock
--------------------------
 There are 0 register/latch pins with constant_clock.


3. checking pulse_width_clock
-----------------------------
 There are 0 register/latch pins which need pulse_width check


4. checking unconstrained_internal_endpoints
--------------------------------------------
 There are 30 pins that are not constrained for maximum delay. (HIGH)

 There are 0 pins that are not constrained for maximum delay due to constant clock.


5. checking no_input_delay
--------------------------
 There is 1 input port with no input delay specified. (HIGH)

 There are 0 input ports with no input delay but user has a false path constraint.


6. checking no_output_delay
---------------------------
 There are 13 ports with no output delay specified. (HIGH)

 There are 0 ports with no output delay but user has a false path constraint

 There are 0 ports with no output delay but with a timing clock defined on it or propagating through it


7. checking multiple_clock
--------------------------
 There are 0 register/latch pins with multiple clocks.


8. checking generated_clocks
----------------------------
 There are 0 generated clocks that are not connected to a clock source.


9. checking loops
-----------------
 There are 0 combinational loops in the design.


10. checking partial_input_delay
--------------------------------
 There are 0 input ports with partial input delay specified.


11. checking partial_output_delay
---------------------------------
 There are 0 ports with partial output delay specified.


12. checking latch_loops
------------------------
 There are 0 combinational latch loops in the design through latch input



------------------------------------------------------------------------------------------------
| Design Timing Summary
| ---------------------
------------------------------------------------------------------------------------------------

    WNS(ns)      TNS(ns)  TNS Failing Endpoints  TNS Total Endpoints      WHS(ns)      THS(ns)  THS Failing Endpoints  THS Total Endpoints     WPWS(ns)     TPWS(ns)  TPWS Failing Endpoints  TPWS Total Endpoints  
    -------      -------  ---------------------  -------------------      -------      -------  ---------------------  -------------------     --------     --------  ----------------------  --------------------  
      5.259        0.000                      0                   64        0.261        0.000                      0                   64        4.500        0.000                       0                    34  


All user specified timing constraints are met.


------------------------------------------------------------------------------------------------
| Clock Summary
| -------------
------------------------------------------------------------------------------------------------

Clock        Waveform(ns)       Period(ns)      Frequency(MHz)
-----        ------------       ----------      --------------
sys_clk_pin  {0.000 5.000}      10.000          100.000         


------------------------------------------------------------------------------------------------
| Intra Clock Table
| -----------------
------------------------------------------------------------------------------------------------

Clock             WNS(ns)      TNS(ns)  TNS Failing Endpoints  TNS Total Endpoints      WHS(ns)      THS(ns)  THS Failing Endpoints  THS Total Endpoints     WPWS(ns)     TPWS(ns)  TPWS Failing Endpoints  TPWS Total Endpoints  
-----             -------      -------  ---------------------  -------------------      -------      -------  ---------------------  -------------------     --------     --------  ----------------------  --------------------  
sys_clk_pin         5.259        0.000                      0                   64        0.261        0.000                      0                   64        4.500        0.000                       0                    34  


------------------------------------------------------------------------------------------------
| Inter Clock Table
| -----------------
------------------------------------------------------------------------------------------------

From Clock    To Clock          WNS(ns)      TNS(ns)  TNS Failing Endpoints  TNS Total Endpoints      WHS(ns)      THS(ns)  THS Failing Endpoints  THS Total Endpoints  
----------    --------          -------      -------  ---------------------  -------------------      -------      -------  ---------------------  -------------------  


------------------------------------------------------------------------------------------------
| Other Path Groups Table
| -----------------------
------------------------------------------------------------------------------------------------

Path Group    From Clock    To Clock          WNS(ns)      TNS(ns)  TNS Failing Endpoints  TNS Total Endpoints      WHS(ns)      THS(ns)  THS Failing Endpoints  THS Total Endpoints  
----------    ----------    --------          -------      -------  ---------------------  -------------------      -------      -------  ---------------------  -------------------  


------------------------------------------------------------------------------------------------
| Timing Details
| --------------
------------------------------------------------------------------------------------------------


---------------------------------------------------------------------------------------------------
From Clock:  sys_clk_pin
  To Clock:  sys_clk_pin

Setup :            0  Failing Endpoints,  Worst Slack        5.259ns,  Total Violation        0.000ns
Hold  :            0  Failing Endpoints,  Worst Slack        0.261ns,  Total Violation        0.000ns
PW    :            0  Failing Endpoints,  Worst Slack        4.500ns,  Total Violation        0.000ns
---------------------------------------------------------------------------------------------------


Max Delay Paths
--------------------------------------------------------------------------------------
Slack (MET) :             5.259ns  (required time - arrival time)
  Source:                 SlowClk/count_reg[24]/C
                            (rising edge-triggered cell FDRE clocked by sys_clk_pin  {rise@0.000ns fall@5.000ns period=10.000ns})
  Destination:            SlowClk/count_reg[29]/R
                            (rising edge-triggered cell FDRE clocked by sys_clk_pin  {rise@0.000ns fall@5.000ns period=10.000ns})
  Path Group:             sys_clk_pin
  Path Type:              Setup (Max at Slow Process Corner)
  Requirement:            10.000ns  (sys_clk_pin rise@10.000ns - sys_clk_pin rise@0.000ns)
  Data Path Delay:        4.252ns  (logic 0.828ns (19.474%)  route 3.424ns (80.526%))
  Logic Levels:           3  (LUT4=2 LUT6=1)
  Clock Path Skew:        -0.025ns (DCD - SCD + CPR)
    Destination Clock Delay (DCD):    4.781ns = ( 14.781 - 10.000 ) 
    Source Clock Delay      (SCD):    5.080ns
    Clock Pessimism Removal (CPR):    0.274ns
  Clock Uncertainty:      0.035ns  ((TSJ^2 + TIJ^2)^1/2 + DJ) / 2 + PE
    Total System Jitter     (TSJ):    0.071ns
    Total Input Jitter      (TIJ):    0.000ns
    Discrete Jitter          (DJ):    0.000ns
    Phase Error              (PE):    0.000ns

    Location             Delay type                Incr(ns)  Path(ns)    Netlist Resource(s)
  -------------------------------------------------------------------    -------------------
                         (clock sys_clk_pin rise edge)
                                                      0.000     0.000 r  
    W5                                                0.000     0.000 r  Clk (IN)
                         net (fo=0)                   0.000     0.000    Clk
    W5                   IBUF (Prop_ibuf_I_O)         1.458     1.458 r  Clk_IBUF_inst/O
                         net (fo=1, routed)           1.967     3.425    Clk_IBUF
    BUFGCTRL_X0Y0        BUFG (Prop_bufg_I_O)         0.096     3.521 r  Clk_IBUF_BUFG_inst/O
                         net (fo=33, routed)          1.559     5.080    SlowClk/Clk_IBUF_BUFG
    SLICE_X53Y19         FDRE                                         r  SlowClk/count_reg[24]/C
  -------------------------------------------------------------------    -------------------
    SLICE_X53Y19         FDRE (Prop_fdre_C_Q)         0.456     5.536 f  SlowClk/count_reg[24]/Q
                         net (fo=2, routed)           0.682     6.219    SlowClk/count[24]
    SLICE_X52Y19         LUT4 (Prop_lut4_I3_O)        0.124     6.343 f  SlowClk/count[0]_i_5/O
                         net (fo=1, routed)           0.452     6.794    SlowClk/count[0]_i_5_n_0
    SLICE_X52Y19         LUT6 (Prop_lut6_I0_O)        0.124     6.918 f  SlowClk/count[0]_i_2/O
                         net (fo=3, routed)           1.045     7.964    SlowClk/count[0]_i_2_n_0
    SLICE_X52Y14         LUT4 (Prop_lut4_I0_O)        0.124     8.088 r  SlowClk/count[31]_i_1/O
                         net (fo=31, routed)          1.245     9.332    SlowClk/Clk_status
    SLICE_X53Y21         FDRE                                         r  SlowClk/count_reg[29]/R
  -------------------------------------------------------------------    -------------------

                         (clock sys_clk_pin rise edge)
                                                     10.000    10.000 r  
    W5                                                0.000    10.000 r  Clk (IN)
                         net (fo=0)                   0.000    10.000    Clk
    W5                   IBUF (Prop_ibuf_I_O)         1.388    11.388 r  Clk_IBUF_inst/O
                         net (fo=1, routed)           1.862    13.250    Clk_IBUF
    BUFGCTRL_X0Y0        BUFG (Prop_bufg_I_O)         0.091    13.341 r  Clk_IBUF_BUFG_inst/O
                         net (fo=33, routed)          1.440    14.781    SlowClk/Clk_IBUF_BUFG
    SLICE_X53Y21         FDRE                                         r  SlowClk/count_reg[29]/C
                         clock pessimism              0.274    15.055    
                         clock uncertainty           -0.035    15.020    
    SLICE_X53Y21         FDRE (Setup_fdre_C_R)       -0.429    14.591    SlowClk/count_reg[29]
  -------------------------------------------------------------------
                         required time                         14.591    
                         arrival time                          -9.332    
  -------------------------------------------------------------------
                         slack                                  5.259    

Slack (MET) :             5.259ns  (required time - arrival time)
  Source:                 SlowClk/count_reg[24]/C
                            (rising edge-triggered cell FDRE clocked by sys_clk_pin  {rise@0.000ns fall@5.000ns period=10.000ns})
  Destination:            SlowClk/count_reg[30]/R
                            (rising edge-triggered cell FDRE clocked by sys_clk_pin  {rise@0.000ns fall@5.000ns period=10.000ns})
  Path Group:             sys_clk_pin
  Path Type:              Setup (Max at Slow Process Corner)
  Requirement:            10.000ns  (sys_clk_pin rise@10.000ns - sys_clk_pin rise@0.000ns)
  Data Path Delay:        4.252ns  (logic 0.828ns (19.474%)  route 3.424ns (80.526%))
  Logic Levels:           3  (LUT4=2 LUT6=1)
  Clock Path Skew:        -0.025ns (DCD - SCD + CPR)
    Destination Clock Delay (DCD):    4.781ns = ( 14.781 - 10.000 ) 
    Source Clock Delay      (SCD):    5.080ns
    Clock Pessimism Removal (CPR):    0.274ns
  Clock Uncertainty:      0.035ns  ((TSJ^2 + TIJ^2)^1/2 + DJ) / 2 + PE
    Total System Jitter     (TSJ):    0.071ns
    Total Input Jitter      (TIJ):    0.000ns
    Discrete Jitter          (DJ):    0.000ns
    Phase Error              (PE):    0.000ns

    Location             Delay type                Incr(ns)  Path(ns)    Netlist Resource(s)
  -------------------------------------------------------------------    -------------------
                         (clock sys_clk_pin rise edge)
                                                      0.000     0.000 r  
    W5                                                0.000     0.000 r  Clk (IN)
                         net (fo=0)                   0.000     0.000    Clk
    W5                   IBUF (Prop_ibuf_I_O)         1.458     1.458 r  Clk_IBUF_inst/O
                         net (fo=1, routed)           1.967     3.425    Clk_IBUF
    BUFGCTRL_X0Y0        BUFG (Prop_bufg_I_O)         0.096     3.521 r  Clk_IBUF_BUFG_inst/O
                         net (fo=33, routed)          1.559     5.080    SlowClk/Clk_IBUF_BUFG
    SLICE_X53Y19         FDRE                                         r  SlowClk/count_reg[24]/C
  -------------------------------------------------------------------    -------------------
    SLICE_X53Y19         FDRE (Prop_fdre_C_Q)         0.456     5.536 f  SlowClk/count_reg[24]/Q
                         net (fo=2, routed)           0.682     6.219    SlowClk/count[24]
    SLICE_X52Y19         LUT4 (Prop_lut4_I3_O)        0.124     6.343 f  SlowClk/count[0]_i_5/O
                         net (fo=1, routed)           0.452     6.794    SlowClk/count[0]_i_5_n_0
    SLICE_X52Y19         LUT6 (Prop_lut6_I0_O)        0.124     6.918 f  SlowClk/count[0]_i_2/O
                         net (fo=3, routed)           1.045     7.964    SlowClk/count[0]_i_2_n_0
    SLICE_X52Y14         LUT4 (Prop_lut4_I0_O)        0.124     8.088 r  SlowClk/count[31]_i_1/O
                         net (fo=31, routed)          1.245     9.332    SlowClk/Clk_status
    SLICE_X53Y21         FDRE                                         r  SlowClk/count_reg[30]/R
  -------------------------------------------------------------------    -------------------

                         (clock sys_clk_pin rise edge)
                                                     10.000    10.000 r  
    W5                                                0.000    10.000 r  Clk (IN)
                         net (fo=0)                   0.000    10.000    Clk
    W5                   IBUF (Prop_ibuf_I_O)         1.388    11.388 r  Clk_IBUF_inst/O
                         net (fo=1, routed)           1.862    13.250    Clk_IBUF
    BUFGCTRL_X0Y0        BUFG (Prop_bufg_I_O)         0.091    13.341 r  Clk_IBUF_BUFG_inst/O
                         net (fo=33, routed)          1.440    14.781    SlowClk/Clk_IBUF_BUFG
    SLICE_X53Y21         FDRE                                         r  SlowClk/count_reg[30]/C
                         clock pessimism              0.274    15.055    
                         clock uncertainty           -0.035    15.020    
    SLICE_X53Y21         FDRE (Setup_fdre_C_R)       -0.429    14.591    SlowClk/count_reg[30]
  -------------------------------------------------------------------
                         required time                         14.591    
                         arrival time                          -9.332    
  -------------------------------------------------------------------
                         slack                                  5.259    

Slack (MET) :             5.259ns  (required time - arrival time)
  Source:                 SlowClk/count_reg[24]/C
                            (rising edge-triggered cell FDRE clocked by sys_clk_pin  {rise@0.000ns fall@5.000ns period=10.000ns})
  Destination:            SlowClk/count_reg[31]/R
                            (rising edge-triggered cell FDRE clocked by sys_clk_pin  {rise@0.000ns fall@5.000ns period=10.000ns})
  Path Group:             sys_clk_pin
  Path Type:              Setup (Max at Slow Process Corner)
  Requirement:            10.000ns  (sys_clk_pin rise@10.000ns - sys_clk_pin rise@0.000ns)
  Data Path Delay:        4.252ns  (logic 0.828ns (19.474%)  route 3.424ns (80.526%))
  Logic Levels:           3  (LUT4=2 LUT6=1)
  Clock Path Skew:        -0.025ns (DCD - SCD + CPR)
    Destination Clock Delay (DCD):    4.781ns = ( 14.781 - 10.000 ) 
    Source Clock Delay      (SCD):    5.080ns
    Clock Pessimism Removal (CPR):    0.274ns
  Clock Uncertainty:      0.035ns  ((TSJ^2 + TIJ^2)^1/2 + DJ) / 2 + PE
    Total System Jitter     (TSJ):    0.071ns
    Total Input Jitter      (TIJ):    0.000ns
    Discrete Jitter          (DJ):    0.000ns
    Phase Error              (PE):    0.000ns

    Location             Delay type                Incr(ns)  Path(ns)    Netlist Resource(s)
  -------------------------------------------------------------------    -------------------
                         (clock sys_clk_pin rise edge)
                                                      0.000     0.000 r  
    W5                                                0.000     0.000 r  Clk (IN)
                         net (fo=0)                   0.000     0.000    Clk
    W5                   IBUF (Prop_ibuf_I_O)         1.458     1.458 r  Clk_IBUF_inst/O
                         net (fo=1, routed)           1.967     3.425    Clk_IBUF
    BUFGCTRL_X0Y0        BUFG (Prop_bufg_I_O)         0.096     3.521 r  Clk_IBUF_BUFG_inst/O
                         net (fo=33, routed)          1.559     5.080    SlowClk/Clk_IBUF_BUFG
    SLICE_X53Y19         FDRE                                         r  SlowClk/count_reg[24]/C
  -------------------------------------------------------------------    -------------------
    SLICE_X53Y19         FDRE (Prop_fdre_C_Q)         0.456     5.536 f  SlowClk/count_reg[24]/Q
                         net (fo=2, routed)           0.682     6.219    SlowClk/count[24]
    SLICE_X52Y19         LUT4 (Prop_lut4_I3_O)        0.124     6.343 f  SlowClk/count[0]_i_5/O
                         net (fo=1, routed)           0.452     6.794    SlowClk/count[0]_i_5_n_0
    SLICE_X52Y19         LUT6 (Prop_lut6_I0_O)        0.124     6.918 f  SlowClk/count[0]_i_2/O
                         net (fo=3, routed)           1.045     7.964    SlowClk/count[0]_i_2_n_0
    SLICE_X52Y14         LUT4 (Prop_lut4_I0_O)        0.124     8.088 r  SlowClk/count[31]_i_1/O
                         net (fo=31, routed)          1.245     9.332    SlowClk/Clk_status
    SLICE_X53Y21         FDRE                                         r  SlowClk/count_reg[31]/R
  -------------------------------------------------------------------    -------------------

                         (clock sys_clk_pin rise edge)
                                                     10.000    10.000 r  
    W5                                                0.000    10.000 r  Clk (IN)
                         net (fo=0)                   0.000    10.000    Clk
    W5                   IBUF (Prop_ibuf_I_O)         1.388    11.388 r  Clk_IBUF_inst/O
                         net (fo=1, routed)           1.862    13.250    Clk_IBUF
    BUFGCTRL_X0Y0        BUFG (Prop_bufg_I_O)         0.091    13.341 r  Clk_IBUF_BUFG_inst/O
                         net (fo=33, routed)          1.440    14.781    SlowClk/Clk_IBUF_BUFG
    SLICE_X53Y21         FDRE                                         r  SlowClk/count_reg[31]/C
                         clock pessimism              0.274    15.055    
                         clock uncertainty           -0.035    15.020    
    SLICE_X53Y21         FDRE (Setup_fdre_C_R)       -0.429    14.591    SlowClk/count_reg[31]
  -------------------------------------------------------------------
                         required time                         14.591    
                         arrival time                          -9.332    
  -------------------------------------------------------------------
                         slack                                  5.259    

Slack (MET) :             5.398ns  (required time - arrival time)
  Source:                 SlowClk/count_reg[24]/C
                            (rising edge-triggered cell FDRE clocked by sys_clk_pin  {rise@0.000ns fall@5.000ns period=10.000ns})
  Destination:            SlowClk/count_reg[25]/R
                            (rising edge-triggered cell FDRE clocked by sys_clk_pin  {rise@0.000ns fall@5.000ns period=10.000ns})
  Path Group:             sys_clk_pin
  Path Type:              Setup (Max at Slow Process Corner)
  Requirement:            10.000ns  (sys_clk_pin rise@10.000ns - sys_clk_pin rise@0.000ns)
  Data Path Delay:        4.114ns  (logic 0.828ns (20.129%)  route 3.286ns (79.871%))
  Logic Levels:           3  (LUT4=2 LUT6=1)
  Clock Path Skew:        -0.024ns (DCD - SCD + CPR)
    Destination Clock Delay (DCD):    4.782ns = ( 14.782 - 10.000 ) 
    Source Clock Delay      (SCD):    5.080ns
    Clock Pessimism Removal (CPR):    0.274ns
  Clock Uncertainty:      0.035ns  ((TSJ^2 + TIJ^2)^1/2 + DJ) / 2 + PE
    Total System Jitter     (TSJ):    0.071ns
    Total Input Jitter      (TIJ):    0.000ns
    Discrete Jitter          (DJ):    0.000ns
    Phase Error              (PE):    0.000ns

    Location             Delay type                Incr(ns)  Path(ns)    Netlist Resource(s)
  -------------------------------------------------------------------    -------------------
                         (clock sys_clk_pin rise edge)
                                                      0.000     0.000 r  
    W5                                                0.000     0.000 r  Clk (IN)
                         net (fo=0)                   0.000     0.000    Clk
    W5                   IBUF (Prop_ibuf_I_O)         1.458     1.458 r  Clk_IBUF_inst/O
                         net (fo=1, routed)           1.967     3.425    Clk_IBUF
    BUFGCTRL_X0Y0        BUFG (Prop_bufg_I_O)         0.096     3.521 r  Clk_IBUF_BUFG_inst/O
                         net (fo=33, routed)          1.559     5.080    SlowClk/Clk_IBUF_BUFG
    SLICE_X53Y19         FDRE                                         r  SlowClk/count_reg[24]/C
  -------------------------------------------------------------------    -------------------
    SLICE_X53Y19         FDRE (Prop_fdre_C_Q)         0.456     5.536 f  SlowClk/count_reg[24]/Q
                         net (fo=2, routed)           0.682     6.219    SlowClk/count[24]
    SLICE_X52Y19         LUT4 (Prop_lut4_I3_O)        0.124     6.343 f  SlowClk/count[0]_i_5/O
                         net (fo=1, routed)           0.452     6.794    SlowClk/count[0]_i_5_n_0
    SLICE_X52Y19         LUT6 (Prop_lut6_I0_O)        0.124     6.918 f  SlowClk/count[0]_i_2/O
                         net (fo=3, routed)           1.045     7.964    SlowClk/count[0]_i_2_n_0
    SLICE_X52Y14         LUT4 (Prop_lut4_I0_O)        0.124     8.088 r  SlowClk/count[31]_i_1/O
                         net (fo=31, routed)          1.106     9.194    SlowClk/Clk_status
    SLICE_X53Y20         FDRE                                         r  SlowClk/count_reg[25]/R
  -------------------------------------------------------------------    -------------------

                         (clock sys_clk_pin rise edge)
                                                     10.000    10.000 r  
    W5                                                0.000    10.000 r  Clk (IN)
                         net (fo=0)                   0.000    10.000    Clk
    W5                   IBUF (Prop_ibuf_I_O)         1.388    11.388 r  Clk_IBUF_inst/O
                         net (fo=1, routed)           1.862    13.250    Clk_IBUF
    BUFGCTRL_X0Y0        BUFG (Prop_bufg_I_O)         0.091    13.341 r  Clk_IBUF_BUFG_inst/O
                         net (fo=33, routed)          1.441    14.782    SlowClk/Clk_IBUF_BUFG
    SLICE_X53Y20         FDRE                                         r  SlowClk/count_reg[25]/C
                         clock pessimism              0.274    15.056    
                         clock uncertainty           -0.035    15.021    
    SLICE_X53Y20         FDRE (Setup_fdre_C_R)       -0.429    14.592    SlowClk/count_reg[25]
  -------------------------------------------------------------------
                         required time                         14.592    
                         arrival time                          -9.194    
  -------------------------------------------------------------------
                         slack                                  5.398    

Slack (MET) :             5.398ns  (required time - arrival time)
  Source:                 SlowClk/count_reg[24]/C
                            (rising edge-triggered cell FDRE clocked by sys_clk_pin  {rise@0.000ns fall@5.000ns period=10.000ns})
  Destination:            SlowClk/count_reg[26]/R
                            (rising edge-triggered cell FDRE clocked by sys_clk_pin  {rise@0.000ns fall@5.000ns period=10.000ns})
  Path Group:             sys_clk_pin
  Path Type:              Setup (Max at Slow Process Corner)
  Requirement:            10.000ns  (sys_clk_pin rise@10.000ns - sys_clk_pin rise@0.000ns)
  Data Path Delay:        4.114ns  (logic 0.828ns (20.129%)  route 3.286ns (79.871%))
  Logic Levels:           3  (LUT4=2 LUT6=1)
  Clock Path Skew:        -0.024ns (DCD - SCD + CPR)
    Destination Clock Delay (DCD):    4.782ns = ( 14.782 - 10.000 ) 
    Source Clock Delay      (SCD):    5.080ns
    Clock Pessimism Removal (CPR):    0.274ns
  Clock Uncertainty:      0.035ns  ((TSJ^2 + TIJ^2)^1/2 + DJ) / 2 + PE
    Total System Jitter     (TSJ):    0.071ns
    Total Input Jitter      (TIJ):    0.000ns
    Discrete Jitter          (DJ):    0.000ns
    Phase Error              (PE):    0.000ns

    Location             Delay type                Incr(ns)  Path(ns)    Netlist Resource(s)
  -------------------------------------------------------------------    -------------------
                         (clock sys_clk_pin rise edge)
                                                      0.000     0.000 r  
    W5                                                0.000     0.000 r  Clk (IN)
                         net (fo=0)                   0.000     0.000    Clk
    W5                   IBUF (Prop_ibuf_I_O)         1.458     1.458 r  Clk_IBUF_inst/O
                         net (fo=1, routed)           1.967     3.425    Clk_IBUF
    BUFGCTRL_X0Y0        BUFG (Prop_bufg_I_O)         0.096     3.521 r  Clk_IBUF_BUFG_inst/O
                         net (fo=33, routed)          1.559     5.080    SlowClk/Clk_IBUF_BUFG
    SLICE_X53Y19         FDRE                                         r  SlowClk/count_reg[24]/C
  -------------------------------------------------------------------    -------------------
    SLICE_X53Y19         FDRE (Prop_fdre_C_Q)         0.456     5.536 f  SlowClk/count_reg[24]/Q
                         net (fo=2, routed)           0.682     6.219    SlowClk/count[24]
    SLICE_X52Y19         LUT4 (Prop_lut4_I3_O)        0.124     6.343 f  SlowClk/count[0]_i_5/O
                         net (fo=1, routed)           0.452     6.794    SlowClk/count[0]_i_5_n_0
    SLICE_X52Y19         LUT6 (Prop_lut6_I0_O)        0.124     6.918 f  SlowClk/count[0]_i_2/O
                         net (fo=3, routed)           1.045     7.964    SlowClk/count[0]_i_2_n_0
    SLICE_X52Y14         LUT4 (Prop_lut4_I0_O)        0.124     8.088 r  SlowClk/count[31]_i_1/O
                         net (fo=31, routed)          1.106     9.194    SlowClk/Clk_status
    SLICE_X53Y20         FDRE                                         r  SlowClk/count_reg[26]/R
  -------------------------------------------------------------------    -------------------

                         (clock sys_clk_pin rise edge)
                                                     10.000    10.000 r  
    W5                                                0.000    10.000 r  Clk (IN)
                         net (fo=0)                   0.000    10.000    Clk
    W5                   IBUF (Prop_ibuf_I_O)         1.388    11.388 r  Clk_IBUF_inst/O
                         net (fo=1, routed)           1.862    13.250    Clk_IBUF
    BUFGCTRL_X0Y0        BUFG (Prop_bufg_I_O)         0.091    13.341 r  Clk_IBUF_BUFG_inst/O
                         net (fo=33, routed)          1.441    14.782    SlowClk/Clk_IBUF_BUFG
    SLICE_X53Y20         FDRE                                         r  SlowClk/count_reg[26]/C
                         clock pessimism              0.274    15.056    
                         clock uncertainty           -0.035    15.021    
    SLICE_X53Y20         FDRE (Setup_fdre_C_R)       -0.429    14.592    SlowClk/count_reg[26]
  -------------------------------------------------------------------
                         required time                         14.592    
                         arrival time                          -9.194    
  -------------------------------------------------------------------
                         slack                                  5.398    

Slack (MET) :             5.398ns  (required time - arrival time)
  Source:                 SlowClk/count_reg[24]/C
                            (rising edge-triggered cell FDRE clocked by sys_clk_pin  {rise@0.000ns fall@5.000ns period=10.000ns})
  Destination:            SlowClk/count_reg[27]/R
                            (rising edge-triggered cell FDRE clocked by sys_clk_pin  {rise@0.000ns fall@5.000ns period=10.000ns})
  Path Group:             sys_clk_pin
  Path Type:              Setup (Max at Slow Process Corner)
  Requirement:            10.000ns  (sys_clk_pin rise@10.000ns - sys_clk_pin rise@0.000ns)
  Data Path Delay:        4.114ns  (logic 0.828ns (20.129%)  route 3.286ns (79.871%))
  Logic Levels:           3  (LUT4=2 LUT6=1)
  Clock Path Skew:        -0.024ns (DCD - SCD + CPR)
    Destination Clock Delay (DCD):    4.782ns = ( 14.782 - 10.000 ) 
    Source Clock Delay      (SCD):    5.080ns
    Clock Pessimism Removal (CPR):    0.274ns
  Clock Uncertainty:      0.035ns  ((TSJ^2 + TIJ^2)^1/2 + DJ) / 2 + PE
    Total System Jitter     (TSJ):    0.071ns
    Total Input Jitter      (TIJ):    0.000ns
    Discrete Jitter          (DJ):    0.000ns
    Phase Error              (PE):    0.000ns

    Location             Delay type                Incr(ns)  Path(ns)    Netlist Resource(s)
  -------------------------------------------------------------------    -------------------
                         (clock sys_clk_pin rise edge)
                                                      0.000     0.000 r  
    W5                                                0.000     0.000 r  Clk (IN)
                         net (fo=0)                   0.000     0.000    Clk
    W5                   IBUF (Prop_ibuf_I_O)         1.458     1.458 r  Clk_IBUF_inst/O
                         net (fo=1, routed)           1.967     3.425    Clk_IBUF
    BUFGCTRL_X0Y0        BUFG (Prop_bufg_I_O)         0.096     3.521 r  Clk_IBUF_BUFG_inst/O
                         net (fo=33, routed)          1.559     5.080    SlowClk/Clk_IBUF_BUFG
    SLICE_X53Y19         FDRE                                         r  SlowClk/count_reg[24]/C
  -------------------------------------------------------------------    -------------------
    SLICE_X53Y19         FDRE (Prop_fdre_C_Q)         0.456     5.536 f  SlowClk/count_reg[24]/Q
                         net (fo=2, routed)           0.682     6.219    SlowClk/count[24]
    SLICE_X52Y19         LUT4 (Prop_lut4_I3_O)        0.124     6.343 f  SlowClk/count[0]_i_5/O
                         net (fo=1, routed)           0.452     6.794    SlowClk/count[0]_i_5_n_0
    SLICE_X52Y19         LUT6 (Prop_lut6_I0_O)        0.124     6.918 f  SlowClk/count[0]_i_2/O
                         net (fo=3, routed)           1.045     7.964    SlowClk/count[0]_i_2_n_0
    SLICE_X52Y14         LUT4 (Prop_lut4_I0_O)        0.124     8.088 r  SlowClk/count[31]_i_1/O
                         net (fo=31, routed)          1.106     9.194    SlowClk/Clk_status
    SLICE_X53Y20         FDRE                                         r  SlowClk/count_reg[27]/R
  -------------------------------------------------------------------    -------------------

                         (clock sys_clk_pin rise edge)
                                                     10.000    10.000 r  
    W5                                                0.000    10.000 r  Clk (IN)
                         net (fo=0)                   0.000    10.000    Clk
    W5                   IBUF (Prop_ibuf_I_O)         1.388    11.388 r  Clk_IBUF_inst/O
                         net (fo=1, routed)           1.862    13.250    Clk_IBUF
    BUFGCTRL_X0Y0        BUFG (Prop_bufg_I_O)         0.091    13.341 r  Clk_IBUF_BUFG_inst/O
                         net (fo=33, routed)          1.441    14.782    SlowClk/Clk_IBUF_BUFG
    SLICE_X53Y20         FDRE                                         r  SlowClk/count_reg[27]/C
                         clock pessimism              0.274    15.056    
                         clock uncertainty           -0.035    15.021    
    SLICE_X53Y20         FDRE (Setup_fdre_C_R)       -0.429    14.592    SlowClk/count_reg[27]
  -------------------------------------------------------------------
                         required time                         14.592    
                         arrival time                          -9.194    
  -------------------------------------------------------------------
                         slack                                  5.398    

Slack (MET) :             5.398ns  (required time - arrival time)
  Source:                 SlowClk/count_reg[24]/C
                            (rising edge-triggered cell FDRE clocked by sys_clk_pin  {rise@0.000ns fall@5.000ns period=10.000ns})
  Destination:            SlowClk/count_reg[28]/R
                            (rising edge-triggered cell FDRE clocked by sys_clk_pin  {rise@0.000ns fall@5.000ns period=10.000ns})
  Path Group:             sys_clk_pin
  Path Type:              Setup (Max at Slow Process Corner)
  Requirement:            10.000ns  (sys_clk_pin rise@10.000ns - sys_clk_pin rise@0.000ns)
  Data Path Delay:        4.114ns  (logic 0.828ns (20.129%)  route 3.286ns (79.871%))
  Logic Levels:           3  (LUT4=2 LUT6=1)
  Clock Path Skew:        -0.024ns (DCD - SCD + CPR)
    Destination Clock Delay (DCD):    4.782ns = ( 14.782 - 10.000 ) 
    Source Clock Delay      (SCD):    5.080ns
    Clock Pessimism Removal (CPR):    0.274ns
  Clock Uncertainty:      0.035ns  ((TSJ^2 + TIJ^2)^1/2 + DJ) / 2 + PE
    Total System Jitter     (TSJ):    0.071ns
    Total Input Jitter      (TIJ):    0.000ns
    Discrete Jitter          (DJ):    0.000ns
    Phase Error              (PE):    0.000ns

    Location             Delay type                Incr(ns)  Path(ns)    Netlist Resource(s)
  -------------------------------------------------------------------    -------------------
                         (clock sys_clk_pin rise edge)
                                                      0.000     0.000 r  
    W5                                                0.000     0.000 r  Clk (IN)
                         net (fo=0)                   0.000     0.000    Clk
    W5                   IBUF (Prop_ibuf_I_O)         1.458     1.458 r  Clk_IBUF_inst/O
                         net (fo=1, routed)           1.967     3.425    Clk_IBUF
    BUFGCTRL_X0Y0        BUFG (Prop_bufg_I_O)         0.096     3.521 r  Clk_IBUF_BUFG_inst/O
                         net (fo=33, routed)          1.559     5.080    SlowClk/Clk_IBUF_BUFG
    SLICE_X53Y19         FDRE                                         r  SlowClk/count_reg[24]/C
  -------------------------------------------------------------------    -------------------
    SLICE_X53Y19         FDRE (Prop_fdre_C_Q)         0.456     5.536 f  SlowClk/count_reg[24]/Q
                         net (fo=2, routed)           0.682     6.219    SlowClk/count[24]
    SLICE_X52Y19         LUT4 (Prop_lut4_I3_O)        0.124     6.343 f  SlowClk/count[0]_i_5/O
                         net (fo=1, routed)           0.452     6.794    SlowClk/count[0]_i_5_n_0
    SLICE_X52Y19         LUT6 (Prop_lut6_I0_O)        0.124     6.918 f  SlowClk/count[0]_i_2/O
                         net (fo=3, routed)           1.045     7.964    SlowClk/count[0]_i_2_n_0
    SLICE_X52Y14         LUT4 (Prop_lut4_I0_O)        0.124     8.088 r  SlowClk/count[31]_i_1/O
                         net (fo=31, routed)          1.106     9.194    SlowClk/Clk_status
    SLICE_X53Y20         FDRE                                         r  SlowClk/count_reg[28]/R
  -------------------------------------------------------------------    -------------------

                         (clock sys_clk_pin rise edge)
                                                     10.000    10.000 r  
    W5                                                0.000    10.000 r  Clk (IN)
                         net (fo=0)                   0.000    10.000    Clk
    W5                   IBUF (Prop_ibuf_I_O)         1.388    11.388 r  Clk_IBUF_inst/O
                         net (fo=1, routed)           1.862    13.250    Clk_IBUF
    BUFGCTRL_X0Y0        BUFG (Prop_bufg_I_O)         0.091    13.341 r  Clk_IBUF_BUFG_inst/O
                         net (fo=33, routed)          1.441    14.782    SlowClk/Clk_IBUF_BUFG
    SLICE_X53Y20         FDRE                                         r  SlowClk/count_reg[28]/C
                         clock pessimism              0.274    15.056    
                         clock uncertainty           -0.035    15.021    
    SLICE_X53Y20         FDRE (Setup_fdre_C_R)       -0.429    14.592    SlowClk/count_reg[28]
  -------------------------------------------------------------------
                         required time                         14.592    
                         arrival time                          -9.194    
  -------------------------------------------------------------------
                         slack                                  5.398    

Slack (MET) :             5.570ns  (required time - arrival time)
  Source:                 SlowClk/count_reg[20]/C
                            (rising edge-triggered cell FDRE clocked by sys_clk_pin  {rise@0.000ns fall@5.000ns period=10.000ns})
  Destination:            SlowClk/count_reg[21]/R
                            (rising edge-triggered cell FDRE clocked by sys_clk_pin  {rise@0.000ns fall@5.000ns period=10.000ns})
  Path Group:             sys_clk_pin
  Path Type:              Setup (Max at Slow Process Corner)
  Requirement:            10.000ns  (sys_clk_pin rise@10.000ns - sys_clk_pin rise@0.000ns)
  Data Path Delay:        3.941ns  (logic 0.828ns (21.011%)  route 3.113ns (78.989%))
  Logic Levels:           3  (LUT4=2 LUT6=1)
  Clock Path Skew:        -0.025ns (DCD - SCD + CPR)
    Destination Clock Delay (DCD):    4.782ns = ( 14.782 - 10.000 ) 
    Source Clock Delay      (SCD):    5.081ns
    Clock Pessimism Removal (CPR):    0.274ns
  Clock Uncertainty:      0.035ns  ((TSJ^2 + TIJ^2)^1/2 + DJ) / 2 + PE
    Total System Jitter     (TSJ):    0.071ns
    Total Input Jitter      (TIJ):    0.000ns
    Discrete Jitter          (DJ):    0.000ns
    Phase Error              (PE):    0.000ns

    Location             Delay type                Incr(ns)  Path(ns)    Netlist Resource(s)
  -------------------------------------------------------------------    -------------------
                         (clock sys_clk_pin rise edge)
                                                      0.000     0.000 r  
    W5                                                0.000     0.000 r  Clk (IN)
                         net (fo=0)                   0.000     0.000    Clk
    W5                   IBUF (Prop_ibuf_I_O)         1.458     1.458 r  Clk_IBUF_inst/O
                         net (fo=1, routed)           1.967     3.425    Clk_IBUF
    BUFGCTRL_X0Y0        BUFG (Prop_bufg_I_O)         0.096     3.521 r  Clk_IBUF_BUFG_inst/O
                         net (fo=33, routed)          1.560     5.081    SlowClk/Clk_IBUF_BUFG
    SLICE_X53Y18         FDRE                                         r  SlowClk/count_reg[20]/C
  -------------------------------------------------------------------    -------------------
    SLICE_X53Y18         FDRE (Prop_fdre_C_Q)         0.456     5.537 f  SlowClk/count_reg[20]/Q
                         net (fo=2, routed)           0.692     6.230    SlowClk/count[20]
    SLICE_X52Y18         LUT4 (Prop_lut4_I3_O)        0.124     6.354 f  SlowClk/count[0]_i_6/O
                         net (fo=1, routed)           0.417     6.771    SlowClk/count[0]_i_6_n_0
    SLICE_X52Y19         LUT6 (Prop_lut6_I1_O)        0.124     6.895 f  SlowClk/count[0]_i_2/O
                         net (fo=3, routed)           1.045     7.940    SlowClk/count[0]_i_2_n_0
    SLICE_X52Y14         LUT4 (Prop_lut4_I0_O)        0.124     8.064 r  SlowClk/count[31]_i_1/O
                         net (fo=31, routed)          0.958     9.022    SlowClk/Clk_status
    SLICE_X53Y19         FDRE                                         r  SlowClk/count_reg[21]/R
  -------------------------------------------------------------------    -------------------

                         (clock sys_clk_pin rise edge)
                                                     10.000    10.000 r  
    W5                                                0.000    10.000 r  Clk (IN)
                         net (fo=0)                   0.000    10.000    Clk
    W5                   IBUF (Prop_ibuf_I_O)         1.388    11.388 r  Clk_IBUF_inst/O
                         net (fo=1, routed)           1.862    13.250    Clk_IBUF
    BUFGCTRL_X0Y0        BUFG (Prop_bufg_I_O)         0.091    13.341 r  Clk_IBUF_BUFG_inst/O
                         net (fo=33, routed)          1.441    14.782    SlowClk/Clk_IBUF_BUFG
    SLICE_X53Y19         FDRE                                         r  SlowClk/count_reg[21]/C
                         clock pessimism              0.274    15.056    
                         clock uncertainty           -0.035    15.021    
    SLICE_X53Y19         FDRE (Setup_fdre_C_R)       -0.429    14.592    SlowClk/count_reg[21]
  -------------------------------------------------------------------
                         required time                         14.592    
                         arrival time                          -9.022    
  -------------------------------------------------------------------
                         slack                                  5.570    

Slack (MET) :             5.570ns  (required time - arrival time)
  Source:                 SlowClk/count_reg[20]/C
                            (rising edge-triggered cell FDRE clocked by sys_clk_pin  {rise@0.000ns fall@5.000ns period=10.000ns})
  Destination:            SlowClk/count_reg[22]/R
                            (rising edge-triggered cell FDRE clocked by sys_clk_pin  {rise@0.000ns fall@5.000ns period=10.000ns})
  Path Group:             sys_clk_pin
  Path Type:              Setup (Max at Slow Process Corner)
  Requirement:            10.000ns  (sys_clk_pin rise@10.000ns - sys_clk_pin rise@0.000ns)
  Data Path Delay:        3.941ns  (logic 0.828ns (21.011%)  route 3.113ns (78.989%))
  Logic Levels:           3  (LUT4=2 LUT6=1)
  Clock Path Skew:        -0.025ns (DCD - SCD + CPR)
    Destination Clock Delay (DCD):    4.782ns = ( 14.782 - 10.000 ) 
    Source Clock Delay      (SCD):    5.081ns
    Clock Pessimism Removal (CPR):    0.274ns
  Clock Uncertainty:      0.035ns  ((TSJ^2 + TIJ^2)^1/2 + DJ) / 2 + PE
    Total System Jitter     (TSJ):    0.071ns
    Total Input Jitter      (TIJ):    0.000ns
    Discrete Jitter          (DJ):    0.000ns
    Phase Error              (PE):    0.000ns

    Location             Delay type                Incr(ns)  Path(ns)    Netlist Resource(s)
  -------------------------------------------------------------------    -------------------
                         (clock sys_clk_pin rise edge)
                                                      0.000     0.000 r  
    W5                                                0.000     0.000 r  Clk (IN)
                         net (fo=0)                   0.000     0.000    Clk
    W5                   IBUF (Prop_ibuf_I_O)         1.458     1.458 r  Clk_IBUF_inst/O
                         net (fo=1, routed)           1.967     3.425    Clk_IBUF
    BUFGCTRL_X0Y0        BUFG (Prop_bufg_I_O)         0.096     3.521 r  Clk_IBUF_BUFG_inst/O
                         net (fo=33, routed)          1.560     5.081    SlowClk/Clk_IBUF_BUFG
    SLICE_X53Y18         FDRE                                         r  SlowClk/count_reg[20]/C
  -------------------------------------------------------------------    -------------------
    SLICE_X53Y18         FDRE (Prop_fdre_C_Q)         0.456     5.537 f  SlowClk/count_reg[20]/Q
                         net (fo=2, routed)           0.692     6.230    SlowClk/count[20]
    SLICE_X52Y18         LUT4 (Prop_lut4_I3_O)        0.124     6.354 f  SlowClk/count[0]_i_6/O
                         net (fo=1, routed)           0.417     6.771    SlowClk/count[0]_i_6_n_0
    SLICE_X52Y19         LUT6 (Prop_lut6_I1_O)        0.124     6.895 f  SlowClk/count[0]_i_2/O
                         net (fo=3, routed)           1.045     7.940    SlowClk/count[0]_i_2_n_0
    SLICE_X52Y14         LUT4 (Prop_lut4_I0_O)        0.124     8.064 r  SlowClk/count[31]_i_1/O
                         net (fo=31, routed)          0.958     9.022    SlowClk/Clk_status
    SLICE_X53Y19         FDRE                                         r  SlowClk/count_reg[22]/R
  -------------------------------------------------------------------    -------------------

                         (clock sys_clk_pin rise edge)
                                                     10.000    10.000 r  
    W5                                                0.000    10.000 r  Clk (IN)
                         net (fo=0)                   0.000    10.000    Clk
    W5                   IBUF (Prop_ibuf_I_O)         1.388    11.388 r  Clk_IBUF_inst/O
                         net (fo=1, routed)           1.862    13.250    Clk_IBUF
    BUFGCTRL_X0Y0        BUFG (Prop_bufg_I_O)         0.091    13.341 r  Clk_IBUF_BUFG_inst/O
                         net (fo=33, routed)          1.441    14.782    SlowClk/Clk_IBUF_BUFG
    SLICE_X53Y19         FDRE                                         r  SlowClk/count_reg[22]/C
                         clock pessimism              0.274    15.056    
                         clock uncertainty           -0.035    15.021    
    SLICE_X53Y19         FDRE (Setup_fdre_C_R)       -0.429    14.592    SlowClk/count_reg[22]
  -------------------------------------------------------------------
                         required time                         14.592    
                         arrival time                          -9.022    
  -------------------------------------------------------------------
                         slack                                  5.570    

Slack (MET) :             5.570ns  (required time - arrival time)
  Source:                 SlowClk/count_reg[20]/C
                            (rising edge-triggered cell FDRE clocked by sys_clk_pin  {rise@0.000ns fall@5.000ns period=10.000ns})
  Destination:            SlowClk/count_reg[23]/R
                            (rising edge-triggered cell FDRE clocked by sys_clk_pin  {rise@0.000ns fall@5.000ns period=10.000ns})
  Path Group:             sys_clk_pin
  Path Type:              Setup (Max at Slow Process Corner)
  Requirement:            10.000ns  (sys_clk_pin rise@10.000ns - sys_clk_pin rise@0.000ns)
  Data Path Delay:        3.941ns  (logic 0.828ns (21.011%)  route 3.113ns (78.989%))
  Logic Levels:           3  (LUT4=2 LUT6=1)
  Clock Path Skew:        -0.025ns (DCD - SCD + CPR)
    Destination Clock Delay (DCD):    4.782ns = ( 14.782 - 10.000 ) 
    Source Clock Delay      (SCD):    5.081ns
    Clock Pessimism Removal (CPR):    0.274ns
  Clock Uncertainty:      0.035ns  ((TSJ^2 + TIJ^2)^1/2 + DJ) / 2 + PE
    Total System Jitter     (TSJ):    0.071ns
    Total Input Jitter      (TIJ):    0.000ns
    Discrete Jitter          (DJ):    0.000ns
    Phase Error              (PE):    0.000ns

    Location             Delay type                Incr(ns)  Path(ns)    Netlist Resource(s)
  -------------------------------------------------------------------    -------------------
                         (clock sys_clk_pin rise edge)
                                                      0.000     0.000 r  
    W5                                                0.000     0.000 r  Clk (IN)
                         net (fo=0)                   0.000     0.000    Clk
    W5                   IBUF (Prop_ibuf_I_O)         1.458     1.458 r  Clk_IBUF_inst/O
                         net (fo=1, routed)           1.967     3.425    Clk_IBUF
    BUFGCTRL_X0Y0        BUFG (Prop_bufg_I_O)         0.096     3.521 r  Clk_IBUF_BUFG_inst/O
                         net (fo=33, routed)          1.560     5.081    SlowClk/Clk_IBUF_BUFG
    SLICE_X53Y18         FDRE                                         r  SlowClk/count_reg[20]/C
  -------------------------------------------------------------------    -------------------
    SLICE_X53Y18         FDRE (Prop_fdre_C_Q)         0.456     5.537 f  SlowClk/count_reg[20]/Q
                         net (fo=2, routed)           0.692     6.230    SlowClk/count[20]
    SLICE_X52Y18         LUT4 (Prop_lut4_I3_O)        0.124     6.354 f  SlowClk/count[0]_i_6/O
                         net (fo=1, routed)           0.417     6.771    SlowClk/count[0]_i_6_n_0
    SLICE_X52Y19         LUT6 (Prop_lut6_I1_O)        0.124     6.895 f  SlowClk/count[0]_i_2/O
                         net (fo=3, routed)           1.045     7.940    SlowClk/count[0]_i_2_n_0
    SLICE_X52Y14         LUT4 (Prop_lut4_I0_O)        0.124     8.064 r  SlowClk/count[31]_i_1/O
                         net (fo=31, routed)          0.958     9.022    SlowClk/Clk_status
    SLICE_X53Y19         FDRE                                         r  SlowClk/count_reg[23]/R
  -------------------------------------------------------------------    -------------------

                         (clock sys_clk_pin rise edge)
                                                     10.000    10.000 r  
    W5                                                0.000    10.000 r  Clk (IN)
                         net (fo=0)                   0.000    10.000    Clk
    W5                   IBUF (Prop_ibuf_I_O)         1.388    11.388 r  Clk_IBUF_inst/O
                         net (fo=1, routed)           1.862    13.250    Clk_IBUF
    BUFGCTRL_X0Y0        BUFG (Prop_bufg_I_O)         0.091    13.341 r  Clk_IBUF_BUFG_inst/O
                         net (fo=33, routed)          1.441    14.782    SlowClk/Clk_IBUF_BUFG
    SLICE_X53Y19         FDRE                                         r  SlowClk/count_reg[23]/C
                         clock pessimism              0.274    15.056    
                         clock uncertainty           -0.035    15.021    
    SLICE_X53Y19         FDRE (Setup_fdre_C_R)       -0.429    14.592    SlowClk/count_reg[23]
  -------------------------------------------------------------------
                         required time                         14.592    
                         arrival time                          -9.022    
  -------------------------------------------------------------------
                         slack                                  5.570    





Min Delay Paths
--------------------------------------------------------------------------------------
Slack (MET) :             0.261ns  (arrival time - required time)
  Source:                 SlowClk/count_reg[4]/C
                            (rising edge-triggered cell FDRE clocked by sys_clk_pin  {rise@0.000ns fall@5.000ns period=10.000ns})
  Destination:            SlowClk/count_reg[4]/D
                            (rising edge-triggered cell FDRE clocked by sys_clk_pin  {rise@0.000ns fall@5.000ns period=10.000ns})
  Path Group:             sys_clk_pin
  Path Type:              Hold (Min at Fast Process Corner)
  Requirement:            0.000ns  (sys_clk_pin rise@0.000ns - sys_clk_pin rise@0.000ns)
  Data Path Delay:        0.366ns  (logic 0.249ns (68.025%)  route 0.117ns (31.975%))
  Logic Levels:           1  (CARRY4=1)
  Clock Path Skew:        0.000ns (DCD - SCD - CPR)
    Destination Clock Delay (DCD):    1.959ns
    Source Clock Delay      (SCD):    1.445ns
    Clock Pessimism Removal (CPR):    0.514ns

    Location             Delay type                Incr(ns)  Path(ns)    Netlist Resource(s)
  -------------------------------------------------------------------    -------------------
                         (clock sys_clk_pin rise edge)
                                                      0.000     0.000 r  
    W5                                                0.000     0.000 r  Clk (IN)
                         net (fo=0)                   0.000     0.000    Clk
    W5                   IBUF (Prop_ibuf_I_O)         0.226     0.226 r  Clk_IBUF_inst/O
                         net (fo=1, routed)           0.631     0.858    Clk_IBUF
    BUFGCTRL_X0Y0        BUFG (Prop_bufg_I_O)         0.026     0.884 r  Clk_IBUF_BUFG_inst/O
                         net (fo=33, routed)          0.562     1.445    SlowClk/Clk_IBUF_BUFG
    SLICE_X53Y14         FDRE                                         r  SlowClk/count_reg[4]/C
  -------------------------------------------------------------------    -------------------
    SLICE_X53Y14         FDRE (Prop_fdre_C_Q)         0.141     1.586 r  SlowClk/count_reg[4]/Q
                         net (fo=2, routed)           0.117     1.703    SlowClk/count[4]
    SLICE_X53Y14         CARRY4 (Prop_carry4_S[3]_O[3])
                                                      0.108     1.811 r  SlowClk/count_reg[4]_i_1/O[3]
                         net (fo=1, routed)           0.000     1.811    SlowClk/data0[4]
    SLICE_X53Y14         FDRE                                         r  SlowClk/count_reg[4]/D
  -------------------------------------------------------------------    -------------------

                         (clock sys_clk_pin rise edge)
                                                      0.000     0.000 r  
    W5                                                0.000     0.000 r  Clk (IN)
                         net (fo=0)                   0.000     0.000    Clk
    W5                   IBUF (Prop_ibuf_I_O)         0.414     0.414 r  Clk_IBUF_inst/O
                         net (fo=1, routed)           0.685     1.099    Clk_IBUF
    BUFGCTRL_X0Y0        BUFG (Prop_bufg_I_O)         0.029     1.128 r  Clk_IBUF_BUFG_inst/O
                         net (fo=33, routed)          0.832     1.959    SlowClk/Clk_IBUF_BUFG
    SLICE_X53Y14         FDRE                                         r  SlowClk/count_reg[4]/C
                         clock pessimism             -0.514     1.445    
    SLICE_X53Y14         FDRE (Hold_fdre_C_D)         0.105     1.550    SlowClk/count_reg[4]
  -------------------------------------------------------------------
                         required time                         -1.550    
                         arrival time                           1.811    
  -------------------------------------------------------------------
                         slack                                  0.261    

Slack (MET) :             0.263ns  (arrival time - required time)
  Source:                 SlowClk/count_reg[12]/C
                            (rising edge-triggered cell FDRE clocked by sys_clk_pin  {rise@0.000ns fall@5.000ns period=10.000ns})
  Destination:            SlowClk/count_reg[12]/D
                            (rising edge-triggered cell FDRE clocked by sys_clk_pin  {rise@0.000ns fall@5.000ns period=10.000ns})
  Path Group:             sys_clk_pin
  Path Type:              Hold (Min at Fast Process Corner)
  Requirement:            0.000ns  (sys_clk_pin rise@0.000ns - sys_clk_pin rise@0.000ns)
  Data Path Delay:        0.368ns  (logic 0.249ns (67.612%)  route 0.119ns (32.388%))
  Logic Levels:           1  (CARRY4=1)
  Clock Path Skew:        0.000ns (DCD - SCD - CPR)
    Destination Clock Delay (DCD):    1.957ns
    Source Clock Delay      (SCD):    1.444ns
    Clock Pessimism Removal (CPR):    0.513ns

    Location             Delay type                Incr(ns)  Path(ns)    Netlist Resource(s)
  -------------------------------------------------------------------    -------------------
                         (clock sys_clk_pin rise edge)
                                                      0.000     0.000 r  
    W5                                                0.000     0.000 r  Clk (IN)
                         net (fo=0)                   0.000     0.000    Clk
    W5                   IBUF (Prop_ibuf_I_O)         0.226     0.226 r  Clk_IBUF_inst/O
                         net (fo=1, routed)           0.631     0.858    Clk_IBUF
    BUFGCTRL_X0Y0        BUFG (Prop_bufg_I_O)         0.026     0.884 r  Clk_IBUF_BUFG_inst/O
                         net (fo=33, routed)          0.561     1.444    SlowClk/Clk_IBUF_BUFG
    SLICE_X53Y16         FDRE                                         r  SlowClk/count_reg[12]/C
  -------------------------------------------------------------------    -------------------
    SLICE_X53Y16         FDRE (Prop_fdre_C_Q)         0.141     1.585 r  SlowClk/count_reg[12]/Q
                         net (fo=2, routed)           0.119     1.704    SlowClk/count[12]
    SLICE_X53Y16         CARRY4 (Prop_carry4_S[3]_O[3])
                                                      0.108     1.812 r  SlowClk/count_reg[12]_i_1/O[3]
                         net (fo=1, routed)           0.000     1.812    SlowClk/data0[12]
    SLICE_X53Y16         FDRE                                         r  SlowClk/count_reg[12]/D
  -------------------------------------------------------------------    -------------------

                         (clock sys_clk_pin rise edge)
                                                      0.000     0.000 r  
    W5                                                0.000     0.000 r  Clk (IN)
                         net (fo=0)                   0.000     0.000    Clk
    W5                   IBUF (Prop_ibuf_I_O)         0.414     0.414 r  Clk_IBUF_inst/O
                         net (fo=1, routed)           0.685     1.099    Clk_IBUF
    BUFGCTRL_X0Y0        BUFG (Prop_bufg_I_O)         0.029     1.128 r  Clk_IBUF_BUFG_inst/O
                         net (fo=33, routed)          0.830     1.957    SlowClk/Clk_IBUF_BUFG
    SLICE_X53Y16         FDRE                                         r  SlowClk/count_reg[12]/C
                         clock pessimism             -0.513     1.444    
    SLICE_X53Y16         FDRE (Hold_fdre_C_D)         0.105     1.549    SlowClk/count_reg[12]
  -------------------------------------------------------------------
                         required time                         -1.549    
                         arrival time                           1.812    
  -------------------------------------------------------------------
                         slack                                  0.263    

Slack (MET) :             0.263ns  (arrival time - required time)
  Source:                 SlowClk/count_reg[16]/C
                            (rising edge-triggered cell FDRE clocked by sys_clk_pin  {rise@0.000ns fall@5.000ns period=10.000ns})
  Destination:            SlowClk/count_reg[16]/D
                            (rising edge-triggered cell FDRE clocked by sys_clk_pin  {rise@0.000ns fall@5.000ns period=10.000ns})
  Path Group:             sys_clk_pin
  Path Type:              Hold (Min at Fast Process Corner)
  Requirement:            0.000ns  (sys_clk_pin rise@0.000ns - sys_clk_pin rise@0.000ns)
  Data Path Delay:        0.368ns  (logic 0.249ns (67.612%)  route 0.119ns (32.388%))
  Logic Levels:           1  (CARRY4=1)
  Clock Path Skew:        0.000ns (DCD - SCD - CPR)
    Destination Clock Delay (DCD):    1.956ns
    Source Clock Delay      (SCD):    1.443ns
    Clock Pessimism Removal (CPR):    0.513ns

    Location             Delay type                Incr(ns)  Path(ns)    Netlist Resource(s)
  -------------------------------------------------------------------    -------------------
                         (clock sys_clk_pin rise edge)
                                                      0.000     0.000 r  
    W5                                                0.000     0.000 r  Clk (IN)
                         net (fo=0)                   0.000     0.000    Clk
    W5                   IBUF (Prop_ibuf_I_O)         0.226     0.226 r  Clk_IBUF_inst/O
                         net (fo=1, routed)           0.631     0.858    Clk_IBUF
    BUFGCTRL_X0Y0        BUFG (Prop_bufg_I_O)         0.026     0.884 r  Clk_IBUF_BUFG_inst/O
                         net (fo=33, routed)          0.560     1.443    SlowClk/Clk_IBUF_BUFG
    SLICE_X53Y17         FDRE                                         r  SlowClk/count_reg[16]/C
  -------------------------------------------------------------------    -------------------
    SLICE_X53Y17         FDRE (Prop_fdre_C_Q)         0.141     1.584 r  SlowClk/count_reg[16]/Q
                         net (fo=2, routed)           0.119     1.703    SlowClk/count[16]
    SLICE_X53Y17         CARRY4 (Prop_carry4_S[3]_O[3])
                                                      0.108     1.811 r  SlowClk/count_reg[16]_i_1/O[3]
                         net (fo=1, routed)           0.000     1.811    SlowClk/data0[16]
    SLICE_X53Y17         FDRE                                         r  SlowClk/count_reg[16]/D
  -------------------------------------------------------------------    -------------------

                         (clock sys_clk_pin rise edge)
                                                      0.000     0.000 r  
    W5                                                0.000     0.000 r  Clk (IN)
                         net (fo=0)                   0.000     0.000    Clk
    W5                   IBUF (Prop_ibuf_I_O)         0.414     0.414 r  Clk_IBUF_inst/O
                         net (fo=1, routed)           0.685     1.099    Clk_IBUF
    BUFGCTRL_X0Y0        BUFG (Prop_bufg_I_O)         0.029     1.128 r  Clk_IBUF_BUFG_inst/O
                         net (fo=33, routed)          0.829     1.956    SlowClk/Clk_IBUF_BUFG
    SLICE_X53Y17         FDRE                                         r  SlowClk/count_reg[16]/C
                         clock pessimism             -0.513     1.443    
    SLICE_X53Y17         FDRE (Hold_fdre_C_D)         0.105     1.548    SlowClk/count_reg[16]
  -------------------------------------------------------------------
                         required time                         -1.548    
                         arrival time                           1.811    
  -------------------------------------------------------------------
                         slack                                  0.263    

Slack (MET) :             0.263ns  (arrival time - required time)
  Source:                 SlowClk/count_reg[20]/C
                            (rising edge-triggered cell FDRE clocked by sys_clk_pin  {rise@0.000ns fall@5.000ns period=10.000ns})
  Destination:            SlowClk/count_reg[20]/D
                            (rising edge-triggered cell FDRE clocked by sys_clk_pin  {rise@0.000ns fall@5.000ns period=10.000ns})
  Path Group:             sys_clk_pin
  Path Type:              Hold (Min at Fast Process Corner)
  Requirement:            0.000ns  (sys_clk_pin rise@0.000ns - sys_clk_pin rise@0.000ns)
  Data Path Delay:        0.368ns  (logic 0.249ns (67.612%)  route 0.119ns (32.388%))
  Logic Levels:           1  (CARRY4=1)
  Clock Path Skew:        0.000ns (DCD - SCD - CPR)
    Destination Clock Delay (DCD):    1.955ns
    Source Clock Delay      (SCD):    1.442ns
    Clock Pessimism Removal (CPR):    0.513ns

    Location             Delay type                Incr(ns)  Path(ns)    Netlist Resource(s)
  -------------------------------------------------------------------    -------------------
                         (clock sys_clk_pin rise edge)
                                                      0.000     0.000 r  
    W5                                                0.000     0.000 r  Clk (IN)
                         net (fo=0)                   0.000     0.000    Clk
    W5                   IBUF (Prop_ibuf_I_O)         0.226     0.226 r  Clk_IBUF_inst/O
                         net (fo=1, routed)           0.631     0.858    Clk_IBUF
    BUFGCTRL_X0Y0        BUFG (Prop_bufg_I_O)         0.026     0.884 r  Clk_IBUF_BUFG_inst/O
                         net (fo=33, routed)          0.559     1.442    SlowClk/Clk_IBUF_BUFG
    SLICE_X53Y18         FDRE                                         r  SlowClk/count_reg[20]/C
  -------------------------------------------------------------------    -------------------
    SLICE_X53Y18         FDRE (Prop_fdre_C_Q)         0.141     1.583 r  SlowClk/count_reg[20]/Q
                         net (fo=2, routed)           0.119     1.702    SlowClk/count[20]
    SLICE_X53Y18         CARRY4 (Prop_carry4_S[3]_O[3])
                                                      0.108     1.810 r  SlowClk/count_reg[20]_i_1/O[3]
                         net (fo=1, routed)           0.000     1.810    SlowClk/data0[20]
    SLICE_X53Y18         FDRE                                         r  SlowClk/count_reg[20]/D
  -------------------------------------------------------------------    -------------------

                         (clock sys_clk_pin rise edge)
                                                      0.000     0.000 r  
    W5                                                0.000     0.000 r  Clk (IN)
                         net (fo=0)                   0.000     0.000    Clk
    W5                   IBUF (Prop_ibuf_I_O)         0.414     0.414 r  Clk_IBUF_inst/O
                         net (fo=1, routed)           0.685     1.099    Clk_IBUF
    BUFGCTRL_X0Y0        BUFG (Prop_bufg_I_O)         0.029     1.128 r  Clk_IBUF_BUFG_inst/O
                         net (fo=33, routed)          0.828     1.955    SlowClk/Clk_IBUF_BUFG
    SLICE_X53Y18         FDRE                                         r  SlowClk/count_reg[20]/C
                         clock pessimism             -0.513     1.442    
    SLICE_X53Y18         FDRE (Hold_fdre_C_D)         0.105     1.547    SlowClk/count_reg[20]
  -------------------------------------------------------------------
                         required time                         -1.547    
                         arrival time                           1.810    
  -------------------------------------------------------------------
                         slack                                  0.263    

Slack (MET) :             0.263ns  (arrival time - required time)
  Source:                 SlowClk/count_reg[24]/C
                            (rising edge-triggered cell FDRE clocked by sys_clk_pin  {rise@0.000ns fall@5.000ns period=10.000ns})
  Destination:            SlowClk/count_reg[24]/D
                            (rising edge-triggered cell FDRE clocked by sys_clk_pin  {rise@0.000ns fall@5.000ns period=10.000ns})
  Path Group:             sys_clk_pin
  Path Type:              Hold (Min at Fast Process Corner)
  Requirement:            0.000ns  (sys_clk_pin rise@0.000ns - sys_clk_pin rise@0.000ns)
  Data Path Delay:        0.368ns  (logic 0.249ns (67.612%)  route 0.119ns (32.388%))
  Logic Levels:           1  (CARRY4=1)
  Clock Path Skew:        0.000ns (DCD - SCD - CPR)
    Destination Clock Delay (DCD):    1.954ns
    Source Clock Delay      (SCD):    1.441ns
    Clock Pessimism Removal (CPR):    0.513ns

    Location             Delay type                Incr(ns)  Path(ns)    Netlist Resource(s)
  -------------------------------------------------------------------    -------------------
                         (clock sys_clk_pin rise edge)
                                                      0.000     0.000 r  
    W5                                                0.000     0.000 r  Clk (IN)
                         net (fo=0)                   0.000     0.000    Clk
    W5                   IBUF (Prop_ibuf_I_O)         0.226     0.226 r  Clk_IBUF_inst/O
                         net (fo=1, routed)           0.631     0.858    Clk_IBUF
    BUFGCTRL_X0Y0        BUFG (Prop_bufg_I_O)         0.026     0.884 r  Clk_IBUF_BUFG_inst/O
                         net (fo=33, routed)          0.558     1.441    SlowClk/Clk_IBUF_BUFG
    SLICE_X53Y19         FDRE                                         r  SlowClk/count_reg[24]/C
  -------------------------------------------------------------------    -------------------
    SLICE_X53Y19         FDRE (Prop_fdre_C_Q)         0.141     1.582 r  SlowClk/count_reg[24]/Q
                         net (fo=2, routed)           0.119     1.701    SlowClk/count[24]
    SLICE_X53Y19         CARRY4 (Prop_carry4_S[3]_O[3])
                                                      0.108     1.809 r  SlowClk/count_reg[24]_i_1/O[3]
                         net (fo=1, routed)           0.000     1.809    SlowClk/data0[24]
    SLICE_X53Y19         FDRE                                         r  SlowClk/count_reg[24]/D
  -------------------------------------------------------------------    -------------------

                         (clock sys_clk_pin rise edge)
                                                      0.000     0.000 r  
    W5                                                0.000     0.000 r  Clk (IN)
                         net (fo=0)                   0.000     0.000    Clk
    W5                   IBUF (Prop_ibuf_I_O)         0.414     0.414 r  Clk_IBUF_inst/O
                         net (fo=1, routed)           0.685     1.099    Clk_IBUF
    BUFGCTRL_X0Y0        BUFG (Prop_bufg_I_O)         0.029     1.128 r  Clk_IBUF_BUFG_inst/O
                         net (fo=33, routed)          0.827     1.954    SlowClk/Clk_IBUF_BUFG
    SLICE_X53Y19         FDRE                                         r  SlowClk/count_reg[24]/C
                         clock pessimism             -0.513     1.441    
    SLICE_X53Y19         FDRE (Hold_fdre_C_D)         0.105     1.546    SlowClk/count_reg[24]
  -------------------------------------------------------------------
                         required time                         -1.546    
                         arrival time                           1.809    
  -------------------------------------------------------------------
                         slack                                  0.263    

Slack (MET) :             0.263ns  (arrival time - required time)
  Source:                 SlowClk/count_reg[28]/C
                            (rising edge-triggered cell FDRE clocked by sys_clk_pin  {rise@0.000ns fall@5.000ns period=10.000ns})
  Destination:            SlowClk/count_reg[28]/D
                            (rising edge-triggered cell FDRE clocked by sys_clk_pin  {rise@0.000ns fall@5.000ns period=10.000ns})
  Path Group:             sys_clk_pin
  Path Type:              Hold (Min at Fast Process Corner)
  Requirement:            0.000ns  (sys_clk_pin rise@0.000ns - sys_clk_pin rise@0.000ns)
  Data Path Delay:        0.368ns  (logic 0.249ns (67.612%)  route 0.119ns (32.388%))
  Logic Levels:           1  (CARRY4=1)
  Clock Path Skew:        0.000ns (DCD - SCD - CPR)
    Destination Clock Delay (DCD):    1.953ns
    Source Clock Delay      (SCD):    1.440ns
    Clock Pessimism Removal (CPR):    0.513ns

    Location             Delay type                Incr(ns)  Path(ns)    Netlist Resource(s)
  -------------------------------------------------------------------    -------------------
                         (clock sys_clk_pin rise edge)
                                                      0.000     0.000 r  
    W5                                                0.000     0.000 r  Clk (IN)
                         net (fo=0)                   0.000     0.000    Clk
    W5                   IBUF (Prop_ibuf_I_O)         0.226     0.226 r  Clk_IBUF_inst/O
                         net (fo=1, routed)           0.631     0.858    Clk_IBUF
    BUFGCTRL_X0Y0        BUFG (Prop_bufg_I_O)         0.026     0.884 r  Clk_IBUF_BUFG_inst/O
                         net (fo=33, routed)          0.557     1.440    SlowClk/Clk_IBUF_BUFG
    SLICE_X53Y20         FDRE                                         r  SlowClk/count_reg[28]/C
  -------------------------------------------------------------------    -------------------
    SLICE_X53Y20         FDRE (Prop_fdre_C_Q)         0.141     1.581 r  SlowClk/count_reg[28]/Q
                         net (fo=2, routed)           0.119     1.700    SlowClk/count[28]
    SLICE_X53Y20         CARRY4 (Prop_carry4_S[3]_O[3])
                                                      0.108     1.808 r  SlowClk/count_reg[28]_i_1/O[3]
                         net (fo=1, routed)           0.000     1.808    SlowClk/data0[28]
    SLICE_X53Y20         FDRE                                         r  SlowClk/count_reg[28]/D
  -------------------------------------------------------------------    -------------------

                         (clock sys_clk_pin rise edge)
                                                      0.000     0.000 r  
    W5                                                0.000     0.000 r  Clk (IN)
                         net (fo=0)                   0.000     0.000    Clk
    W5                   IBUF (Prop_ibuf_I_O)         0.414     0.414 r  Clk_IBUF_inst/O
                         net (fo=1, routed)           0.685     1.099    Clk_IBUF
    BUFGCTRL_X0Y0        BUFG (Prop_bufg_I_O)         0.029     1.128 r  Clk_IBUF_BUFG_inst/O
                         net (fo=33, routed)          0.826     1.953    SlowClk/Clk_IBUF_BUFG
    SLICE_X53Y20         FDRE                                         r  SlowClk/count_reg[28]/C
                         clock pessimism             -0.513     1.440    
    SLICE_X53Y20         FDRE (Hold_fdre_C_D)         0.105     1.545    SlowClk/count_reg[28]
  -------------------------------------------------------------------
                         required time                         -1.545    
                         arrival time                           1.808    
  -------------------------------------------------------------------
                         slack                                  0.263    

Slack (MET) :             0.263ns  (arrival time - required time)
  Source:                 SlowClk/count_reg[8]/C
                            (rising edge-triggered cell FDRE clocked by sys_clk_pin  {rise@0.000ns fall@5.000ns period=10.000ns})
  Destination:            SlowClk/count_reg[8]/D
                            (rising edge-triggered cell FDRE clocked by sys_clk_pin  {rise@0.000ns fall@5.000ns period=10.000ns})
  Path Group:             sys_clk_pin
  Path Type:              Hold (Min at Fast Process Corner)
  Requirement:            0.000ns  (sys_clk_pin rise@0.000ns - sys_clk_pin rise@0.000ns)
  Data Path Delay:        0.368ns  (logic 0.249ns (67.612%)  route 0.119ns (32.388%))
  Logic Levels:           1  (CARRY4=1)
  Clock Path Skew:        0.000ns (DCD - SCD - CPR)
    Destination Clock Delay (DCD):    1.958ns
    Source Clock Delay      (SCD):    1.445ns
    Clock Pessimism Removal (CPR):    0.513ns

    Location             Delay type                Incr(ns)  Path(ns)    Netlist Resource(s)
  -------------------------------------------------------------------    -------------------
                         (clock sys_clk_pin rise edge)
                                                      0.000     0.000 r  
    W5                                                0.000     0.000 r  Clk (IN)
                         net (fo=0)                   0.000     0.000    Clk
    W5                   IBUF (Prop_ibuf_I_O)         0.226     0.226 r  Clk_IBUF_inst/O
                         net (fo=1, routed)           0.631     0.858    Clk_IBUF
    BUFGCTRL_X0Y0        BUFG (Prop_bufg_I_O)         0.026     0.884 r  Clk_IBUF_BUFG_inst/O
                         net (fo=33, routed)          0.562     1.445    SlowClk/Clk_IBUF_BUFG
    SLICE_X53Y15         FDRE                                         r  SlowClk/count_reg[8]/C
  -------------------------------------------------------------------    -------------------
    SLICE_X53Y15         FDRE (Prop_fdre_C_Q)         0.141     1.586 r  SlowClk/count_reg[8]/Q
                         net (fo=2, routed)           0.119     1.705    SlowClk/count[8]
    SLICE_X53Y15         CARRY4 (Prop_carry4_S[3]_O[3])
                                                      0.108     1.813 r  SlowClk/count_reg[8]_i_1/O[3]
                         net (fo=1, routed)           0.000     1.813    SlowClk/data0[8]
    SLICE_X53Y15         FDRE                                         r  SlowClk/count_reg[8]/D
  -------------------------------------------------------------------    -------------------

                         (clock sys_clk_pin rise edge)
                                                      0.000     0.000 r  
    W5                                                0.000     0.000 r  Clk (IN)
                         net (fo=0)                   0.000     0.000    Clk
    W5                   IBUF (Prop_ibuf_I_O)         0.414     0.414 r  Clk_IBUF_inst/O
                         net (fo=1, routed)           0.685     1.099    Clk_IBUF
    BUFGCTRL_X0Y0        BUFG (Prop_bufg_I_O)         0.029     1.128 r  Clk_IBUF_BUFG_inst/O
                         net (fo=33, routed)          0.831     1.958    SlowClk/Clk_IBUF_BUFG
    SLICE_X53Y15         FDRE                                         r  SlowClk/count_reg[8]/C
                         clock pessimism             -0.513     1.445    
    SLICE_X53Y15         FDRE (Hold_fdre_C_D)         0.105     1.550    SlowClk/count_reg[8]
  -------------------------------------------------------------------
                         required time                         -1.550    
                         arrival time                           1.813    
  -------------------------------------------------------------------
                         slack                                  0.263    

Slack (MET) :             0.267ns  (arrival time - required time)
  Source:                 SlowClk/count_reg[5]/C
                            (rising edge-triggered cell FDRE clocked by sys_clk_pin  {rise@0.000ns fall@5.000ns period=10.000ns})
  Destination:            SlowClk/count_reg[5]/D
                            (rising edge-triggered cell FDRE clocked by sys_clk_pin  {rise@0.000ns fall@5.000ns period=10.000ns})
  Path Group:             sys_clk_pin
  Path Type:              Hold (Min at Fast Process Corner)
  Requirement:            0.000ns  (sys_clk_pin rise@0.000ns - sys_clk_pin rise@0.000ns)
  Data Path Delay:        0.372ns  (logic 0.256ns (68.804%)  route 0.116ns (31.196%))
  Logic Levels:           1  (CARRY4=1)
  Clock Path Skew:        0.000ns (DCD - SCD - CPR)
    Destination Clock Delay (DCD):    1.958ns
    Source Clock Delay      (SCD):    1.445ns
    Clock Pessimism Removal (CPR):    0.513ns

    Location             Delay type                Incr(ns)  Path(ns)    Netlist Resource(s)
  -------------------------------------------------------------------    -------------------
                         (clock sys_clk_pin rise edge)
                                                      0.000     0.000 r  
    W5                                                0.000     0.000 r  Clk (IN)
                         net (fo=0)                   0.000     0.000    Clk
    W5                   IBUF (Prop_ibuf_I_O)         0.226     0.226 r  Clk_IBUF_inst/O
                         net (fo=1, routed)           0.631     0.858    Clk_IBUF
    BUFGCTRL_X0Y0        BUFG (Prop_bufg_I_O)         0.026     0.884 r  Clk_IBUF_BUFG_inst/O
                         net (fo=33, routed)          0.562     1.445    SlowClk/Clk_IBUF_BUFG
    SLICE_X53Y15         FDRE                                         r  SlowClk/count_reg[5]/C
  -------------------------------------------------------------------    -------------------
    SLICE_X53Y15         FDRE (Prop_fdre_C_Q)         0.141     1.586 r  SlowClk/count_reg[5]/Q
                         net (fo=2, routed)           0.116     1.702    SlowClk/count[5]
    SLICE_X53Y15         CARRY4 (Prop_carry4_S[0]_O[0])
                                                      0.115     1.817 r  SlowClk/count_reg[8]_i_1/O[0]
                         net (fo=1, routed)           0.000     1.817    SlowClk/data0[5]
    SLICE_X53Y15         FDRE                                         r  SlowClk/count_reg[5]/D
  -------------------------------------------------------------------    -------------------

                         (clock sys_clk_pin rise edge)
                                                      0.000     0.000 r  
    W5                                                0.000     0.000 r  Clk (IN)
                         net (fo=0)                   0.000     0.000    Clk
    W5                   IBUF (Prop_ibuf_I_O)         0.414     0.414 r  Clk_IBUF_inst/O
                         net (fo=1, routed)           0.685     1.099    Clk_IBUF
    BUFGCTRL_X0Y0        BUFG (Prop_bufg_I_O)         0.029     1.128 r  Clk_IBUF_BUFG_inst/O
                         net (fo=33, routed)          0.831     1.958    SlowClk/Clk_IBUF_BUFG
    SLICE_X53Y15         FDRE                                         r  SlowClk/count_reg[5]/C
                         clock pessimism             -0.513     1.445    
    SLICE_X53Y15         FDRE (Hold_fdre_C_D)         0.105     1.550    SlowClk/count_reg[5]
  -------------------------------------------------------------------
                         required time                         -1.550    
                         arrival time                           1.817    
  -------------------------------------------------------------------
                         slack                                  0.267    

Slack (MET) :             0.267ns  (arrival time - required time)
  Source:                 SlowClk/count_reg[15]/C
                            (rising edge-triggered cell FDRE clocked by sys_clk_pin  {rise@0.000ns fall@5.000ns period=10.000ns})
  Destination:            SlowClk/count_reg[15]/D
                            (rising edge-triggered cell FDRE clocked by sys_clk_pin  {rise@0.000ns fall@5.000ns period=10.000ns})
  Path Group:             sys_clk_pin
  Path Type:              Hold (Min at Fast Process Corner)
  Requirement:            0.000ns  (sys_clk_pin rise@0.000ns - sys_clk_pin rise@0.000ns)
  Data Path Delay:        0.372ns  (logic 0.252ns (67.654%)  route 0.120ns (32.346%))
  Logic Levels:           1  (CARRY4=1)
  Clock Path Skew:        0.000ns (DCD - SCD - CPR)
    Destination Clock Delay (DCD):    1.956ns
    Source Clock Delay      (SCD):    1.443ns
    Clock Pessimism Removal (CPR):    0.513ns

    Location             Delay type                Incr(ns)  Path(ns)    Netlist Resource(s)
  -------------------------------------------------------------------    -------------------
                         (clock sys_clk_pin rise edge)
                                                      0.000     0.000 r  
    W5                                                0.000     0.000 r  Clk (IN)
                         net (fo=0)                   0.000     0.000    Clk
    W5                   IBUF (Prop_ibuf_I_O)         0.226     0.226 r  Clk_IBUF_inst/O
                         net (fo=1, routed)           0.631     0.858    Clk_IBUF
    BUFGCTRL_X0Y0        BUFG (Prop_bufg_I_O)         0.026     0.884 r  Clk_IBUF_BUFG_inst/O
                         net (fo=33, routed)          0.560     1.443    SlowClk/Clk_IBUF_BUFG
    SLICE_X53Y17         FDRE                                         r  SlowClk/count_reg[15]/C
  -------------------------------------------------------------------    -------------------
    SLICE_X53Y17         FDRE (Prop_fdre_C_Q)         0.141     1.584 r  SlowClk/count_reg[15]/Q
                         net (fo=2, routed)           0.120     1.705    SlowClk/count[15]
    SLICE_X53Y17         CARRY4 (Prop_carry4_S[2]_O[2])
                                                      0.111     1.816 r  SlowClk/count_reg[16]_i_1/O[2]
                         net (fo=1, routed)           0.000     1.816    SlowClk/data0[15]
    SLICE_X53Y17         FDRE                                         r  SlowClk/count_reg[15]/D
  -------------------------------------------------------------------    -------------------

                         (clock sys_clk_pin rise edge)
                                                      0.000     0.000 r  
    W5                                                0.000     0.000 r  Clk (IN)
                         net (fo=0)                   0.000     0.000    Clk
    W5                   IBUF (Prop_ibuf_I_O)         0.414     0.414 r  Clk_IBUF_inst/O
                         net (fo=1, routed)           0.685     1.099    Clk_IBUF
    BUFGCTRL_X0Y0        BUFG (Prop_bufg_I_O)         0.029     1.128 r  Clk_IBUF_BUFG_inst/O
                         net (fo=33, routed)          0.829     1.956    SlowClk/Clk_IBUF_BUFG
    SLICE_X53Y17         FDRE                                         r  SlowClk/count_reg[15]/C
                         clock pessimism             -0.513     1.443    
    SLICE_X53Y17         FDRE (Hold_fdre_C_D)         0.105     1.548    SlowClk/count_reg[15]
  -------------------------------------------------------------------
                         required time                         -1.548    
                         arrival time                           1.816    
  -------------------------------------------------------------------
                         slack                                  0.267    

Slack (MET) :             0.267ns  (arrival time - required time)
  Source:                 SlowClk/count_reg[19]/C
                            (rising edge-triggered cell FDRE clocked by sys_clk_pin  {rise@0.000ns fall@5.000ns period=10.000ns})
  Destination:            SlowClk/count_reg[19]/D
                            (rising edge-triggered cell FDRE clocked by sys_clk_pin  {rise@0.000ns fall@5.000ns period=10.000ns})
  Path Group:             sys_clk_pin
  Path Type:              Hold (Min at Fast Process Corner)
  Requirement:            0.000ns  (sys_clk_pin rise@0.000ns - sys_clk_pin rise@0.000ns)
  Data Path Delay:        0.372ns  (logic 0.252ns (67.654%)  route 0.120ns (32.346%))
  Logic Levels:           1  (CARRY4=1)
  Clock Path Skew:        0.000ns (DCD - SCD - CPR)
    Destination Clock Delay (DCD):    1.955ns
    Source Clock Delay      (SCD):    1.442ns
    Clock Pessimism Removal (CPR):    0.513ns

    Location             Delay type                Incr(ns)  Path(ns)    Netlist Resource(s)
  -------------------------------------------------------------------    -------------------
                         (clock sys_clk_pin rise edge)
                                                      0.000     0.000 r  
    W5                                                0.000     0.000 r  Clk (IN)
                         net (fo=0)                   0.000     0.000    Clk
    W5                   IBUF (Prop_ibuf_I_O)         0.226     0.226 r  Clk_IBUF_inst/O
                         net (fo=1, routed)           0.631     0.858    Clk_IBUF
    BUFGCTRL_X0Y0        BUFG (Prop_bufg_I_O)         0.026     0.884 r  Clk_IBUF_BUFG_inst/O
                         net (fo=33, routed)          0.559     1.442    SlowClk/Clk_IBUF_BUFG
    SLICE_X53Y18         FDRE                                         r  SlowClk/count_reg[19]/C
  -------------------------------------------------------------------    -------------------
    SLICE_X53Y18         FDRE (Prop_fdre_C_Q)         0.141     1.583 r  SlowClk/count_reg[19]/Q
                         net (fo=2, routed)           0.120     1.704    SlowClk/count[19]
    SLICE_X53Y18         CARRY4 (Prop_carry4_S[2]_O[2])
                                                      0.111     1.815 r  SlowClk/count_reg[20]_i_1/O[2]
                         net (fo=1, routed)           0.000     1.815    SlowClk/data0[19]
    SLICE_X53Y18         FDRE                                         r  SlowClk/count_reg[19]/D
  -------------------------------------------------------------------    -------------------

                         (clock sys_clk_pin rise edge)
                                                      0.000     0.000 r  
    W5                                                0.000     0.000 r  Clk (IN)
                         net (fo=0)                   0.000     0.000    Clk
    W5                   IBUF (Prop_ibuf_I_O)         0.414     0.414 r  Clk_IBUF_inst/O
                         net (fo=1, routed)           0.685     1.099    Clk_IBUF
    BUFGCTRL_X0Y0        BUFG (Prop_bufg_I_O)         0.029     1.128 r  Clk_IBUF_BUFG_inst/O
                         net (fo=33, routed)          0.828     1.955    SlowClk/Clk_IBUF_BUFG
    SLICE_X53Y18         FDRE                                         r  SlowClk/count_reg[19]/C
                         clock pessimism             -0.513     1.442    
    SLICE_X53Y18         FDRE (Hold_fdre_C_D)         0.105     1.547    SlowClk/count_reg[19]
  -------------------------------------------------------------------
                         required time                         -1.547    
                         arrival time                           1.815    
  -------------------------------------------------------------------
                         slack                                  0.267    





Pulse Width Checks
--------------------------------------------------------------------------------------
Clock Name:         sys_clk_pin
Waveform(ns):       { 0.000 5.000 }
Period(ns):         10.000
Sources:            { Clk }

Check Type        Corner  Lib Pin  Reference Pin  Required(ns)  Actual(ns)  Slack(ns)  Location       Pin
Min Period        n/a     BUFG/I   n/a            2.155         10.000      7.845      BUFGCTRL_X0Y0  Clk_IBUF_BUFG_inst/I
Min Period        n/a     FDRE/C   n/a            1.000         10.000      9.000      SLICE_X52Y13   SlowClk/Clk_status_reg/C
Min Period        n/a     FDRE/C   n/a            1.000         10.000      9.000      SLICE_X52Y13   SlowClk/count_reg[0]/C
Min Period        n/a     FDRE/C   n/a            1.000         10.000      9.000      SLICE_X53Y16   SlowClk/count_reg[10]/C
Min Period        n/a     FDRE/C   n/a            1.000         10.000      9.000      SLICE_X53Y16   SlowClk/count_reg[11]/C
Min Period        n/a     FDRE/C   n/a            1.000         10.000      9.000      SLICE_X53Y16   SlowClk/count_reg[12]/C
Min Period        n/a     FDRE/C   n/a            1.000         10.000      9.000      SLICE_X53Y17   SlowClk/count_reg[13]/C
Min Period        n/a     FDRE/C   n/a            1.000         10.000      9.000      SLICE_X53Y17   SlowClk/count_reg[14]/C
Min Period        n/a     FDRE/C   n/a            1.000         10.000      9.000      SLICE_X53Y17   SlowClk/count_reg[15]/C
Min Period        n/a     FDRE/C   n/a            1.000         10.000      9.000      SLICE_X53Y17   SlowClk/count_reg[16]/C
Low Pulse Width   Slow    FDRE/C   n/a            0.500         5.000       4.500      SLICE_X52Y13   SlowClk/Clk_status_reg/C
Low Pulse Width   Slow    FDRE/C   n/a            0.500         5.000       4.500      SLICE_X52Y13   SlowClk/count_reg[0]/C
Low Pulse Width   Slow    FDRE/C   n/a            0.500         5.000       4.500      SLICE_X53Y14   SlowClk/count_reg[1]/C
Low Pulse Width   Slow    FDRE/C   n/a            0.500         5.000       4.500      SLICE_X53Y14   SlowClk/count_reg[2]/C
Low Pulse Width   Slow    FDRE/C   n/a            0.500         5.000       4.500      SLICE_X53Y14   SlowClk/count_reg[3]/C
Low Pulse Width   Slow    FDRE/C   n/a            0.500         5.000       4.500      SLICE_X53Y14   SlowClk/count_reg[4]/C
Low Pulse Width   Slow    FDRE/C   n/a            0.500         5.000       4.500      SLICE_X53Y15   SlowClk/count_reg[5]/C
Low Pulse Width   Slow    FDRE/C   n/a            0.500         5.000       4.500      SLICE_X53Y15   SlowClk/count_reg[6]/C
Low Pulse Width   Slow    FDRE/C   n/a            0.500         5.000       4.500      SLICE_X53Y15   SlowClk/count_reg[7]/C
Low Pulse Width   Slow    FDRE/C   n/a            0.500         5.000       4.500      SLICE_X53Y15   SlowClk/count_reg[8]/C
High Pulse Width  Fast    FDRE/C   n/a            0.500         5.000       4.500      SLICE_X53Y17   SlowClk/count_reg[13]/C
High Pulse Width  Fast    FDRE/C   n/a            0.500         5.000       4.500      SLICE_X53Y17   SlowClk/count_reg[14]/C
High Pulse Width  Fast    FDRE/C   n/a            0.500         5.000       4.500      SLICE_X53Y17   SlowClk/count_reg[15]/C
High Pulse Width  Fast    FDRE/C   n/a            0.500         5.000       4.500      SLICE_X53Y17   SlowClk/count_reg[16]/C
High Pulse Width  Slow    FDRE/C   n/a            0.500         5.000       4.500      SLICE_X53Y19   SlowClk/count_reg[21]/C
High Pulse Width  Slow    FDRE/C   n/a            0.500         5.000       4.500      SLICE_X53Y19   SlowClk/count_reg[22]/C
High Pulse Width  Slow    FDRE/C   n/a            0.500         5.000       4.500      SLICE_X53Y19   SlowClk/count_reg[23]/C
High Pulse Width  Slow    FDRE/C   n/a            0.500         5.000       4.500      SLICE_X53Y19   SlowClk/count_reg[24]/C
High Pulse Width  Slow    FDRE/C   n/a            0.500         5.000       4.500      SLICE_X53Y20   SlowClk/count_reg[25]/C
High Pulse Width  Slow    FDRE/C   n/a            0.500         5.000       4.500      SLICE_X53Y20   SlowClk/count_reg[26]/C



