Copyright 1986-2018 Xilinx, Inc. All Rights Reserved.
-------------------------------------------------------------------------------------
| Tool Version : Vivado v.2018.2 (win64) Build 2258646 Thu Jun 14 20:03:12 MDT 2018
| Date         : Fri May 16 01:39:37 2025
| Host         : Bimsara running 64-bit major release  (build 9200)
| Command      : report_control_sets -verbose -file Computer_control_sets_placed.rpt
| Design       : Computer
| Device       : xc7a35t
-------------------------------------------------------------------------------------

Control Set Information

Table of Contents
-----------------
1. Summary
2. Histogram
3. Flip-Flop Distribution
4. Detailed Control Set Information

1. Summary
----------

+----------------------------------------------------------+-------+
|                          Status                          | Count |
+----------------------------------------------------------+-------+
| Number of unique control sets                            |     9 |
| Unused register locations in slices containing registers |    14 |
+----------------------------------------------------------+-------+


2. Histogram
------------

+--------+--------------+
| Fanout | Control Sets |
+--------+--------------+
|      4 |            1 |
|      6 |            1 |
|      8 |            5 |
|    16+ |            2 |
+--------+--------------+


3. Flip-Flop Distribution
-------------------------

+--------------+-----------------------+------------------------+-----------------+--------------+
| Clock Enable | Synchronous Set/Reset | Asynchronous Set/Reset | Total Registers | Total Slices |
+--------------+-----------------------+------------------------+-----------------+--------------+
| No           | No                    | No                     |              12 |            5 |
| No           | No                    | Yes                    |               6 |            1 |
| No           | Yes                   | No                     |             112 |           15 |
| Yes          | No                    | No                     |              32 |            5 |
| Yes          | No                    | Yes                    |               0 |            0 |
| Yes          | Yes                   | No                     |               0 |            0 |
+--------------+-----------------------+------------------------+-----------------+--------------+


4. Detailed Control Set Information
-----------------------------------

+---------------------+---------------------------------------+---------------------------+------------------+----------------+
|     Clock Signal    |             Enable Signal             |      Set/Reset Signal     | Slice Load Count | Bel Load Count |
+---------------------+---------------------------------------+---------------------------+------------------+----------------+
|  Driver/SlowClk/CLK |                                       |                           |                1 |              4 |
|  SlowClk/CLK        |                                       | Reset_IBUF                |                1 |              6 |
|  SlowClk/CLK        | NP1/Program_Counter/Q_reg_reg[0][0]   |                           |                1 |              8 |
|  SlowClk/CLK        | NP1/Program_Counter/E[0]              |                           |                1 |              8 |
|  SlowClk/CLK        | NP1/Program_Counter/Q_reg_reg[0]_0[0] |                           |                1 |              8 |
|  SlowClk/CLK        | Reset_IBUF                            |                           |                2 |              8 |
|  Clk_IBUF_BUFG      |                                       |                           |                4 |              8 |
|  Clk_IBUF_BUFG      |                                       | SlowClk/Clk_status        |                7 |             50 |
|  Clk_IBUF_BUFG      |                                       | Driver/SlowClk/Clk_status |                8 |             62 |
+---------------------+---------------------------------------+---------------------------+------------------+----------------+


